<?xml version="1.0" encoding="UTF-8" ?>
<testsuite tests="1" failures="1" name="com.niit.binder.junit.test.ForumJUnitTestCase" time="5.529" errors="0" skipped="0">
  <properties>
    <property name="java.runtime.name" value="Java(TM) SE Runtime Environment"/>
    <property name="sun.boot.library.path" value="C:\Program Files\Java\jdk1.8.0_91\jre\bin"/>
    <property name="java.vm.version" value="25.91-b15"/>
    <property name="java.vm.vendor" value="Oracle Corporation"/>
    <property name="java.vendor.url" value="http://java.oracle.com/"/>
    <property name="path.separator" value=";"/>
    <property name="guice.disable.misplaced.annotation.check" value="true"/>
    <property name="java.vm.name" value="Java HotSpot(TM) Client VM"/>
    <property name="file.encoding.pkg" value="sun.io"/>
    <property name="user.script" value=""/>
    <property name="user.country" value="US"/>
    <property name="sun.java.launcher" value="SUN_STANDARD"/>
    <property name="sun.os.patch.level" value="Service Pack 1"/>
    <property name="java.vm.specification.name" value="Java Virtual Machine Specification"/>
    <property name="user.dir" value="D:\project\BinderServer"/>
    <property name="java.runtime.version" value="1.8.0_91-b15"/>
    <property name="java.awt.graphicsenv" value="sun.awt.Win32GraphicsEnvironment"/>
    <property name="java.endorsed.dirs" value="C:\Program Files\Java\jdk1.8.0_91\jre\lib\endorsed"/>
    <property name="os.arch" value="x86"/>
    <property name="java.io.tmpdir" value="C:\Users\Arpan\AppData\Local\Temp\"/>
    <property name="line.separator" value="
"/>
    <property name="java.vm.specification.vendor" value="Oracle Corporation"/>
    <property name="user.variant" value=""/>
    <property name="os.name" value="Windows 7"/>
    <property name="classworlds.conf" value="D:\project\.metadata\.plugins\org.eclipse.m2e.launching\launches\m2conf2710925117664149231.tmp"/>
    <property name="sun.jnu.encoding" value="Cp1252"/>
    <property name="java.library.path" value="C:\Program Files\Java\jdk1.8.0_91\bin;C:\Windows\Sun\Java\bin;C:\Windows\system32;C:\Windows;C:/Program Files/Java/jdk1.8.0_91/bin/../jre/bin/client;C:/Program Files/Java/jdk1.8.0_91/bin/../jre/bin;C:/Program Files/Java/jdk1.8.0_91/bin/../jre/lib/i386;C:\oraclexe\app\oracle\product\11.2.0\server\bin;;D:\Digital Transformation\Maven\apache-maven-3.1.1\bin;C:\Windows\system32;C:\Windows;C:\Windows\System32\Wbem;C:\Windows\System32\WindowsPowerShell\v1.0\;C:\Program Files\Microsoft SQL Server\100\Tools\Binn\;C:\Program Files\Microsoft SQL Server\100\DTS\Binn\;C:\Program Files\Java\jdk1.8.0_91\bin;C:\Program Files\Skype\Phone\;C:\oraclexe\app\oracle\product\11.2.0\server\bin;;D:\Digital Transformation\Maven\apache-maven-3.1.1\bin;C:\Windows\system32;C:\Windows;C:\Windows\System32\Wbem;C:\Windows\System32\WindowsPowerShell\v1.0\;C:\Program Files\Microsoft SQL Server\100\Tools\Binn\;C:\Program Files\Microsoft SQL Server\100\DTS\Binn\;C:\Program Files\Java\jdk1.8.0_91\bin;C:\Program Files\Skype\Phone\;C:\Program Files\Java\jdk1.8.0_91\bin;D:\Digital Transformation\Apache Tomcat 8.0.27\bin;D:\Digital Transformation\eclipse;;."/>
    <property name="java.specification.name" value="Java Platform API Specification"/>
    <property name="java.class.version" value="52.0"/>
    <property name="sun.management.compiler" value="HotSpot Client Compiler"/>
    <property name="os.version" value="6.1"/>
    <property name="user.home" value="C:\Users\Arpan"/>
    <property name="user.timezone" value="Asia/Calcutta"/>
    <property name="java.awt.printerjob" value="sun.awt.windows.WPrinterJob"/>
    <property name="java.specification.version" value="1.8"/>
    <property name="file.encoding" value="Cp1252"/>
    <property name="user.name" value="Arpan"/>
    <property name="java.class.path" value="D:\Digital Transformation\Maven\apache-maven-3.1.1\boot\plexus-classworlds-2.5.1.jar"/>
    <property name="org.slf4j.simpleLogger.defaultLogLevel" value="info"/>
    <property name="java.vm.specification.version" value="1.8"/>
    <property name="sun.arch.data.model" value="32"/>
    <property name="java.home" value="C:\Program Files\Java\jdk1.8.0_91\jre"/>
    <property name="sun.java.command" value="org.codehaus.plexus.classworlds.launcher.Launcher -B install"/>
    <property name="java.specification.vendor" value="Oracle Corporation"/>
    <property name="user.language" value="en"/>
    <property name="awt.toolkit" value="sun.awt.windows.WToolkit"/>
    <property name="java.vm.info" value="mixed mode"/>
    <property name="java.version" value="1.8.0_91"/>
    <property name="java.ext.dirs" value="C:\Program Files\Java\jdk1.8.0_91\jre\lib\ext;C:\Windows\Sun\Java\lib\ext"/>
    <property name="sun.boot.class.path" value="C:\Program Files\Java\jdk1.8.0_91\jre\lib\resources.jar;C:\Program Files\Java\jdk1.8.0_91\jre\lib\rt.jar;C:\Program Files\Java\jdk1.8.0_91\jre\lib\sunrsasign.jar;C:\Program Files\Java\jdk1.8.0_91\jre\lib\jsse.jar;C:\Program Files\Java\jdk1.8.0_91\jre\lib\jce.jar;C:\Program Files\Java\jdk1.8.0_91\jre\lib\charsets.jar;C:\Program Files\Java\jdk1.8.0_91\jre\lib\jfr.jar;C:\Program Files\Java\jdk1.8.0_91\jre\classes"/>
    <property name="java.vendor" value="Oracle Corporation"/>
    <property name="maven.home" value="D:\Digital Transformation\Maven\apache-maven-3.1.1"/>
    <property name="file.separator" value="\"/>
    <property name="java.vendor.url.bug" value="http://bugreport.sun.com/bugreport/"/>
    <property name="sun.cpu.endian" value="little"/>
    <property name="sun.io.unicode.encoding" value="UnicodeLittle"/>
    <property name="sun.desktop" value="windows"/>
    <property name="sun.cpu.isalist" value="pentium_pro+mmx pentium_pro pentium+mmx pentium i486 i386 i86"/>
  </properties>
  <testcase classname="com.niit.binder.junit.test.ForumJUnitTestCase" name="listForum" time="5.529">
    <failure message="expected:&lt;6&gt; but was:&lt;1&gt;" type="java.lang.AssertionError">java.lang.AssertionError: expected:&lt;6&gt; but was:&lt;1&gt;
	at org.junit.Assert.fail(Assert.java:88)
	at org.junit.Assert.failNotEquals(Assert.java:834)
	at org.junit.Assert.assertEquals(Assert.java:645)
	at org.junit.Assert.assertEquals(Assert.java:631)
	at com.niit.binder.junit.test.ForumJUnitTestCase.listForum(ForumJUnitTestCase.java:38)
	at sun.reflect.NativeMethodAccessorImpl.invoke0(Native Method)
	at sun.reflect.NativeMethodAccessorImpl.invoke(NativeMethodAccessorImpl.java:62)
	at sun.reflect.DelegatingMethodAccessorImpl.invoke(DelegatingMethodAccessorImpl.java:43)
	at java.lang.reflect.Method.invoke(Method.java:498)
	at org.junit.runners.model.FrameworkMethod$1.runReflectiveCall(FrameworkMethod.java:50)
	at org.junit.internal.runners.model.ReflectiveCallable.run(ReflectiveCallable.java:12)
	at org.junit.runners.model.FrameworkMethod.invokeExplosively(FrameworkMethod.java:47)
	at org.junit.internal.runners.statements.InvokeMethod.evaluate(InvokeMethod.java:17)
	at org.junit.internal.runners.statements.RunBefores.evaluate(RunBefores.java:26)
	at org.junit.runners.ParentRunner.runLeaf(ParentRunner.java:325)
	at org.junit.runners.BlockJUnit4ClassRunner.runChild(BlockJUnit4ClassRunner.java:78)
	at org.junit.runners.BlockJUnit4ClassRunner.runChild(BlockJUnit4ClassRunner.java:57)
	at org.junit.runners.ParentRunner$3.run(ParentRunner.java:290)
	at org.junit.runners.ParentRunner$1.schedule(ParentRunner.java:71)
	at org.junit.runners.ParentRunner.runChildren(ParentRunner.java:288)
	at org.junit.runners.ParentRunner.access$000(ParentRunner.java:58)
	at org.junit.runners.ParentRunner$2.evaluate(ParentRunner.java:268)
	at org.junit.runners.ParentRunner.run(ParentRunner.java:363)
	at org.apache.maven.surefire.junit4.JUnit4Provider.execute(JUnit4Provider.java:252)
	at org.apache.maven.surefire.junit4.JUnit4Provider.executeTestSet(JUnit4Provider.java:141)
	at org.apache.maven.surefire.junit4.JUnit4Provider.invoke(JUnit4Provider.java:112)
	at sun.reflect.NativeMethodAccessorImpl.invoke0(Native Method)
	at sun.reflect.NativeMethodAccessorImpl.invoke(NativeMethodAccessorImpl.java:62)
	at sun.reflect.DelegatingMethodAccessorImpl.invoke(DelegatingMethodAccessorImpl.java:43)
	at java.lang.reflect.Method.invoke(Method.java:498)
	at org.apache.maven.surefire.util.ReflectionUtils.invokeMethodWithArray(ReflectionUtils.java:189)
	at org.apache.maven.surefire.booter.ProviderFactory$ProviderProxy.invoke(ProviderFactory.java:165)
	at org.apache.maven.surefire.booter.ProviderFactory.invokeProvider(ProviderFactory.java:85)
	at org.apache.maven.surefire.booter.ForkedBooter.runSuitesInProcess(ForkedBooter.java:115)
	at org.apache.maven.surefire.booter.ForkedBooter.main(ForkedBooter.java:75)
</failure>
    <system-out>2016-11-04 04:25:18 DEBUG StandardEnvironment:109 - Adding [systemProperties] PropertySource with lowest search precedence
2016-11-04 04:25:18 DEBUG StandardEnvironment:109 - Adding [systemEnvironment] PropertySource with lowest search precedence
2016-11-04 04:25:18 DEBUG StandardEnvironment:127 - Initialized StandardEnvironment with PropertySources [systemProperties,systemEnvironment]
2016-11-04 04:25:18 DEBUG PathMatchingResourcePatternResolver:317 - Resolved classpath location [com/niit/] to resources [URL [file:/D:/project/BinderServer/target/test-classes/com/niit/], URL [file:/D:/project/BinderServer/target/classes/com/niit/]]
2016-11-04 04:25:18 DEBUG PathMatchingResourcePatternResolver:711 - Looking for matching resources in directory tree [D:\project\BinderServer\target\test-classes\com\niit]
2016-11-04 04:25:18 DEBUG PathMatchingResourcePatternResolver:773 - Searching directory [D:\project\BinderServer\target\test-classes\com\niit] for files matching pattern [D:/project/BinderServer/target/test-classes/com/niit/**/*.class]
2016-11-04 04:25:18 DEBUG PathMatchingResourcePatternResolver:773 - Searching directory [D:\project\BinderServer\target\test-classes\com\niit\binder] for files matching pattern [D:/project/BinderServer/target/test-classes/com/niit/**/*.class]
2016-11-04 04:25:18 DEBUG PathMatchingResourcePatternResolver:773 - Searching directory [D:\project\BinderServer\target\test-classes\com\niit\binder\junit] for files matching pattern [D:/project/BinderServer/target/test-classes/com/niit/**/*.class]
2016-11-04 04:25:18 DEBUG PathMatchingResourcePatternResolver:773 - Searching directory [D:\project\BinderServer\target\test-classes\com\niit\binder\junit\test] for files matching pattern [D:/project/BinderServer/target/test-classes/com/niit/**/*.class]
2016-11-04 04:25:18 DEBUG PathMatchingResourcePatternResolver:773 - Searching directory [D:\project\BinderServer\target\test-classes\com\niit\binder\test] for files matching pattern [D:/project/BinderServer/target/test-classes/com/niit/**/*.class]
2016-11-04 04:25:18 DEBUG PathMatchingResourcePatternResolver:711 - Looking for matching resources in directory tree [D:\project\BinderServer\target\classes\com\niit]
2016-11-04 04:25:18 DEBUG PathMatchingResourcePatternResolver:773 - Searching directory [D:\project\BinderServer\target\classes\com\niit] for files matching pattern [D:/project/BinderServer/target/classes/com/niit/**/*.class]
2016-11-04 04:25:18 DEBUG PathMatchingResourcePatternResolver:773 - Searching directory [D:\project\BinderServer\target\classes\com\niit\binder] for files matching pattern [D:/project/BinderServer/target/classes/com/niit/**/*.class]
2016-11-04 04:25:18 DEBUG PathMatchingResourcePatternResolver:773 - Searching directory [D:\project\BinderServer\target\classes\com\niit\binder\config] for files matching pattern [D:/project/BinderServer/target/classes/com/niit/**/*.class]
2016-11-04 04:25:18 DEBUG PathMatchingResourcePatternResolver:773 - Searching directory [D:\project\BinderServer\target\classes\com\niit\binder\controller] for files matching pattern [D:/project/BinderServer/target/classes/com/niit/**/*.class]
2016-11-04 04:25:18 DEBUG PathMatchingResourcePatternResolver:773 - Searching directory [D:\project\BinderServer\target\classes\com\niit\binder\dao] for files matching pattern [D:/project/BinderServer/target/classes/com/niit/**/*.class]
2016-11-04 04:25:18 DEBUG PathMatchingResourcePatternResolver:773 - Searching directory [D:\project\BinderServer\target\classes\com\niit\binder\dao\impl] for files matching pattern [D:/project/BinderServer/target/classes/com/niit/**/*.class]
2016-11-04 04:25:18 DEBUG PathMatchingResourcePatternResolver:773 - Searching directory [D:\project\BinderServer\target\classes\com\niit\binder\model] for files matching pattern [D:/project/BinderServer/target/classes/com/niit/**/*.class]
2016-11-04 04:25:18 DEBUG PathMatchingResourcePatternResolver:483 - Resolved location pattern [classpath*:com/niit/**/*.class] to resources [file [D:\project\BinderServer\target\test-classes\com\niit\binder\junit\test\BlogJUnitTestCase.class], file [D:\project\BinderServer\target\test-classes\com\niit\binder\junit\test\ForumJUnitTestCase.class], file [D:\project\BinderServer\target\test-classes\com\niit\binder\junit\test\JobJUnitTestCase.class], file [D:\project\BinderServer\target\test-classes\com\niit\binder\junit\test\UserJUnitTestCase.class], file [D:\project\BinderServer\target\test-classes\com\niit\binder\test\UserTestCase.class], file [D:\project\BinderServer\target\classes\com\niit\binder\config\ApplicationContextConfig.class], file [D:\project\BinderServer\target\classes\com\niit\binder\controller\BlogController.class], file [D:\project\BinderServer\target\classes\com\niit\binder\controller\EventController.class], file [D:\project\BinderServer\target\classes\com\niit\binder\controller\ForumCommentController.class], file [D:\project\BinderServer\target\classes\com\niit\binder\controller\ForumController.class], file [D:\project\BinderServer\target\classes\com\niit\binder\controller\FriendController.class], file [D:\project\BinderServer\target\classes\com\niit\binder\controller\JobController.class], file [D:\project\BinderServer\target\classes\com\niit\binder\controller\MyController.class], file [D:\project\BinderServer\target\classes\com\niit\binder\controller\UserController.class], file [D:\project\BinderServer\target\classes\com\niit\binder\dao\BlogDAO.class], file [D:\project\BinderServer\target\classes\com\niit\binder\dao\ChatDAO.class], file [D:\project\BinderServer\target\classes\com\niit\binder\dao\EventDAO.class], file [D:\project\BinderServer\target\classes\com\niit\binder\dao\ForumCommentDAO.class], file [D:\project\BinderServer\target\classes\com\niit\binder\dao\ForumDAO.class], file [D:\project\BinderServer\target\classes\com\niit\binder\dao\FriendDAO.class], file [D:\project\BinderServer\target\classes\com\niit\binder\dao\impl\BlogDAOImpl.class], file [D:\project\BinderServer\target\classes\com\niit\binder\dao\impl\ChatDAOImpl.class], file [D:\project\BinderServer\target\classes\com\niit\binder\dao\impl\EventDAOImpl.class], file [D:\project\BinderServer\target\classes\com\niit\binder\dao\impl\ForumCommentDAOImpl.class], file [D:\project\BinderServer\target\classes\com\niit\binder\dao\impl\ForumDAOImpl.class], file [D:\project\BinderServer\target\classes\com\niit\binder\dao\impl\FriendDAOImpl.class], file [D:\project\BinderServer\target\classes\com\niit\binder\dao\impl\JobDAOImpl.class], file [D:\project\BinderServer\target\classes\com\niit\binder\dao\impl\UserDAOImpl.class], file [D:\project\BinderServer\target\classes\com\niit\binder\dao\JobDAO.class], file [D:\project\BinderServer\target\classes\com\niit\binder\dao\UserDAO.class], file [D:\project\BinderServer\target\classes\com\niit\binder\model\BaseDomain.class], file [D:\project\BinderServer\target\classes\com\niit\binder\model\Blog.class], file [D:\project\BinderServer\target\classes\com\niit\binder\model\Chat.class], file [D:\project\BinderServer\target\classes\com\niit\binder\model\Event.class], file [D:\project\BinderServer\target\classes\com\niit\binder\model\Forum.class], file [D:\project\BinderServer\target\classes\com\niit\binder\model\ForumComment.class], file [D:\project\BinderServer\target\classes\com\niit\binder\model\Friend.class], file [D:\project\BinderServer\target\classes\com\niit\binder\model\Job.class], file [D:\project\BinderServer\target\classes\com\niit\binder\model\JobApplication.class], file [D:\project\BinderServer\target\classes\com\niit\binder\model\Users.class]]
2016-11-04 04:25:18 DEBUG ClassPathBeanDefinitionScanner:286 - Identified candidate component class: file [D:\project\BinderServer\target\classes\com\niit\binder\config\ApplicationContextConfig.class]
2016-11-04 04:25:18 DEBUG ClassPathBeanDefinitionScanner:286 - Identified candidate component class: file [D:\project\BinderServer\target\classes\com\niit\binder\controller\BlogController.class]
2016-11-04 04:25:18 DEBUG ClassPathBeanDefinitionScanner:286 - Identified candidate component class: file [D:\project\BinderServer\target\classes\com\niit\binder\controller\EventController.class]
2016-11-04 04:25:18 DEBUG ClassPathBeanDefinitionScanner:286 - Identified candidate component class: file [D:\project\BinderServer\target\classes\com\niit\binder\controller\ForumCommentController.class]
2016-11-04 04:25:18 DEBUG ClassPathBeanDefinitionScanner:286 - Identified candidate component class: file [D:\project\BinderServer\target\classes\com\niit\binder\controller\ForumController.class]
2016-11-04 04:25:18 DEBUG ClassPathBeanDefinitionScanner:286 - Identified candidate component class: file [D:\project\BinderServer\target\classes\com\niit\binder\controller\FriendController.class]
2016-11-04 04:25:18 DEBUG ClassPathBeanDefinitionScanner:286 - Identified candidate component class: file [D:\project\BinderServer\target\classes\com\niit\binder\controller\JobController.class]
2016-11-04 04:25:18 DEBUG ClassPathBeanDefinitionScanner:286 - Identified candidate component class: file [D:\project\BinderServer\target\classes\com\niit\binder\controller\MyController.class]
2016-11-04 04:25:18 DEBUG ClassPathBeanDefinitionScanner:286 - Identified candidate component class: file [D:\project\BinderServer\target\classes\com\niit\binder\controller\UserController.class]
2016-11-04 04:25:18 DEBUG ClassPathBeanDefinitionScanner:292 - Ignored because not a concrete top-level class: file [D:\project\BinderServer\target\classes\com\niit\binder\dao\BlogDAO.class]
2016-11-04 04:25:18 DEBUG ClassPathBeanDefinitionScanner:292 - Ignored because not a concrete top-level class: file [D:\project\BinderServer\target\classes\com\niit\binder\dao\ChatDAO.class]
2016-11-04 04:25:18 DEBUG ClassPathBeanDefinitionScanner:292 - Ignored because not a concrete top-level class: file [D:\project\BinderServer\target\classes\com\niit\binder\dao\EventDAO.class]
2016-11-04 04:25:18 DEBUG ClassPathBeanDefinitionScanner:292 - Ignored because not a concrete top-level class: file [D:\project\BinderServer\target\classes\com\niit\binder\dao\ForumCommentDAO.class]
2016-11-04 04:25:18 DEBUG ClassPathBeanDefinitionScanner:292 - Ignored because not a concrete top-level class: file [D:\project\BinderServer\target\classes\com\niit\binder\dao\ForumDAO.class]
2016-11-04 04:25:18 DEBUG ClassPathBeanDefinitionScanner:292 - Ignored because not a concrete top-level class: file [D:\project\BinderServer\target\classes\com\niit\binder\dao\FriendDAO.class]
2016-11-04 04:25:18 DEBUG ClassPathBeanDefinitionScanner:286 - Identified candidate component class: file [D:\project\BinderServer\target\classes\com\niit\binder\dao\impl\BlogDAOImpl.class]
2016-11-04 04:25:18 DEBUG ClassPathBeanDefinitionScanner:286 - Identified candidate component class: file [D:\project\BinderServer\target\classes\com\niit\binder\dao\impl\ChatDAOImpl.class]
2016-11-04 04:25:18 DEBUG ClassPathBeanDefinitionScanner:286 - Identified candidate component class: file [D:\project\BinderServer\target\classes\com\niit\binder\dao\impl\EventDAOImpl.class]
2016-11-04 04:25:18 DEBUG ClassPathBeanDefinitionScanner:286 - Identified candidate component class: file [D:\project\BinderServer\target\classes\com\niit\binder\dao\impl\ForumCommentDAOImpl.class]
2016-11-04 04:25:18 DEBUG ClassPathBeanDefinitionScanner:286 - Identified candidate component class: file [D:\project\BinderServer\target\classes\com\niit\binder\dao\impl\ForumDAOImpl.class]
2016-11-04 04:25:18 DEBUG ClassPathBeanDefinitionScanner:286 - Identified candidate component class: file [D:\project\BinderServer\target\classes\com\niit\binder\dao\impl\FriendDAOImpl.class]
2016-11-04 04:25:18 DEBUG ClassPathBeanDefinitionScanner:286 - Identified candidate component class: file [D:\project\BinderServer\target\classes\com\niit\binder\dao\impl\JobDAOImpl.class]
2016-11-04 04:25:18 DEBUG ClassPathBeanDefinitionScanner:286 - Identified candidate component class: file [D:\project\BinderServer\target\classes\com\niit\binder\dao\impl\UserDAOImpl.class]
2016-11-04 04:25:18 DEBUG ClassPathBeanDefinitionScanner:292 - Ignored because not a concrete top-level class: file [D:\project\BinderServer\target\classes\com\niit\binder\dao\JobDAO.class]
2016-11-04 04:25:18 DEBUG ClassPathBeanDefinitionScanner:292 - Ignored because not a concrete top-level class: file [D:\project\BinderServer\target\classes\com\niit\binder\dao\UserDAO.class]
2016-11-04 04:25:18 DEBUG ClassPathBeanDefinitionScanner:286 - Identified candidate component class: file [D:\project\BinderServer\target\classes\com\niit\binder\model\BaseDomain.class]
2016-11-04 04:25:18 DEBUG ClassPathBeanDefinitionScanner:286 - Identified candidate component class: file [D:\project\BinderServer\target\classes\com\niit\binder\model\Blog.class]
2016-11-04 04:25:18 DEBUG ClassPathBeanDefinitionScanner:286 - Identified candidate component class: file [D:\project\BinderServer\target\classes\com\niit\binder\model\Chat.class]
2016-11-04 04:25:18 DEBUG ClassPathBeanDefinitionScanner:286 - Identified candidate component class: file [D:\project\BinderServer\target\classes\com\niit\binder\model\Event.class]
2016-11-04 04:25:18 DEBUG ClassPathBeanDefinitionScanner:286 - Identified candidate component class: file [D:\project\BinderServer\target\classes\com\niit\binder\model\Forum.class]
2016-11-04 04:25:18 DEBUG ClassPathBeanDefinitionScanner:286 - Identified candidate component class: file [D:\project\BinderServer\target\classes\com\niit\binder\model\ForumComment.class]
2016-11-04 04:25:18 DEBUG ClassPathBeanDefinitionScanner:286 - Identified candidate component class: file [D:\project\BinderServer\target\classes\com\niit\binder\model\Friend.class]
2016-11-04 04:25:18 DEBUG ClassPathBeanDefinitionScanner:286 - Identified candidate component class: file [D:\project\BinderServer\target\classes\com\niit\binder\model\Job.class]
2016-11-04 04:25:18 DEBUG ClassPathBeanDefinitionScanner:286 - Identified candidate component class: file [D:\project\BinderServer\target\classes\com\niit\binder\model\JobApplication.class]
2016-11-04 04:25:18 DEBUG ClassPathBeanDefinitionScanner:286 - Identified candidate component class: file [D:\project\BinderServer\target\classes\com\niit\binder\model\Users.class]
2016-11-04 04:25:19 INFO  AnnotationConfigApplicationContext:581 - Refreshing org.springframework.context.annotation.AnnotationConfigApplicationContext@4a765: startup date [Fri Nov 04 04:25:18 IST 2016]; root of context hierarchy
2016-11-04 04:25:19 DEBUG AnnotationConfigApplicationContext:615 - Bean factory for org.springframework.context.annotation.AnnotationConfigApplicationContext@4a765: org.springframework.beans.factory.support.DefaultListableBeanFactory@164985f: defining beans [org.springframework.context.annotation.internalConfigurationAnnotationProcessor,org.springframework.context.annotation.internalAutowiredAnnotationProcessor,org.springframework.context.annotation.internalRequiredAnnotationProcessor,org.springframework.context.annotation.internalCommonAnnotationProcessor,org.springframework.context.annotation.internalPersistenceAnnotationProcessor,org.springframework.context.event.internalEventListenerProcessor,org.springframework.context.event.internalEventListenerFactory,applicationContextConfig,blogController,eventController,forumCommentController,forumController,friendController,jobController,myController,userController,blogDAO,chatDAO,eventDAO,forumCommentDAO,forumDAO,friendDAO,jobDAO,userDAO,baseDomain,blog,chat,event,forum,forumComment,friend,job,jobApplication,users]; root of factory hierarchy
2016-11-04 04:25:19 DEBUG DefaultListableBeanFactory:221 - Creating shared instance of singleton bean &apos;org.springframework.context.annotation.internalConfigurationAnnotationProcessor&apos;
2016-11-04 04:25:19 DEBUG DefaultListableBeanFactory:448 - Creating instance of bean &apos;org.springframework.context.annotation.internalConfigurationAnnotationProcessor&apos;
2016-11-04 04:25:19 DEBUG DefaultListableBeanFactory:529 - Eagerly caching bean &apos;org.springframework.context.annotation.internalConfigurationAnnotationProcessor&apos; to allow for resolving potential circular references
2016-11-04 04:25:19 DEBUG DefaultListableBeanFactory:484 - Finished creating instance of bean &apos;org.springframework.context.annotation.internalConfigurationAnnotationProcessor&apos;
2016-11-04 04:25:19 DEBUG StandardEnvironment:109 - Adding [systemProperties] PropertySource with lowest search precedence
2016-11-04 04:25:19 DEBUG StandardEnvironment:109 - Adding [systemEnvironment] PropertySource with lowest search precedence
2016-11-04 04:25:19 DEBUG StandardEnvironment:127 - Initialized StandardEnvironment with PropertySources [systemProperties,systemEnvironment]
2016-11-04 04:25:19 DEBUG PathMatchingResourcePatternResolver:317 - Resolved classpath location [com/niit/binder/] to resources [URL [file:/D:/project/BinderServer/target/test-classes/com/niit/binder/], URL [file:/D:/project/BinderServer/target/classes/com/niit/binder/]]
2016-11-04 04:25:19 DEBUG PathMatchingResourcePatternResolver:711 - Looking for matching resources in directory tree [D:\project\BinderServer\target\test-classes\com\niit\binder]
2016-11-04 04:25:19 DEBUG PathMatchingResourcePatternResolver:773 - Searching directory [D:\project\BinderServer\target\test-classes\com\niit\binder] for files matching pattern [D:/project/BinderServer/target/test-classes/com/niit/binder/**/*.class]
2016-11-04 04:25:19 DEBUG PathMatchingResourcePatternResolver:773 - Searching directory [D:\project\BinderServer\target\test-classes\com\niit\binder\junit] for files matching pattern [D:/project/BinderServer/target/test-classes/com/niit/binder/**/*.class]
2016-11-04 04:25:19 DEBUG PathMatchingResourcePatternResolver:773 - Searching directory [D:\project\BinderServer\target\test-classes\com\niit\binder\junit\test] for files matching pattern [D:/project/BinderServer/target/test-classes/com/niit/binder/**/*.class]
2016-11-04 04:25:19 DEBUG PathMatchingResourcePatternResolver:773 - Searching directory [D:\project\BinderServer\target\test-classes\com\niit\binder\test] for files matching pattern [D:/project/BinderServer/target/test-classes/com/niit/binder/**/*.class]
2016-11-04 04:25:19 DEBUG PathMatchingResourcePatternResolver:711 - Looking for matching resources in directory tree [D:\project\BinderServer\target\classes\com\niit\binder]
2016-11-04 04:25:19 DEBUG PathMatchingResourcePatternResolver:773 - Searching directory [D:\project\BinderServer\target\classes\com\niit\binder] for files matching pattern [D:/project/BinderServer/target/classes/com/niit/binder/**/*.class]
2016-11-04 04:25:19 DEBUG PathMatchingResourcePatternResolver:773 - Searching directory [D:\project\BinderServer\target\classes\com\niit\binder\config] for files matching pattern [D:/project/BinderServer/target/classes/com/niit/binder/**/*.class]
2016-11-04 04:25:19 DEBUG PathMatchingResourcePatternResolver:773 - Searching directory [D:\project\BinderServer\target\classes\com\niit\binder\controller] for files matching pattern [D:/project/BinderServer/target/classes/com/niit/binder/**/*.class]
2016-11-04 04:25:19 DEBUG PathMatchingResourcePatternResolver:773 - Searching directory [D:\project\BinderServer\target\classes\com\niit\binder\dao] for files matching pattern [D:/project/BinderServer/target/classes/com/niit/binder/**/*.class]
2016-11-04 04:25:19 DEBUG PathMatchingResourcePatternResolver:773 - Searching directory [D:\project\BinderServer\target\classes\com\niit\binder\dao\impl] for files matching pattern [D:/project/BinderServer/target/classes/com/niit/binder/**/*.class]
2016-11-04 04:25:19 DEBUG PathMatchingResourcePatternResolver:773 - Searching directory [D:\project\BinderServer\target\classes\com\niit\binder\model] for files matching pattern [D:/project/BinderServer/target/classes/com/niit/binder/**/*.class]
2016-11-04 04:25:19 DEBUG PathMatchingResourcePatternResolver:483 - Resolved location pattern [classpath*:com/niit/binder/**/*.class] to resources [file [D:\project\BinderServer\target\test-classes\com\niit\binder\junit\test\BlogJUnitTestCase.class], file [D:\project\BinderServer\target\test-classes\com\niit\binder\junit\test\ForumJUnitTestCase.class], file [D:\project\BinderServer\target\test-classes\com\niit\binder\junit\test\JobJUnitTestCase.class], file [D:\project\BinderServer\target\test-classes\com\niit\binder\junit\test\UserJUnitTestCase.class], file [D:\project\BinderServer\target\test-classes\com\niit\binder\test\UserTestCase.class], file [D:\project\BinderServer\target\classes\com\niit\binder\config\ApplicationContextConfig.class], file [D:\project\BinderServer\target\classes\com\niit\binder\controller\BlogController.class], file [D:\project\BinderServer\target\classes\com\niit\binder\controller\EventController.class], file [D:\project\BinderServer\target\classes\com\niit\binder\controller\ForumCommentController.class], file [D:\project\BinderServer\target\classes\com\niit\binder\controller\ForumController.class], file [D:\project\BinderServer\target\classes\com\niit\binder\controller\FriendController.class], file [D:\project\BinderServer\target\classes\com\niit\binder\controller\JobController.class], file [D:\project\BinderServer\target\classes\com\niit\binder\controller\MyController.class], file [D:\project\BinderServer\target\classes\com\niit\binder\controller\UserController.class], file [D:\project\BinderServer\target\classes\com\niit\binder\dao\BlogDAO.class], file [D:\project\BinderServer\target\classes\com\niit\binder\dao\ChatDAO.class], file [D:\project\BinderServer\target\classes\com\niit\binder\dao\EventDAO.class], file [D:\project\BinderServer\target\classes\com\niit\binder\dao\ForumCommentDAO.class], file [D:\project\BinderServer\target\classes\com\niit\binder\dao\ForumDAO.class], file [D:\project\BinderServer\target\classes\com\niit\binder\dao\FriendDAO.class], file [D:\project\BinderServer\target\classes\com\niit\binder\dao\impl\BlogDAOImpl.class], file [D:\project\BinderServer\target\classes\com\niit\binder\dao\impl\ChatDAOImpl.class], file [D:\project\BinderServer\target\classes\com\niit\binder\dao\impl\EventDAOImpl.class], file [D:\project\BinderServer\target\classes\com\niit\binder\dao\impl\ForumCommentDAOImpl.class], file [D:\project\BinderServer\target\classes\com\niit\binder\dao\impl\ForumDAOImpl.class], file [D:\project\BinderServer\target\classes\com\niit\binder\dao\impl\FriendDAOImpl.class], file [D:\project\BinderServer\target\classes\com\niit\binder\dao\impl\JobDAOImpl.class], file [D:\project\BinderServer\target\classes\com\niit\binder\dao\impl\UserDAOImpl.class], file [D:\project\BinderServer\target\classes\com\niit\binder\dao\JobDAO.class], file [D:\project\BinderServer\target\classes\com\niit\binder\dao\UserDAO.class], file [D:\project\BinderServer\target\classes\com\niit\binder\model\BaseDomain.class], file [D:\project\BinderServer\target\classes\com\niit\binder\model\Blog.class], file [D:\project\BinderServer\target\classes\com\niit\binder\model\Chat.class], file [D:\project\BinderServer\target\classes\com\niit\binder\model\Event.class], file [D:\project\BinderServer\target\classes\com\niit\binder\model\Forum.class], file [D:\project\BinderServer\target\classes\com\niit\binder\model\ForumComment.class], file [D:\project\BinderServer\target\classes\com\niit\binder\model\Friend.class], file [D:\project\BinderServer\target\classes\com\niit\binder\model\Job.class], file [D:\project\BinderServer\target\classes\com\niit\binder\model\JobApplication.class], file [D:\project\BinderServer\target\classes\com\niit\binder\model\Users.class]]
2016-11-04 04:25:19 DEBUG ClassPathBeanDefinitionScanner:286 - Identified candidate component class: file [D:\project\BinderServer\target\classes\com\niit\binder\controller\BlogController.class]
2016-11-04 04:25:19 DEBUG ClassPathBeanDefinitionScanner:286 - Identified candidate component class: file [D:\project\BinderServer\target\classes\com\niit\binder\controller\EventController.class]
2016-11-04 04:25:19 DEBUG ClassPathBeanDefinitionScanner:286 - Identified candidate component class: file [D:\project\BinderServer\target\classes\com\niit\binder\controller\ForumCommentController.class]
2016-11-04 04:25:19 DEBUG ClassPathBeanDefinitionScanner:286 - Identified candidate component class: file [D:\project\BinderServer\target\classes\com\niit\binder\controller\ForumController.class]
2016-11-04 04:25:19 DEBUG ClassPathBeanDefinitionScanner:286 - Identified candidate component class: file [D:\project\BinderServer\target\classes\com\niit\binder\controller\FriendController.class]
2016-11-04 04:25:19 DEBUG ClassPathBeanDefinitionScanner:286 - Identified candidate component class: file [D:\project\BinderServer\target\classes\com\niit\binder\controller\JobController.class]
2016-11-04 04:25:19 DEBUG ClassPathBeanDefinitionScanner:286 - Identified candidate component class: file [D:\project\BinderServer\target\classes\com\niit\binder\controller\MyController.class]
2016-11-04 04:25:19 DEBUG ClassPathBeanDefinitionScanner:286 - Identified candidate component class: file [D:\project\BinderServer\target\classes\com\niit\binder\controller\UserController.class]
2016-11-04 04:25:19 DEBUG ClassPathBeanDefinitionScanner:292 - Ignored because not a concrete top-level class: file [D:\project\BinderServer\target\classes\com\niit\binder\dao\BlogDAO.class]
2016-11-04 04:25:19 DEBUG ClassPathBeanDefinitionScanner:292 - Ignored because not a concrete top-level class: file [D:\project\BinderServer\target\classes\com\niit\binder\dao\ChatDAO.class]
2016-11-04 04:25:19 DEBUG ClassPathBeanDefinitionScanner:292 - Ignored because not a concrete top-level class: file [D:\project\BinderServer\target\classes\com\niit\binder\dao\EventDAO.class]
2016-11-04 04:25:19 DEBUG ClassPathBeanDefinitionScanner:292 - Ignored because not a concrete top-level class: file [D:\project\BinderServer\target\classes\com\niit\binder\dao\ForumCommentDAO.class]
2016-11-04 04:25:19 DEBUG ClassPathBeanDefinitionScanner:292 - Ignored because not a concrete top-level class: file [D:\project\BinderServer\target\classes\com\niit\binder\dao\ForumDAO.class]
2016-11-04 04:25:19 DEBUG ClassPathBeanDefinitionScanner:292 - Ignored because not a concrete top-level class: file [D:\project\BinderServer\target\classes\com\niit\binder\dao\FriendDAO.class]
2016-11-04 04:25:19 DEBUG ClassPathBeanDefinitionScanner:286 - Identified candidate component class: file [D:\project\BinderServer\target\classes\com\niit\binder\dao\impl\BlogDAOImpl.class]
2016-11-04 04:25:19 DEBUG ClassPathBeanDefinitionScanner:286 - Identified candidate component class: file [D:\project\BinderServer\target\classes\com\niit\binder\dao\impl\ChatDAOImpl.class]
2016-11-04 04:25:19 DEBUG ClassPathBeanDefinitionScanner:286 - Identified candidate component class: file [D:\project\BinderServer\target\classes\com\niit\binder\dao\impl\EventDAOImpl.class]
2016-11-04 04:25:19 DEBUG ClassPathBeanDefinitionScanner:286 - Identified candidate component class: file [D:\project\BinderServer\target\classes\com\niit\binder\dao\impl\ForumCommentDAOImpl.class]
2016-11-04 04:25:19 DEBUG ClassPathBeanDefinitionScanner:286 - Identified candidate component class: file [D:\project\BinderServer\target\classes\com\niit\binder\dao\impl\ForumDAOImpl.class]
2016-11-04 04:25:19 DEBUG ClassPathBeanDefinitionScanner:286 - Identified candidate component class: file [D:\project\BinderServer\target\classes\com\niit\binder\dao\impl\FriendDAOImpl.class]
2016-11-04 04:25:19 DEBUG ClassPathBeanDefinitionScanner:286 - Identified candidate component class: file [D:\project\BinderServer\target\classes\com\niit\binder\dao\impl\JobDAOImpl.class]
2016-11-04 04:25:19 DEBUG ClassPathBeanDefinitionScanner:286 - Identified candidate component class: file [D:\project\BinderServer\target\classes\com\niit\binder\dao\impl\UserDAOImpl.class]
2016-11-04 04:25:19 DEBUG ClassPathBeanDefinitionScanner:292 - Ignored because not a concrete top-level class: file [D:\project\BinderServer\target\classes\com\niit\binder\dao\JobDAO.class]
2016-11-04 04:25:19 DEBUG ClassPathBeanDefinitionScanner:292 - Ignored because not a concrete top-level class: file [D:\project\BinderServer\target\classes\com\niit\binder\dao\UserDAO.class]
2016-11-04 04:25:19 DEBUG ClassPathBeanDefinitionScanner:286 - Identified candidate component class: file [D:\project\BinderServer\target\classes\com\niit\binder\model\BaseDomain.class]
2016-11-04 04:25:19 DEBUG ClassPathBeanDefinitionScanner:286 - Identified candidate component class: file [D:\project\BinderServer\target\classes\com\niit\binder\model\Blog.class]
2016-11-04 04:25:19 DEBUG ClassPathBeanDefinitionScanner:286 - Identified candidate component class: file [D:\project\BinderServer\target\classes\com\niit\binder\model\Chat.class]
2016-11-04 04:25:19 DEBUG ClassPathBeanDefinitionScanner:286 - Identified candidate component class: file [D:\project\BinderServer\target\classes\com\niit\binder\model\Event.class]
2016-11-04 04:25:19 DEBUG ClassPathBeanDefinitionScanner:286 - Identified candidate component class: file [D:\project\BinderServer\target\classes\com\niit\binder\model\Forum.class]
2016-11-04 04:25:19 DEBUG ClassPathBeanDefinitionScanner:286 - Identified candidate component class: file [D:\project\BinderServer\target\classes\com\niit\binder\model\ForumComment.class]
2016-11-04 04:25:19 DEBUG ClassPathBeanDefinitionScanner:286 - Identified candidate component class: file [D:\project\BinderServer\target\classes\com\niit\binder\model\Friend.class]
2016-11-04 04:25:19 DEBUG ClassPathBeanDefinitionScanner:286 - Identified candidate component class: file [D:\project\BinderServer\target\classes\com\niit\binder\model\Job.class]
2016-11-04 04:25:19 DEBUG ClassPathBeanDefinitionScanner:286 - Identified candidate component class: file [D:\project\BinderServer\target\classes\com\niit\binder\model\JobApplication.class]
2016-11-04 04:25:19 DEBUG ClassPathBeanDefinitionScanner:286 - Identified candidate component class: file [D:\project\BinderServer\target\classes\com\niit\binder\model\Users.class]
2016-11-04 04:25:19 DEBUG ConfigurationClassBeanDefinitionReader:164 - Registered bean definition for imported class &apos;org.springframework.transaction.annotation.ProxyTransactionManagementConfiguration&apos;
2016-11-04 04:25:19 DEBUG ConfigurationClassBeanDefinitionReader:256 - Registering bean definition for @Bean method org.springframework.transaction.annotation.ProxyTransactionManagementConfiguration.org.springframework.transaction.config.internalTransactionAdvisor()
2016-11-04 04:25:19 DEBUG ConfigurationClassBeanDefinitionReader:256 - Registering bean definition for @Bean method org.springframework.transaction.annotation.ProxyTransactionManagementConfiguration.transactionAttributeSource()
2016-11-04 04:25:19 DEBUG ConfigurationClassBeanDefinitionReader:256 - Registering bean definition for @Bean method org.springframework.transaction.annotation.ProxyTransactionManagementConfiguration.transactionInterceptor()
2016-11-04 04:25:19 DEBUG ConfigurationClassBeanDefinitionReader:256 - Registering bean definition for @Bean method org.springframework.transaction.annotation.ProxyTransactionManagementConfiguration.org.springframework.transaction.config.internalTransactionalEventListenerFactory()
2016-11-04 04:25:19 DEBUG ConfigurationClassBeanDefinitionReader:256 - Registering bean definition for @Bean method com.niit.binder.config.ApplicationContextConfig.dataSource()
2016-11-04 04:25:19 DEBUG ConfigurationClassBeanDefinitionReader:256 - Registering bean definition for @Bean method com.niit.binder.config.ApplicationContextConfig.sessionFactory()
2016-11-04 04:25:19 DEBUG ConfigurationClassBeanDefinitionReader:256 - Registering bean definition for @Bean method com.niit.binder.config.ApplicationContextConfig.transactionManager()
2016-11-04 04:25:19 DEBUG ConfigurationClassBeanDefinitionReader:256 - Registering bean definition for @Bean method com.niit.binder.config.ApplicationContextConfig.userDAO()
2016-11-04 04:25:19 INFO  DefaultListableBeanFactory:843 - Overriding bean definition for bean &apos;userDAO&apos; with a different definition: replacing [Generic bean: class [com.niit.binder.dao.impl.UserDAOImpl]; scope=singleton; abstract=false; lazyInit=false; autowireMode=0; dependencyCheck=0; autowireCandidate=true; primary=false; factoryBeanName=null; factoryMethodName=null; initMethodName=null; destroyMethodName=null; defined in file [D:\project\BinderServer\target\classes\com\niit\binder\dao\impl\UserDAOImpl.class]] with [Root bean: class [null]; scope=; abstract=false; lazyInit=false; autowireMode=3; dependencyCheck=0; autowireCandidate=true; primary=false; factoryBeanName=applicationContextConfig; factoryMethodName=getUserDetailsDAO; initMethodName=null; destroyMethodName=(inferred); defined in com.niit.binder.config.ApplicationContextConfig]
2016-11-04 04:25:19 DEBUG ConfigurationClassEnhancer:109 - Successfully enhanced com.niit.binder.config.ApplicationContextConfig; enhanced class name is: com.niit.binder.config.ApplicationContextConfig$$EnhancerBySpringCGLIB$$b947465a
2016-11-04 04:25:19 DEBUG ConfigurationClassPostProcessor:409 - Replacing bean definition &apos;applicationContextConfig&apos; existing class &apos;com.niit.binder.config.ApplicationContextConfig&apos; with enhanced class &apos;com.niit.binder.config.ApplicationContextConfig$$EnhancerBySpringCGLIB$$b947465a&apos;
2016-11-04 04:25:19 DEBUG ConfigurationClassEnhancer:109 - Successfully enhanced org.springframework.transaction.annotation.ProxyTransactionManagementConfiguration; enhanced class name is: org.springframework.transaction.annotation.ProxyTransactionManagementConfiguration$$EnhancerBySpringCGLIB$$dc0ad931
2016-11-04 04:25:19 DEBUG ConfigurationClassPostProcessor:409 - Replacing bean definition &apos;org.springframework.transaction.annotation.ProxyTransactionManagementConfiguration&apos; existing class &apos;org.springframework.transaction.annotation.ProxyTransactionManagementConfiguration&apos; with enhanced class &apos;org.springframework.transaction.annotation.ProxyTransactionManagementConfiguration$$EnhancerBySpringCGLIB$$dc0ad931&apos;
2016-11-04 04:25:19 DEBUG DefaultListableBeanFactory:221 - Creating shared instance of singleton bean &apos;org.springframework.context.annotation.internalAutowiredAnnotationProcessor&apos;
2016-11-04 04:25:19 DEBUG DefaultListableBeanFactory:448 - Creating instance of bean &apos;org.springframework.context.annotation.internalAutowiredAnnotationProcessor&apos;
2016-11-04 04:25:19 DEBUG DefaultListableBeanFactory:529 - Eagerly caching bean &apos;org.springframework.context.annotation.internalAutowiredAnnotationProcessor&apos; to allow for resolving potential circular references
2016-11-04 04:25:19 DEBUG DefaultListableBeanFactory:484 - Finished creating instance of bean &apos;org.springframework.context.annotation.internalAutowiredAnnotationProcessor&apos;
2016-11-04 04:25:19 DEBUG DefaultListableBeanFactory:221 - Creating shared instance of singleton bean &apos;org.springframework.context.annotation.internalRequiredAnnotationProcessor&apos;
2016-11-04 04:25:19 DEBUG DefaultListableBeanFactory:448 - Creating instance of bean &apos;org.springframework.context.annotation.internalRequiredAnnotationProcessor&apos;
2016-11-04 04:25:19 DEBUG DefaultListableBeanFactory:529 - Eagerly caching bean &apos;org.springframework.context.annotation.internalRequiredAnnotationProcessor&apos; to allow for resolving potential circular references
2016-11-04 04:25:19 DEBUG DefaultListableBeanFactory:484 - Finished creating instance of bean &apos;org.springframework.context.annotation.internalRequiredAnnotationProcessor&apos;
2016-11-04 04:25:19 DEBUG DefaultListableBeanFactory:221 - Creating shared instance of singleton bean &apos;org.springframework.context.annotation.internalCommonAnnotationProcessor&apos;
2016-11-04 04:25:19 DEBUG DefaultListableBeanFactory:448 - Creating instance of bean &apos;org.springframework.context.annotation.internalCommonAnnotationProcessor&apos;
2016-11-04 04:25:19 DEBUG DefaultListableBeanFactory:529 - Eagerly caching bean &apos;org.springframework.context.annotation.internalCommonAnnotationProcessor&apos; to allow for resolving potential circular references
2016-11-04 04:25:19 DEBUG DefaultListableBeanFactory:484 - Finished creating instance of bean &apos;org.springframework.context.annotation.internalCommonAnnotationProcessor&apos;
2016-11-04 04:25:19 DEBUG DefaultListableBeanFactory:221 - Creating shared instance of singleton bean &apos;org.springframework.context.annotation.internalPersistenceAnnotationProcessor&apos;
2016-11-04 04:25:19 DEBUG DefaultListableBeanFactory:448 - Creating instance of bean &apos;org.springframework.context.annotation.internalPersistenceAnnotationProcessor&apos;
2016-11-04 04:25:19 DEBUG DefaultListableBeanFactory:529 - Eagerly caching bean &apos;org.springframework.context.annotation.internalPersistenceAnnotationProcessor&apos; to allow for resolving potential circular references
2016-11-04 04:25:19 DEBUG DefaultListableBeanFactory:484 - Finished creating instance of bean &apos;org.springframework.context.annotation.internalPersistenceAnnotationProcessor&apos;
2016-11-04 04:25:19 DEBUG DefaultListableBeanFactory:221 - Creating shared instance of singleton bean &apos;org.springframework.context.annotation.ConfigurationClassPostProcessor.importAwareProcessor&apos;
2016-11-04 04:25:19 DEBUG DefaultListableBeanFactory:448 - Creating instance of bean &apos;org.springframework.context.annotation.ConfigurationClassPostProcessor.importAwareProcessor&apos;
2016-11-04 04:25:19 DEBUG DefaultListableBeanFactory:529 - Eagerly caching bean &apos;org.springframework.context.annotation.ConfigurationClassPostProcessor.importAwareProcessor&apos; to allow for resolving potential circular references
2016-11-04 04:25:19 DEBUG DefaultListableBeanFactory:484 - Finished creating instance of bean &apos;org.springframework.context.annotation.ConfigurationClassPostProcessor.importAwareProcessor&apos;
2016-11-04 04:25:19 DEBUG DefaultListableBeanFactory:221 - Creating shared instance of singleton bean &apos;org.springframework.context.annotation.ConfigurationClassPostProcessor.enhancedConfigurationProcessor&apos;
2016-11-04 04:25:19 DEBUG DefaultListableBeanFactory:448 - Creating instance of bean &apos;org.springframework.context.annotation.ConfigurationClassPostProcessor.enhancedConfigurationProcessor&apos;
2016-11-04 04:25:19 DEBUG DefaultListableBeanFactory:529 - Eagerly caching bean &apos;org.springframework.context.annotation.ConfigurationClassPostProcessor.enhancedConfigurationProcessor&apos; to allow for resolving potential circular references
2016-11-04 04:25:19 DEBUG DefaultListableBeanFactory:484 - Finished creating instance of bean &apos;org.springframework.context.annotation.ConfigurationClassPostProcessor.enhancedConfigurationProcessor&apos;
2016-11-04 04:25:19 DEBUG DefaultListableBeanFactory:221 - Creating shared instance of singleton bean &apos;org.springframework.aop.config.internalAutoProxyCreator&apos;
2016-11-04 04:25:19 DEBUG DefaultListableBeanFactory:448 - Creating instance of bean &apos;org.springframework.aop.config.internalAutoProxyCreator&apos;
2016-11-04 04:25:19 DEBUG DefaultListableBeanFactory:529 - Eagerly caching bean &apos;org.springframework.aop.config.internalAutoProxyCreator&apos; to allow for resolving potential circular references
2016-11-04 04:25:19 DEBUG DefaultListableBeanFactory:484 - Finished creating instance of bean &apos;org.springframework.aop.config.internalAutoProxyCreator&apos;
2016-11-04 04:25:19 DEBUG AnnotationConfigApplicationContext:728 - Unable to locate MessageSource with name &apos;messageSource&apos;: using default [org.springframework.context.support.DelegatingMessageSource@d2a21f]
2016-11-04 04:25:19 DEBUG AnnotationConfigApplicationContext:752 - Unable to locate ApplicationEventMulticaster with name &apos;applicationEventMulticaster&apos;: using default [org.springframework.context.event.SimpleApplicationEventMulticaster@1da8dc5]
2016-11-04 04:25:19 DEBUG DefaultListableBeanFactory:745 - Pre-instantiating singletons in org.springframework.beans.factory.support.DefaultListableBeanFactory@164985f: defining beans [org.springframework.context.annotation.internalConfigurationAnnotationProcessor,org.springframework.context.annotation.internalAutowiredAnnotationProcessor,org.springframework.context.annotation.internalRequiredAnnotationProcessor,org.springframework.context.annotation.internalCommonAnnotationProcessor,org.springframework.context.annotation.internalPersistenceAnnotationProcessor,org.springframework.context.event.internalEventListenerProcessor,org.springframework.context.event.internalEventListenerFactory,applicationContextConfig,blogController,eventController,forumCommentController,forumController,friendController,jobController,myController,userController,blogDAO,chatDAO,eventDAO,forumCommentDAO,forumDAO,friendDAO,jobDAO,userDAO,baseDomain,blog,chat,event,forum,forumComment,friend,job,jobApplication,users,org.springframework.context.annotation.ConfigurationClassPostProcessor.importAwareProcessor,org.springframework.context.annotation.ConfigurationClassPostProcessor.enhancedConfigurationProcessor,org.springframework.transaction.annotation.ProxyTransactionManagementConfiguration,org.springframework.transaction.config.internalTransactionAdvisor,transactionAttributeSource,transactionInterceptor,org.springframework.transaction.config.internalTransactionalEventListenerFactory,dataSource,sessionFactory,transactionManager,org.springframework.aop.config.internalAutoProxyCreator]; root of factory hierarchy
2016-11-04 04:25:19 DEBUG DefaultListableBeanFactory:251 - Returning cached instance of singleton bean &apos;org.springframework.context.annotation.internalConfigurationAnnotationProcessor&apos;
2016-11-04 04:25:19 DEBUG DefaultListableBeanFactory:251 - Returning cached instance of singleton bean &apos;org.springframework.context.annotation.internalAutowiredAnnotationProcessor&apos;
2016-11-04 04:25:19 DEBUG DefaultListableBeanFactory:251 - Returning cached instance of singleton bean &apos;org.springframework.context.annotation.internalRequiredAnnotationProcessor&apos;
2016-11-04 04:25:19 DEBUG DefaultListableBeanFactory:251 - Returning cached instance of singleton bean &apos;org.springframework.context.annotation.internalCommonAnnotationProcessor&apos;
2016-11-04 04:25:19 DEBUG DefaultListableBeanFactory:251 - Returning cached instance of singleton bean &apos;org.springframework.context.annotation.internalPersistenceAnnotationProcessor&apos;
2016-11-04 04:25:19 DEBUG DefaultListableBeanFactory:221 - Creating shared instance of singleton bean &apos;org.springframework.context.event.internalEventListenerProcessor&apos;
2016-11-04 04:25:19 DEBUG DefaultListableBeanFactory:448 - Creating instance of bean &apos;org.springframework.context.event.internalEventListenerProcessor&apos;
2016-11-04 04:25:19 DEBUG DefaultListableBeanFactory:529 - Eagerly caching bean &apos;org.springframework.context.event.internalEventListenerProcessor&apos; to allow for resolving potential circular references
2016-11-04 04:25:19 DEBUG DefaultListableBeanFactory:221 - Creating shared instance of singleton bean &apos;org.springframework.transaction.config.internalTransactionAdvisor&apos;
2016-11-04 04:25:19 DEBUG DefaultListableBeanFactory:448 - Creating instance of bean &apos;org.springframework.transaction.config.internalTransactionAdvisor&apos;
2016-11-04 04:25:19 DEBUG DefaultListableBeanFactory:221 - Creating shared instance of singleton bean &apos;org.springframework.transaction.annotation.ProxyTransactionManagementConfiguration&apos;
2016-11-04 04:25:19 DEBUG DefaultListableBeanFactory:448 - Creating instance of bean &apos;org.springframework.transaction.annotation.ProxyTransactionManagementConfiguration&apos;
2016-11-04 04:25:19 DEBUG InjectionMetadata:72 - Registered injected element on class [org.springframework.transaction.annotation.ProxyTransactionManagementConfiguration$$EnhancerBySpringCGLIB$$dc0ad931]: AutowiredMethodElement for void org.springframework.transaction.annotation.AbstractTransactionManagementConfiguration.setConfigurers(java.util.Collection)
2016-11-04 04:25:19 DEBUG DefaultListableBeanFactory:529 - Eagerly caching bean &apos;org.springframework.transaction.annotation.ProxyTransactionManagementConfiguration&apos; to allow for resolving potential circular references
2016-11-04 04:25:19 DEBUG InjectionMetadata:86 - Processing injected element of bean &apos;org.springframework.transaction.annotation.ProxyTransactionManagementConfiguration&apos;: AutowiredMethodElement for void org.springframework.transaction.annotation.AbstractTransactionManagementConfiguration.setConfigurers(java.util.Collection)
2016-11-04 04:25:19 DEBUG DefaultListableBeanFactory:251 - Returning cached instance of singleton bean &apos;org.springframework.context.annotation.ConfigurationClassPostProcessor.importRegistry&apos;
2016-11-04 04:25:19 DEBUG BeanFactoryAdvisorRetrievalHelper:87 - Skipping currently created advisor &apos;org.springframework.transaction.config.internalTransactionAdvisor&apos;
2016-11-04 04:25:19 DEBUG DefaultListableBeanFactory:484 - Finished creating instance of bean &apos;org.springframework.transaction.annotation.ProxyTransactionManagementConfiguration&apos;
2016-11-04 04:25:19 DEBUG DefaultListableBeanFactory:221 - Creating shared instance of singleton bean &apos;transactionAttributeSource&apos;
2016-11-04 04:25:19 DEBUG DefaultListableBeanFactory:448 - Creating instance of bean &apos;transactionAttributeSource&apos;
2016-11-04 04:25:19 DEBUG DefaultListableBeanFactory:251 - Returning cached instance of singleton bean &apos;org.springframework.transaction.annotation.ProxyTransactionManagementConfiguration&apos;
2016-11-04 04:25:19 DEBUG DefaultListableBeanFactory:529 - Eagerly caching bean &apos;transactionAttributeSource&apos; to allow for resolving potential circular references
2016-11-04 04:25:19 DEBUG BeanFactoryAdvisorRetrievalHelper:87 - Skipping currently created advisor &apos;org.springframework.transaction.config.internalTransactionAdvisor&apos;
2016-11-04 04:25:19 DEBUG DefaultListableBeanFactory:484 - Finished creating instance of bean &apos;transactionAttributeSource&apos;
2016-11-04 04:25:19 DEBUG DefaultListableBeanFactory:221 - Creating shared instance of singleton bean &apos;transactionInterceptor&apos;
2016-11-04 04:25:19 DEBUG DefaultListableBeanFactory:448 - Creating instance of bean &apos;transactionInterceptor&apos;
2016-11-04 04:25:19 DEBUG DefaultListableBeanFactory:251 - Returning cached instance of singleton bean &apos;org.springframework.transaction.annotation.ProxyTransactionManagementConfiguration&apos;
2016-11-04 04:25:19 DEBUG DefaultListableBeanFactory:251 - Returning cached instance of singleton bean &apos;transactionAttributeSource&apos;
2016-11-04 04:25:19 DEBUG DefaultListableBeanFactory:529 - Eagerly caching bean &apos;transactionInterceptor&apos; to allow for resolving potential circular references
2016-11-04 04:25:19 DEBUG DefaultListableBeanFactory:1620 - Invoking afterPropertiesSet() on bean with name &apos;transactionInterceptor&apos;
2016-11-04 04:25:19 DEBUG DefaultListableBeanFactory:484 - Finished creating instance of bean &apos;transactionInterceptor&apos;
2016-11-04 04:25:19 DEBUG DefaultListableBeanFactory:529 - Eagerly caching bean &apos;org.springframework.transaction.config.internalTransactionAdvisor&apos; to allow for resolving potential circular references
2016-11-04 04:25:19 DEBUG DefaultListableBeanFactory:484 - Finished creating instance of bean &apos;org.springframework.transaction.config.internalTransactionAdvisor&apos;
2016-11-04 04:25:19 DEBUG DefaultListableBeanFactory:484 - Finished creating instance of bean &apos;org.springframework.context.event.internalEventListenerProcessor&apos;
2016-11-04 04:25:19 DEBUG DefaultListableBeanFactory:221 - Creating shared instance of singleton bean &apos;org.springframework.context.event.internalEventListenerFactory&apos;
2016-11-04 04:25:19 DEBUG DefaultListableBeanFactory:448 - Creating instance of bean &apos;org.springframework.context.event.internalEventListenerFactory&apos;
2016-11-04 04:25:19 DEBUG DefaultListableBeanFactory:529 - Eagerly caching bean &apos;org.springframework.context.event.internalEventListenerFactory&apos; to allow for resolving potential circular references
2016-11-04 04:25:19 DEBUG DefaultListableBeanFactory:251 - Returning cached instance of singleton bean &apos;org.springframework.transaction.config.internalTransactionAdvisor&apos;
2016-11-04 04:25:19 DEBUG DefaultListableBeanFactory:484 - Finished creating instance of bean &apos;org.springframework.context.event.internalEventListenerFactory&apos;
2016-11-04 04:25:19 DEBUG DefaultListableBeanFactory:221 - Creating shared instance of singleton bean &apos;applicationContextConfig&apos;
2016-11-04 04:25:19 DEBUG DefaultListableBeanFactory:448 - Creating instance of bean &apos;applicationContextConfig&apos;
2016-11-04 04:25:19 DEBUG DefaultListableBeanFactory:529 - Eagerly caching bean &apos;applicationContextConfig&apos; to allow for resolving potential circular references
2016-11-04 04:25:19 DEBUG DefaultListableBeanFactory:251 - Returning cached instance of singleton bean &apos;org.springframework.transaction.config.internalTransactionAdvisor&apos;
2016-11-04 04:25:19 DEBUG DefaultListableBeanFactory:484 - Finished creating instance of bean &apos;applicationContextConfig&apos;
2016-11-04 04:25:19 DEBUG DefaultListableBeanFactory:221 - Creating shared instance of singleton bean &apos;blogController&apos;
2016-11-04 04:25:19 DEBUG DefaultListableBeanFactory:448 - Creating instance of bean &apos;blogController&apos;
2016-11-04 04:25:19 DEBUG InjectionMetadata:72 - Registered injected element on class [com.niit.binder.controller.BlogController]: AutowiredFieldElement for com.niit.binder.dao.BlogDAO com.niit.binder.controller.BlogController.blogDAO
2016-11-04 04:25:19 DEBUG DefaultListableBeanFactory:529 - Eagerly caching bean &apos;blogController&apos; to allow for resolving potential circular references
2016-11-04 04:25:19 DEBUG InjectionMetadata:86 - Processing injected element of bean &apos;blogController&apos;: AutowiredFieldElement for com.niit.binder.dao.BlogDAO com.niit.binder.controller.BlogController.blogDAO
2016-11-04 04:25:19 DEBUG DefaultListableBeanFactory:221 - Creating shared instance of singleton bean &apos;blogDAO&apos;
2016-11-04 04:25:19 DEBUG DefaultListableBeanFactory:448 - Creating instance of bean &apos;blogDAO&apos;
2016-11-04 04:25:19 DEBUG InjectionMetadata:72 - Registered injected element on class [com.niit.binder.dao.impl.BlogDAOImpl]: AutowiredFieldElement for private org.hibernate.SessionFactory com.niit.binder.dao.impl.BlogDAOImpl.sessionFactory
2016-11-04 04:25:19 DEBUG DefaultListableBeanFactory:529 - Eagerly caching bean &apos;blogDAO&apos; to allow for resolving potential circular references
2016-11-04 04:25:19 DEBUG InjectionMetadata:86 - Processing injected element of bean &apos;blogDAO&apos;: AutowiredFieldElement for private org.hibernate.SessionFactory com.niit.binder.dao.impl.BlogDAOImpl.sessionFactory
2016-11-04 04:25:19 DEBUG DefaultListableBeanFactory:221 - Creating shared instance of singleton bean &apos;sessionFactory&apos;
2016-11-04 04:25:19 DEBUG DefaultListableBeanFactory:448 - Creating instance of bean &apos;sessionFactory&apos;
2016-11-04 04:25:19 DEBUG DefaultListableBeanFactory:251 - Returning cached instance of singleton bean &apos;applicationContextConfig&apos;
2016-11-04 04:25:19 DEBUG DefaultListableBeanFactory:221 - Creating shared instance of singleton bean &apos;dataSource&apos;
2016-11-04 04:25:19 DEBUG DefaultListableBeanFactory:448 - Creating instance of bean &apos;dataSource&apos;
2016-11-04 04:25:19 DEBUG DefaultListableBeanFactory:251 - Returning cached instance of singleton bean &apos;applicationContextConfig&apos;
2016-11-04 04:25:20 INFO  DriverManagerDataSource:133 - Loaded JDBC driver: oracle.jdbc.driver.OracleDriver
2016-11-04 04:25:20 DEBUG DefaultListableBeanFactory:529 - Eagerly caching bean &apos;dataSource&apos; to allow for resolving potential circular references
2016-11-04 04:25:20 DEBUG DefaultListableBeanFactory:251 - Returning cached instance of singleton bean &apos;org.springframework.transaction.config.internalTransactionAdvisor&apos;
2016-11-04 04:25:20 DEBUG DefaultListableBeanFactory:484 - Finished creating instance of bean &apos;dataSource&apos;
2016-11-04 04:25:20 DEBUG DefaultListableBeanFactory:757 - Autowiring by type from bean name &apos;sessionFactory&apos; via factory method to bean named &apos;dataSource&apos;
2016-11-04 04:25:20 DEBUG logging:173 - Logging Provider: org.jboss.logging.Log4jLoggerProvider
2016-11-04 04:25:20 DEBUG BasicTypeRegistry:143 - Adding type registration boolean -&gt; org.hibernate.type.BooleanType@1900ecf
2016-11-04 04:25:20 DEBUG BasicTypeRegistry:143 - Adding type registration boolean -&gt; org.hibernate.type.BooleanType@1900ecf
2016-11-04 04:25:20 DEBUG BasicTypeRegistry:143 - Adding type registration java.lang.Boolean -&gt; org.hibernate.type.BooleanType@1900ecf
2016-11-04 04:25:20 DEBUG BasicTypeRegistry:143 - Adding type registration numeric_boolean -&gt; org.hibernate.type.NumericBooleanType@1965d37
2016-11-04 04:25:20 DEBUG BasicTypeRegistry:143 - Adding type registration true_false -&gt; org.hibernate.type.TrueFalseType@b4bc72
2016-11-04 04:25:20 DEBUG BasicTypeRegistry:143 - Adding type registration yes_no -&gt; org.hibernate.type.YesNoType@fb309
2016-11-04 04:25:20 DEBUG BasicTypeRegistry:143 - Adding type registration byte -&gt; org.hibernate.type.ByteType@18e8a9d
2016-11-04 04:25:20 DEBUG BasicTypeRegistry:143 - Adding type registration byte -&gt; org.hibernate.type.ByteType@18e8a9d
2016-11-04 04:25:20 DEBUG BasicTypeRegistry:143 - Adding type registration java.lang.Byte -&gt; org.hibernate.type.ByteType@18e8a9d
2016-11-04 04:25:20 DEBUG BasicTypeRegistry:143 - Adding type registration character -&gt; org.hibernate.type.CharacterType@535154
2016-11-04 04:25:20 DEBUG BasicTypeRegistry:143 - Adding type registration char -&gt; org.hibernate.type.CharacterType@535154
2016-11-04 04:25:20 DEBUG BasicTypeRegistry:143 - Adding type registration java.lang.Character -&gt; org.hibernate.type.CharacterType@535154
2016-11-04 04:25:20 DEBUG BasicTypeRegistry:143 - Adding type registration short -&gt; org.hibernate.type.ShortType@7e3f6
2016-11-04 04:25:20 DEBUG BasicTypeRegistry:143 - Adding type registration short -&gt; org.hibernate.type.ShortType@7e3f6
2016-11-04 04:25:20 DEBUG BasicTypeRegistry:143 - Adding type registration java.lang.Short -&gt; org.hibernate.type.ShortType@7e3f6
2016-11-04 04:25:20 DEBUG BasicTypeRegistry:143 - Adding type registration integer -&gt; org.hibernate.type.IntegerType@12c8e7b
2016-11-04 04:25:20 DEBUG BasicTypeRegistry:143 - Adding type registration int -&gt; org.hibernate.type.IntegerType@12c8e7b
2016-11-04 04:25:20 DEBUG BasicTypeRegistry:143 - Adding type registration java.lang.Integer -&gt; org.hibernate.type.IntegerType@12c8e7b
2016-11-04 04:25:20 DEBUG BasicTypeRegistry:143 - Adding type registration long -&gt; org.hibernate.type.LongType@1bc27f5
2016-11-04 04:25:20 DEBUG BasicTypeRegistry:143 - Adding type registration long -&gt; org.hibernate.type.LongType@1bc27f5
2016-11-04 04:25:20 DEBUG BasicTypeRegistry:143 - Adding type registration java.lang.Long -&gt; org.hibernate.type.LongType@1bc27f5
2016-11-04 04:25:20 DEBUG BasicTypeRegistry:143 - Adding type registration float -&gt; org.hibernate.type.FloatType@fc5f04
2016-11-04 04:25:20 DEBUG BasicTypeRegistry:143 - Adding type registration float -&gt; org.hibernate.type.FloatType@fc5f04
2016-11-04 04:25:20 DEBUG BasicTypeRegistry:143 - Adding type registration java.lang.Float -&gt; org.hibernate.type.FloatType@fc5f04
2016-11-04 04:25:20 DEBUG BasicTypeRegistry:143 - Adding type registration double -&gt; org.hibernate.type.DoubleType@1c7df28
2016-11-04 04:25:20 DEBUG BasicTypeRegistry:143 - Adding type registration double -&gt; org.hibernate.type.DoubleType@1c7df28
2016-11-04 04:25:20 DEBUG BasicTypeRegistry:143 - Adding type registration java.lang.Double -&gt; org.hibernate.type.DoubleType@1c7df28
2016-11-04 04:25:20 DEBUG BasicTypeRegistry:143 - Adding type registration big_decimal -&gt; org.hibernate.type.BigDecimalType@84a914
2016-11-04 04:25:20 DEBUG BasicTypeRegistry:143 - Adding type registration java.math.BigDecimal -&gt; org.hibernate.type.BigDecimalType@84a914
2016-11-04 04:25:20 DEBUG BasicTypeRegistry:143 - Adding type registration big_integer -&gt; org.hibernate.type.BigIntegerType@4927d6
2016-11-04 04:25:20 DEBUG BasicTypeRegistry:143 - Adding type registration java.math.BigInteger -&gt; org.hibernate.type.BigIntegerType@4927d6
2016-11-04 04:25:20 DEBUG BasicTypeRegistry:143 - Adding type registration string -&gt; org.hibernate.type.StringType@1520ea8
2016-11-04 04:25:20 DEBUG BasicTypeRegistry:143 - Adding type registration java.lang.String -&gt; org.hibernate.type.StringType@1520ea8
2016-11-04 04:25:20 DEBUG BasicTypeRegistry:143 - Adding type registration url -&gt; org.hibernate.type.UrlType@182859e
2016-11-04 04:25:20 DEBUG BasicTypeRegistry:143 - Adding type registration java.net.URL -&gt; org.hibernate.type.UrlType@182859e
2016-11-04 04:25:20 DEBUG BasicTypeRegistry:143 - Adding type registration date -&gt; org.hibernate.type.DateType@1857fe2
2016-11-04 04:25:20 DEBUG BasicTypeRegistry:143 - Adding type registration java.sql.Date -&gt; org.hibernate.type.DateType@1857fe2
2016-11-04 04:25:20 DEBUG BasicTypeRegistry:143 - Adding type registration time -&gt; org.hibernate.type.TimeType@57d4dd
2016-11-04 04:25:20 DEBUG BasicTypeRegistry:143 - Adding type registration java.sql.Time -&gt; org.hibernate.type.TimeType@57d4dd
2016-11-04 04:25:20 DEBUG BasicTypeRegistry:143 - Adding type registration timestamp -&gt; org.hibernate.type.TimestampType@100b2f3
2016-11-04 04:25:20 DEBUG BasicTypeRegistry:143 - Adding type registration java.sql.Timestamp -&gt; org.hibernate.type.TimestampType@100b2f3
2016-11-04 04:25:20 DEBUG BasicTypeRegistry:143 - Adding type registration java.util.Date -&gt; org.hibernate.type.TimestampType@100b2f3
2016-11-04 04:25:20 DEBUG BasicTypeRegistry:143 - Adding type registration dbtimestamp -&gt; org.hibernate.type.DbTimestampType@1db2b13
2016-11-04 04:25:20 DEBUG BasicTypeRegistry:143 - Adding type registration calendar -&gt; org.hibernate.type.CalendarType@1687585
2016-11-04 04:25:20 DEBUG BasicTypeRegistry:143 - Adding type registration java.util.Calendar -&gt; org.hibernate.type.CalendarType@1687585
2016-11-04 04:25:20 DEBUG BasicTypeRegistry:143 - Adding type registration java.util.GregorianCalendar -&gt; org.hibernate.type.CalendarType@1687585
2016-11-04 04:25:20 DEBUG BasicTypeRegistry:143 - Adding type registration calendar_date -&gt; org.hibernate.type.CalendarDateType@1b4f2a9
2016-11-04 04:25:20 DEBUG BasicTypeRegistry:143 - Adding type registration locale -&gt; org.hibernate.type.LocaleType@1bc8656
2016-11-04 04:25:20 DEBUG BasicTypeRegistry:143 - Adding type registration java.util.Locale -&gt; org.hibernate.type.LocaleType@1bc8656
2016-11-04 04:25:20 DEBUG BasicTypeRegistry:143 - Adding type registration currency -&gt; org.hibernate.type.CurrencyType@9bb4dd
2016-11-04 04:25:20 DEBUG BasicTypeRegistry:143 - Adding type registration java.util.Currency -&gt; org.hibernate.type.CurrencyType@9bb4dd
2016-11-04 04:25:20 DEBUG BasicTypeRegistry:143 - Adding type registration timezone -&gt; org.hibernate.type.TimeZoneType@10399f4
2016-11-04 04:25:20 DEBUG BasicTypeRegistry:143 - Adding type registration java.util.TimeZone -&gt; org.hibernate.type.TimeZoneType@10399f4
2016-11-04 04:25:20 DEBUG BasicTypeRegistry:143 - Adding type registration class -&gt; org.hibernate.type.ClassType@54127a
2016-11-04 04:25:20 DEBUG BasicTypeRegistry:143 - Adding type registration java.lang.Class -&gt; org.hibernate.type.ClassType@54127a
2016-11-04 04:25:20 DEBUG BasicTypeRegistry:143 - Adding type registration uuid-binary -&gt; org.hibernate.type.UUIDBinaryType@1330d4f
2016-11-04 04:25:20 DEBUG BasicTypeRegistry:143 - Adding type registration java.util.UUID -&gt; org.hibernate.type.UUIDBinaryType@1330d4f
2016-11-04 04:25:20 DEBUG BasicTypeRegistry:143 - Adding type registration uuid-char -&gt; org.hibernate.type.UUIDCharType@c1b2d2
2016-11-04 04:25:20 DEBUG BasicTypeRegistry:143 - Adding type registration pg-uuid -&gt; org.hibernate.type.PostgresUUIDType@5232e9
2016-11-04 04:25:20 DEBUG BasicTypeRegistry:143 - Adding type registration binary -&gt; org.hibernate.type.BinaryType@60acfb
2016-11-04 04:25:20 DEBUG BasicTypeRegistry:143 - Adding type registration byte[] -&gt; org.hibernate.type.BinaryType@60acfb
2016-11-04 04:25:20 DEBUG BasicTypeRegistry:143 - Adding type registration [B -&gt; org.hibernate.type.BinaryType@60acfb
2016-11-04 04:25:20 DEBUG BasicTypeRegistry:143 - Adding type registration wrapper-binary -&gt; org.hibernate.type.WrapperBinaryType@1385f75
2016-11-04 04:25:20 DEBUG BasicTypeRegistry:143 - Adding type registration Byte[] -&gt; org.hibernate.type.WrapperBinaryType@1385f75
2016-11-04 04:25:20 DEBUG BasicTypeRegistry:143 - Adding type registration [Ljava.lang.Byte; -&gt; org.hibernate.type.WrapperBinaryType@1385f75
2016-11-04 04:25:20 DEBUG BasicTypeRegistry:143 - Adding type registration image -&gt; org.hibernate.type.ImageType@136c2f0
2016-11-04 04:25:20 DEBUG BasicTypeRegistry:143 - Adding type registration characters -&gt; org.hibernate.type.CharArrayType@135a229
2016-11-04 04:25:20 DEBUG BasicTypeRegistry:143 - Adding type registration char[] -&gt; org.hibernate.type.CharArrayType@135a229
2016-11-04 04:25:20 DEBUG BasicTypeRegistry:143 - Adding type registration [C -&gt; org.hibernate.type.CharArrayType@135a229
2016-11-04 04:25:20 DEBUG BasicTypeRegistry:143 - Adding type registration wrapper-characters -&gt; org.hibernate.type.CharacterArrayType@1dc3712
2016-11-04 04:25:20 DEBUG BasicTypeRegistry:143 - Adding type registration [Ljava.lang.Character; -&gt; org.hibernate.type.CharacterArrayType@1dc3712
2016-11-04 04:25:20 DEBUG BasicTypeRegistry:143 - Adding type registration Character[] -&gt; org.hibernate.type.CharacterArrayType@1dc3712
2016-11-04 04:25:20 DEBUG BasicTypeRegistry:143 - Adding type registration text -&gt; org.hibernate.type.TextType@1e1d0a4
2016-11-04 04:25:20 DEBUG BasicTypeRegistry:143 - Adding type registration blob -&gt; org.hibernate.type.BlobType@e203eb
2016-11-04 04:25:20 DEBUG BasicTypeRegistry:143 - Adding type registration java.sql.Blob -&gt; org.hibernate.type.BlobType@e203eb
2016-11-04 04:25:20 DEBUG BasicTypeRegistry:143 - Adding type registration materialized_blob -&gt; org.hibernate.type.MaterializedBlobType@db1c0e
2016-11-04 04:25:20 DEBUG BasicTypeRegistry:143 - Adding type registration clob -&gt; org.hibernate.type.ClobType@1b4dd34
2016-11-04 04:25:20 DEBUG BasicTypeRegistry:143 - Adding type registration java.sql.Clob -&gt; org.hibernate.type.ClobType@1b4dd34
2016-11-04 04:25:20 DEBUG BasicTypeRegistry:143 - Adding type registration materialized_clob -&gt; org.hibernate.type.MaterializedClobType@18729ff
2016-11-04 04:25:20 DEBUG BasicTypeRegistry:143 - Adding type registration serializable -&gt; org.hibernate.type.SerializableType@287ea3
2016-11-04 04:25:20 DEBUG BasicTypeRegistry:143 - Adding type registration object -&gt; org.hibernate.type.ObjectType@fa769e
2016-11-04 04:25:20 DEBUG BasicTypeRegistry:143 - Adding type registration java.lang.Object -&gt; org.hibernate.type.ObjectType@fa769e
2016-11-04 04:25:20 DEBUG BasicTypeRegistry:143 - Adding type registration imm_date -&gt; org.hibernate.type.AdaptedImmutableType@78324b
2016-11-04 04:25:20 DEBUG BasicTypeRegistry:143 - Adding type registration imm_time -&gt; org.hibernate.type.AdaptedImmutableType@19defdc
2016-11-04 04:25:20 DEBUG BasicTypeRegistry:143 - Adding type registration imm_timestamp -&gt; org.hibernate.type.AdaptedImmutableType@317edc
2016-11-04 04:25:20 DEBUG BasicTypeRegistry:143 - Adding type registration imm_dbtimestamp -&gt; org.hibernate.type.AdaptedImmutableType@ae11f
2016-11-04 04:25:20 DEBUG BasicTypeRegistry:143 - Adding type registration imm_calendar -&gt; org.hibernate.type.AdaptedImmutableType@18d68ff
2016-11-04 04:25:20 DEBUG BasicTypeRegistry:143 - Adding type registration imm_calendar_date -&gt; org.hibernate.type.AdaptedImmutableType@186805d
2016-11-04 04:25:20 DEBUG BasicTypeRegistry:143 - Adding type registration imm_binary -&gt; org.hibernate.type.AdaptedImmutableType@52c06f
2016-11-04 04:25:20 DEBUG BasicTypeRegistry:143 - Adding type registration imm_serializable -&gt; org.hibernate.type.AdaptedImmutableType@149c063
2016-11-04 04:25:20 INFO  Version:37 - HCANN000001: Hibernate Commons Annotations {4.0.1.Final}
2016-11-04 04:25:20 INFO  Version:41 - HHH000412: Hibernate Core {4.0.1.Final}
2016-11-04 04:25:20 INFO  Environment:239 - HHH000206: hibernate.properties not found
2016-11-04 04:25:20 INFO  Environment:342 - HHH000021: Bytecode provider name : javassist
2016-11-04 04:25:20 DEBUG DefaultIdentifierGeneratorFactory:93 - Registering IdentifierGenerator strategy [uuid2] -&gt; [org.hibernate.id.UUIDGenerator]
2016-11-04 04:25:20 DEBUG DefaultIdentifierGeneratorFactory:93 - Registering IdentifierGenerator strategy [guid] -&gt; [org.hibernate.id.GUIDGenerator]
2016-11-04 04:25:20 DEBUG DefaultIdentifierGeneratorFactory:93 - Registering IdentifierGenerator strategy [uuid] -&gt; [org.hibernate.id.UUIDHexGenerator]
2016-11-04 04:25:20 DEBUG DefaultIdentifierGeneratorFactory:93 - Registering IdentifierGenerator strategy [uuid.hex] -&gt; [org.hibernate.id.UUIDHexGenerator]
2016-11-04 04:25:20 DEBUG DefaultIdentifierGeneratorFactory:93 - Registering IdentifierGenerator strategy [hilo] -&gt; [org.hibernate.id.TableHiLoGenerator]
2016-11-04 04:25:20 DEBUG DefaultIdentifierGeneratorFactory:93 - Registering IdentifierGenerator strategy [assigned] -&gt; [org.hibernate.id.Assigned]
2016-11-04 04:25:20 DEBUG DefaultIdentifierGeneratorFactory:93 - Registering IdentifierGenerator strategy [identity] -&gt; [org.hibernate.id.IdentityGenerator]
2016-11-04 04:25:20 DEBUG DefaultIdentifierGeneratorFactory:93 - Registering IdentifierGenerator strategy [select] -&gt; [org.hibernate.id.SelectGenerator]
2016-11-04 04:25:20 DEBUG DefaultIdentifierGeneratorFactory:93 - Registering IdentifierGenerator strategy [sequence] -&gt; [org.hibernate.id.SequenceGenerator]
2016-11-04 04:25:20 DEBUG DefaultIdentifierGeneratorFactory:93 - Registering IdentifierGenerator strategy [seqhilo] -&gt; [org.hibernate.id.SequenceHiLoGenerator]
2016-11-04 04:25:20 DEBUG DefaultIdentifierGeneratorFactory:93 - Registering IdentifierGenerator strategy [increment] -&gt; [org.hibernate.id.IncrementGenerator]
2016-11-04 04:25:20 DEBUG DefaultIdentifierGeneratorFactory:93 - Registering IdentifierGenerator strategy [foreign] -&gt; [org.hibernate.id.ForeignGenerator]
2016-11-04 04:25:20 DEBUG DefaultIdentifierGeneratorFactory:93 - Registering IdentifierGenerator strategy [sequence-identity] -&gt; [org.hibernate.id.SequenceIdentityGenerator]
2016-11-04 04:25:20 DEBUG DefaultIdentifierGeneratorFactory:93 - Registering IdentifierGenerator strategy [enhanced-sequence] -&gt; [org.hibernate.id.enhanced.SequenceStyleGenerator]
2016-11-04 04:25:20 DEBUG DefaultIdentifierGeneratorFactory:93 - Registering IdentifierGenerator strategy [enhanced-table] -&gt; [org.hibernate.id.enhanced.TableGenerator]
2016-11-04 04:25:20 DEBUG IntegratorServiceImpl:59 - Adding Integrator [org.hibernate.cfg.beanvalidation.BeanValidationIntegrator].
2016-11-04 04:25:20 DEBUG Configuration:1722 - Preparing to build session factory with filters : {}
2016-11-04 04:25:20 DEBUG Configuration:3366 - Processing hbm.xml files
2016-11-04 04:25:20 DEBUG Configuration:3396 - Process annotated classes
2016-11-04 04:25:20 DEBUG AnnotationBinder:528 - Binding entity from annotated class: com.niit.binder.model.Users
2016-11-04 04:25:20 DEBUG Ejb3Column:196 - Binding column: Ejb3DiscriminatorColumn{logicalColumnName&apos;DTYPE&apos;, discriminatorTypeName=&apos;string&apos;}
2016-11-04 04:25:20 DEBUG AnnotationBinder:988 - No value specified for &apos;javax.persistence.sharedCache.mode&apos;; using UNSPECIFIED
2016-11-04 04:25:20 DEBUG EntityBinder:354 - Import with entity name Users
2016-11-04 04:25:20 DEBUG EntityBinder:524 - Bind entity com.niit.binder.model.Users on table B_USER
2016-11-04 04:25:20 DEBUG Ejb3Column:196 - Binding column: Ejb3Column{table=org.hibernate.mapping.Table(B_USER), mappingColumn=id, insertable=true, updatable=true, unique=false}
2016-11-04 04:25:20 DEBUG PropertyBinder:176 - MetadataSourceProcessor property id with lazy=false
2016-11-04 04:25:20 DEBUG SimpleValueBinder:304 - building SimpleValue for id
2016-11-04 04:25:20 DEBUG PropertyBinder:256 - Building property id
2016-11-04 04:25:20 DEBUG Ejb3Column:196 - Binding column: Ejb3Column{table=org.hibernate.mapping.Table(B_USER), mappingColumn=email, insertable=true, updatable=true, unique=false}
2016-11-04 04:25:20 DEBUG PropertyBinder:176 - MetadataSourceProcessor property email with lazy=false
2016-11-04 04:25:20 DEBUG SimpleValueBinder:304 - building SimpleValue for email
2016-11-04 04:25:20 DEBUG PropertyBinder:256 - Building property email
2016-11-04 04:25:20 DEBUG Ejb3Column:196 - Binding column: Ejb3Column{table=org.hibernate.mapping.Table(B_USER), mappingColumn=gender, insertable=true, updatable=true, unique=false}
2016-11-04 04:25:20 DEBUG PropertyBinder:176 - MetadataSourceProcessor property gender with lazy=false
2016-11-04 04:25:20 DEBUG SimpleValueBinder:304 - building SimpleValue for gender
2016-11-04 04:25:20 DEBUG PropertyBinder:256 - Building property gender
2016-11-04 04:25:20 DEBUG Ejb3Column:196 - Binding column: Ejb3Column{table=org.hibernate.mapping.Table(B_USER), mappingColumn=image, insertable=true, updatable=true, unique=false}
2016-11-04 04:25:20 DEBUG PropertyBinder:176 - MetadataSourceProcessor property image with lazy=false
2016-11-04 04:25:20 DEBUG SimpleValueBinder:304 - building SimpleValue for image
2016-11-04 04:25:20 DEBUG PropertyBinder:256 - Building property image
2016-11-04 04:25:20 DEBUG Ejb3Column:196 - Binding column: Ejb3Column{table=org.hibernate.mapping.Table(B_USER), mappingColumn=isOnline, insertable=true, updatable=true, unique=false}
2016-11-04 04:25:20 DEBUG PropertyBinder:176 - MetadataSourceProcessor property isOnline with lazy=false
2016-11-04 04:25:20 DEBUG SimpleValueBinder:304 - building SimpleValue for isOnline
2016-11-04 04:25:20 DEBUG PropertyBinder:256 - Building property isOnline
2016-11-04 04:25:20 DEBUG Ejb3Column:196 - Binding column: Ejb3Column{table=org.hibernate.mapping.Table(B_USER), mappingColumn=name, insertable=true, updatable=true, unique=false}
2016-11-04 04:25:20 DEBUG PropertyBinder:176 - MetadataSourceProcessor property name with lazy=false
2016-11-04 04:25:20 DEBUG SimpleValueBinder:304 - building SimpleValue for name
2016-11-04 04:25:20 DEBUG PropertyBinder:256 - Building property name
2016-11-04 04:25:20 DEBUG Ejb3Column:196 - Binding column: Ejb3Column{table=org.hibernate.mapping.Table(B_USER), mappingColumn=password, insertable=true, updatable=true, unique=false}
2016-11-04 04:25:20 DEBUG PropertyBinder:176 - MetadataSourceProcessor property password with lazy=false
2016-11-04 04:25:20 DEBUG SimpleValueBinder:304 - building SimpleValue for password
2016-11-04 04:25:20 DEBUG PropertyBinder:256 - Building property password
2016-11-04 04:25:20 DEBUG Ejb3Column:196 - Binding column: Ejb3Column{table=org.hibernate.mapping.Table(B_USER), mappingColumn=phone, insertable=true, updatable=true, unique=false}
2016-11-04 04:25:20 DEBUG PropertyBinder:176 - MetadataSourceProcessor property phone with lazy=false
2016-11-04 04:25:20 DEBUG SimpleValueBinder:304 - building SimpleValue for phone
2016-11-04 04:25:20 DEBUG PropertyBinder:256 - Building property phone
2016-11-04 04:25:20 DEBUG Ejb3Column:196 - Binding column: Ejb3Column{table=org.hibernate.mapping.Table(B_USER), mappingColumn=photos, insertable=true, updatable=true, unique=false}
2016-11-04 04:25:20 DEBUG PropertyBinder:176 - MetadataSourceProcessor property photos with lazy=false
2016-11-04 04:25:20 DEBUG SimpleValueBinder:304 - building SimpleValue for photos
2016-11-04 04:25:20 DEBUG PropertyBinder:256 - Building property photos
2016-11-04 04:25:20 DEBUG Ejb3Column:196 - Binding column: Ejb3Column{table=org.hibernate.mapping.Table(B_USER), mappingColumn=role, insertable=true, updatable=true, unique=false}
2016-11-04 04:25:20 DEBUG PropertyBinder:176 - MetadataSourceProcessor property role with lazy=false
2016-11-04 04:25:20 DEBUG SimpleValueBinder:304 - building SimpleValue for role
2016-11-04 04:25:20 DEBUG PropertyBinder:256 - Building property role
2016-11-04 04:25:20 DEBUG AnnotationBinder:528 - Binding entity from annotated class: com.niit.binder.model.Blog
2016-11-04 04:25:20 DEBUG Ejb3Column:196 - Binding column: Ejb3DiscriminatorColumn{logicalColumnName&apos;DTYPE&apos;, discriminatorTypeName=&apos;string&apos;}
2016-11-04 04:25:20 DEBUG AnnotationBinder:988 - No value specified for &apos;javax.persistence.sharedCache.mode&apos;; using UNSPECIFIED
2016-11-04 04:25:20 DEBUG EntityBinder:354 - Import with entity name Blog
2016-11-04 04:25:20 DEBUG EntityBinder:524 - Bind entity com.niit.binder.model.Blog on table b_blog
2016-11-04 04:25:20 DEBUG Ejb3Column:196 - Binding column: Ejb3Column{table=org.hibernate.mapping.Table(b_blog), mappingColumn=id, insertable=true, updatable=true, unique=false}
2016-11-04 04:25:20 DEBUG PropertyBinder:176 - MetadataSourceProcessor property id with lazy=false
2016-11-04 04:25:20 DEBUG SimpleValueBinder:304 - building SimpleValue for id
2016-11-04 04:25:20 DEBUG PropertyBinder:256 - Building property id
2016-11-04 04:25:20 DEBUG Ejb3Column:196 - Binding column: Ejb3Column{table=org.hibernate.mapping.Table(b_blog), mappingColumn=content, insertable=true, updatable=true, unique=false}
2016-11-04 04:25:20 DEBUG PropertyBinder:176 - MetadataSourceProcessor property content with lazy=false
2016-11-04 04:25:20 DEBUG SimpleValueBinder:304 - building SimpleValue for content
2016-11-04 04:25:20 DEBUG PropertyBinder:256 - Building property content
2016-11-04 04:25:20 DEBUG Ejb3Column:196 - Binding column: Ejb3Column{table=org.hibernate.mapping.Table(b_blog), mappingColumn=post_date, insertable=true, updatable=true, unique=false}
2016-11-04 04:25:20 DEBUG PropertyBinder:176 - MetadataSourceProcessor property postDate with lazy=false
2016-11-04 04:25:20 DEBUG SimpleValueBinder:304 - building SimpleValue for postDate
2016-11-04 04:25:20 DEBUG PropertyBinder:256 - Building property postDate
2016-11-04 04:25:20 DEBUG Ejb3Column:196 - Binding column: Ejb3Column{table=org.hibernate.mapping.Table(b_blog), mappingColumn=reason, insertable=true, updatable=true, unique=false}
2016-11-04 04:25:20 DEBUG PropertyBinder:176 - MetadataSourceProcessor property reason with lazy=false
2016-11-04 04:25:20 DEBUG SimpleValueBinder:304 - building SimpleValue for reason
2016-11-04 04:25:20 DEBUG PropertyBinder:256 - Building property reason
2016-11-04 04:25:20 DEBUG Ejb3Column:196 - Binding column: Ejb3Column{table=org.hibernate.mapping.Table(b_blog), mappingColumn=status, insertable=true, updatable=true, unique=false}
2016-11-04 04:25:20 DEBUG PropertyBinder:176 - MetadataSourceProcessor property status with lazy=false
2016-11-04 04:25:20 DEBUG SimpleValueBinder:304 - building SimpleValue for status
2016-11-04 04:25:20 DEBUG PropertyBinder:256 - Building property status
2016-11-04 04:25:20 DEBUG Ejb3Column:196 - Binding column: Ejb3Column{table=org.hibernate.mapping.Table(b_blog), mappingColumn=title, insertable=true, updatable=true, unique=false}
2016-11-04 04:25:20 DEBUG PropertyBinder:176 - MetadataSourceProcessor property title with lazy=false
2016-11-04 04:25:20 DEBUG SimpleValueBinder:304 - building SimpleValue for title
2016-11-04 04:25:20 DEBUG PropertyBinder:256 - Building property title
2016-11-04 04:25:20 DEBUG Ejb3Column:196 - Binding column: Ejb3Column{table=org.hibernate.mapping.Table(b_blog), mappingColumn=userId, insertable=true, updatable=true, unique=false}
2016-11-04 04:25:20 DEBUG PropertyBinder:176 - MetadataSourceProcessor property userId with lazy=false
2016-11-04 04:25:20 DEBUG SimpleValueBinder:304 - building SimpleValue for userId
2016-11-04 04:25:20 DEBUG PropertyBinder:256 - Building property userId
2016-11-04 04:25:20 DEBUG AnnotationBinder:528 - Binding entity from annotated class: com.niit.binder.model.Chat
2016-11-04 04:25:20 DEBUG Ejb3Column:196 - Binding column: Ejb3DiscriminatorColumn{logicalColumnName&apos;DTYPE&apos;, discriminatorTypeName=&apos;string&apos;}
2016-11-04 04:25:20 DEBUG AnnotationBinder:988 - No value specified for &apos;javax.persistence.sharedCache.mode&apos;; using UNSPECIFIED
2016-11-04 04:25:20 DEBUG EntityBinder:354 - Import with entity name Chat
2016-11-04 04:25:20 DEBUG EntityBinder:524 - Bind entity com.niit.binder.model.Chat on table b_chat
2016-11-04 04:25:20 DEBUG Ejb3Column:196 - Binding column: Ejb3Column{table=org.hibernate.mapping.Table(b_chat), mappingColumn=id, insertable=true, updatable=true, unique=false}
2016-11-04 04:25:20 DEBUG PropertyBinder:176 - MetadataSourceProcessor property id with lazy=false
2016-11-04 04:25:20 DEBUG SimpleValueBinder:304 - building SimpleValue for id
2016-11-04 04:25:20 DEBUG PropertyBinder:256 - Building property id
2016-11-04 04:25:20 DEBUG Ejb3Column:196 - Binding column: Ejb3Column{table=org.hibernate.mapping.Table(b_chat), mappingColumn=content, insertable=true, updatable=true, unique=false}
2016-11-04 04:25:20 DEBUG PropertyBinder:176 - MetadataSourceProcessor property content with lazy=false
2016-11-04 04:25:20 DEBUG SimpleValueBinder:304 - building SimpleValue for content
2016-11-04 04:25:20 DEBUG PropertyBinder:256 - Building property content
2016-11-04 04:25:20 DEBUG Ejb3Column:196 - Binding column: Ejb3Column{table=org.hibernate.mapping.Table(b_chat), mappingColumn=dateTime, insertable=true, updatable=true, unique=false}
2016-11-04 04:25:20 DEBUG PropertyBinder:176 - MetadataSourceProcessor property dateTime with lazy=false
2016-11-04 04:25:20 DEBUG SimpleValueBinder:304 - building SimpleValue for dateTime
2016-11-04 04:25:20 DEBUG PropertyBinder:256 - Building property dateTime
2016-11-04 04:25:20 DEBUG Ejb3Column:196 - Binding column: Ejb3Column{table=org.hibernate.mapping.Table(b_chat), mappingColumn=receiverId, insertable=true, updatable=true, unique=false}
2016-11-04 04:25:20 DEBUG PropertyBinder:176 - MetadataSourceProcessor property receiverId with lazy=false
2016-11-04 04:25:20 DEBUG SimpleValueBinder:304 - building SimpleValue for receiverId
2016-11-04 04:25:20 DEBUG PropertyBinder:256 - Building property receiverId
2016-11-04 04:25:20 DEBUG Ejb3Column:196 - Binding column: Ejb3Column{table=org.hibernate.mapping.Table(b_chat), mappingColumn=senderId, insertable=true, updatable=true, unique=false}
2016-11-04 04:25:20 DEBUG PropertyBinder:176 - MetadataSourceProcessor property senderId with lazy=false
2016-11-04 04:25:20 DEBUG SimpleValueBinder:304 - building SimpleValue for senderId
2016-11-04 04:25:20 DEBUG PropertyBinder:256 - Building property senderId
2016-11-04 04:25:20 DEBUG AnnotationBinder:528 - Binding entity from annotated class: com.niit.binder.model.Event
2016-11-04 04:25:20 DEBUG Ejb3Column:196 - Binding column: Ejb3DiscriminatorColumn{logicalColumnName&apos;DTYPE&apos;, discriminatorTypeName=&apos;string&apos;}
2016-11-04 04:25:20 DEBUG AnnotationBinder:988 - No value specified for &apos;javax.persistence.sharedCache.mode&apos;; using UNSPECIFIED
2016-11-04 04:25:20 DEBUG EntityBinder:354 - Import with entity name Event
2016-11-04 04:25:20 DEBUG EntityBinder:524 - Bind entity com.niit.binder.model.Event on table b_event
2016-11-04 04:25:20 DEBUG Ejb3Column:196 - Binding column: Ejb3Column{table=org.hibernate.mapping.Table(b_event), mappingColumn=id, insertable=true, updatable=true, unique=false}
2016-11-04 04:25:20 DEBUG PropertyBinder:176 - MetadataSourceProcessor property id with lazy=false
2016-11-04 04:25:20 DEBUG SimpleValueBinder:304 - building SimpleValue for id
2016-11-04 04:25:20 DEBUG PropertyBinder:256 - Building property id
2016-11-04 04:25:20 DEBUG Ejb3Column:196 - Binding column: Ejb3Column{table=org.hibernate.mapping.Table(b_event), mappingColumn=event_date, insertable=true, updatable=true, unique=false}
2016-11-04 04:25:20 DEBUG PropertyBinder:176 - MetadataSourceProcessor property date with lazy=false
2016-11-04 04:25:20 DEBUG SimpleValueBinder:304 - building SimpleValue for date
2016-11-04 04:25:20 DEBUG PropertyBinder:256 - Building property date
2016-11-04 04:25:20 DEBUG Ejb3Column:196 - Binding column: Ejb3Column{table=org.hibernate.mapping.Table(b_event), mappingColumn=description, insertable=true, updatable=true, unique=false}
2016-11-04 04:25:20 DEBUG PropertyBinder:176 - MetadataSourceProcessor property description with lazy=false
2016-11-04 04:25:20 DEBUG SimpleValueBinder:304 - building SimpleValue for description
2016-11-04 04:25:20 DEBUG PropertyBinder:256 - Building property description
2016-11-04 04:25:20 DEBUG Ejb3Column:196 - Binding column: Ejb3Column{table=org.hibernate.mapping.Table(b_event), mappingColumn=name, insertable=true, updatable=true, unique=false}
2016-11-04 04:25:20 DEBUG PropertyBinder:176 - MetadataSourceProcessor property name with lazy=false
2016-11-04 04:25:20 DEBUG SimpleValueBinder:304 - building SimpleValue for name
2016-11-04 04:25:20 DEBUG PropertyBinder:256 - Building property name
2016-11-04 04:25:20 DEBUG Ejb3Column:196 - Binding column: Ejb3Column{table=org.hibernate.mapping.Table(b_event), mappingColumn=venue, insertable=true, updatable=true, unique=false}
2016-11-04 04:25:20 DEBUG PropertyBinder:176 - MetadataSourceProcessor property venue with lazy=false
2016-11-04 04:25:20 DEBUG SimpleValueBinder:304 - building SimpleValue for venue
2016-11-04 04:25:20 DEBUG PropertyBinder:256 - Building property venue
2016-11-04 04:25:20 DEBUG AnnotationBinder:528 - Binding entity from annotated class: com.niit.binder.model.Friend
2016-11-04 04:25:20 DEBUG Ejb3Column:196 - Binding column: Ejb3DiscriminatorColumn{logicalColumnName&apos;DTYPE&apos;, discriminatorTypeName=&apos;string&apos;}
2016-11-04 04:25:20 DEBUG AnnotationBinder:988 - No value specified for &apos;javax.persistence.sharedCache.mode&apos;; using UNSPECIFIED
2016-11-04 04:25:20 DEBUG EntityBinder:354 - Import with entity name Friend
2016-11-04 04:25:20 DEBUG EntityBinder:524 - Bind entity com.niit.binder.model.Friend on table B_FRIEND
2016-11-04 04:25:20 DEBUG Ejb3Column:196 - Binding column: Ejb3Column{table=org.hibernate.mapping.Table(B_FRIEND), mappingColumn=id, insertable=true, updatable=true, unique=false}
2016-11-04 04:25:20 DEBUG PropertyBinder:176 - MetadataSourceProcessor property id with lazy=false
2016-11-04 04:25:20 DEBUG SimpleValueBinder:304 - building SimpleValue for id
2016-11-04 04:25:20 DEBUG PropertyBinder:256 - Building property id
2016-11-04 04:25:20 DEBUG Ejb3Column:196 - Binding column: Ejb3Column{table=org.hibernate.mapping.Table(B_FRIEND), mappingColumn=friendId, insertable=true, updatable=true, unique=false}
2016-11-04 04:25:20 DEBUG PropertyBinder:176 - MetadataSourceProcessor property friendId with lazy=false
2016-11-04 04:25:20 DEBUG SimpleValueBinder:304 - building SimpleValue for friendId
2016-11-04 04:25:20 DEBUG PropertyBinder:256 - Building property friendId
2016-11-04 04:25:20 DEBUG Ejb3Column:196 - Binding column: Ejb3Column{table=org.hibernate.mapping.Table(B_FRIEND), mappingColumn=isOnline, insertable=true, updatable=true, unique=false}
2016-11-04 04:25:20 DEBUG PropertyBinder:176 - MetadataSourceProcessor property isOnline with lazy=false
2016-11-04 04:25:20 DEBUG SimpleValueBinder:304 - building SimpleValue for isOnline
2016-11-04 04:25:20 DEBUG PropertyBinder:256 - Building property isOnline
2016-11-04 04:25:20 DEBUG Ejb3Column:196 - Binding column: Ejb3Column{table=org.hibernate.mapping.Table(B_FRIEND), mappingColumn=status, insertable=true, updatable=true, unique=false}
2016-11-04 04:25:20 DEBUG PropertyBinder:176 - MetadataSourceProcessor property status with lazy=false
2016-11-04 04:25:20 DEBUG SimpleValueBinder:304 - building SimpleValue for status
2016-11-04 04:25:20 DEBUG PropertyBinder:256 - Building property status
2016-11-04 04:25:20 DEBUG Ejb3Column:196 - Binding column: Ejb3Column{table=org.hibernate.mapping.Table(B_FRIEND), mappingColumn=userId, insertable=true, updatable=true, unique=false}
2016-11-04 04:25:20 DEBUG PropertyBinder:176 - MetadataSourceProcessor property userId with lazy=false
2016-11-04 04:25:20 DEBUG SimpleValueBinder:304 - building SimpleValue for userId
2016-11-04 04:25:20 DEBUG PropertyBinder:256 - Building property userId
2016-11-04 04:25:20 DEBUG AnnotationBinder:528 - Binding entity from annotated class: com.niit.binder.model.Job
2016-11-04 04:25:20 DEBUG Ejb3Column:196 - Binding column: Ejb3DiscriminatorColumn{logicalColumnName&apos;DTYPE&apos;, discriminatorTypeName=&apos;string&apos;}
2016-11-04 04:25:20 DEBUG AnnotationBinder:988 - No value specified for &apos;javax.persistence.sharedCache.mode&apos;; using UNSPECIFIED
2016-11-04 04:25:20 DEBUG EntityBinder:354 - Import with entity name Job
2016-11-04 04:25:20 DEBUG EntityBinder:524 - Bind entity com.niit.binder.model.Job on table B_JOB
2016-11-04 04:25:20 DEBUG Ejb3Column:196 - Binding column: Ejb3Column{table=org.hibernate.mapping.Table(B_JOB), mappingColumn=id, insertable=true, updatable=true, unique=false}
2016-11-04 04:25:20 DEBUG PropertyBinder:176 - MetadataSourceProcessor property id with lazy=false
2016-11-04 04:25:20 DEBUG SimpleValueBinder:304 - building SimpleValue for id
2016-11-04 04:25:20 DEBUG PropertyBinder:256 - Building property id
2016-11-04 04:25:20 DEBUG Ejb3Column:196 - Binding column: Ejb3Column{table=org.hibernate.mapping.Table(B_JOB), mappingColumn=company_name, insertable=true, updatable=true, unique=false}
2016-11-04 04:25:20 DEBUG PropertyBinder:176 - MetadataSourceProcessor property companyName with lazy=false
2016-11-04 04:25:20 DEBUG SimpleValueBinder:304 - building SimpleValue for companyName
2016-11-04 04:25:20 DEBUG PropertyBinder:256 - Building property companyName
2016-11-04 04:25:20 DEBUG Ejb3Column:196 - Binding column: Ejb3Column{table=org.hibernate.mapping.Table(B_JOB), mappingColumn=post_date, insertable=true, updatable=true, unique=false}
2016-11-04 04:25:20 DEBUG PropertyBinder:176 - MetadataSourceProcessor property date with lazy=false
2016-11-04 04:25:20 DEBUG SimpleValueBinder:304 - building SimpleValue for date
2016-11-04 04:25:20 DEBUG PropertyBinder:256 - Building property date
2016-11-04 04:25:20 DEBUG Ejb3Column:196 - Binding column: Ejb3Column{table=org.hibernate.mapping.Table(B_JOB), mappingColumn=description, insertable=true, updatable=true, unique=false}
2016-11-04 04:25:20 DEBUG PropertyBinder:176 - MetadataSourceProcessor property description with lazy=false
2016-11-04 04:25:20 DEBUG SimpleValueBinder:304 - building SimpleValue for description
2016-11-04 04:25:20 DEBUG PropertyBinder:256 - Building property description
2016-11-04 04:25:20 DEBUG Ejb3Column:196 - Binding column: Ejb3Column{table=org.hibernate.mapping.Table(B_JOB), mappingColumn=location, insertable=true, updatable=true, unique=false}
2016-11-04 04:25:20 DEBUG PropertyBinder:176 - MetadataSourceProcessor property location with lazy=false
2016-11-04 04:25:20 DEBUG SimpleValueBinder:304 - building SimpleValue for location
2016-11-04 04:25:20 DEBUG PropertyBinder:256 - Building property location
2016-11-04 04:25:20 DEBUG Ejb3Column:196 - Binding column: Ejb3Column{table=org.hibernate.mapping.Table(B_JOB), mappingColumn=noOfApplicants, insertable=true, updatable=true, unique=false}
2016-11-04 04:25:20 DEBUG PropertyBinder:176 - MetadataSourceProcessor property noOfApplicants with lazy=false
2016-11-04 04:25:20 DEBUG SimpleValueBinder:304 - building SimpleValue for noOfApplicants
2016-11-04 04:25:20 DEBUG PropertyBinder:256 - Building property noOfApplicants
2016-11-04 04:25:20 DEBUG Ejb3Column:196 - Binding column: Ejb3Column{table=org.hibernate.mapping.Table(B_JOB), mappingColumn=status, insertable=true, updatable=true, unique=false}
2016-11-04 04:25:20 DEBUG PropertyBinder:176 - MetadataSourceProcessor property status with lazy=false
2016-11-04 04:25:20 DEBUG SimpleValueBinder:304 - building SimpleValue for status
2016-11-04 04:25:20 DEBUG PropertyBinder:256 - Building property status
2016-11-04 04:25:20 DEBUG AnnotationBinder:528 - Binding entity from annotated class: com.niit.binder.model.Forum
2016-11-04 04:25:20 DEBUG Ejb3Column:196 - Binding column: Ejb3DiscriminatorColumn{logicalColumnName&apos;DTYPE&apos;, discriminatorTypeName=&apos;string&apos;}
2016-11-04 04:25:20 DEBUG AnnotationBinder:988 - No value specified for &apos;javax.persistence.sharedCache.mode&apos;; using UNSPECIFIED
2016-11-04 04:25:20 DEBUG EntityBinder:354 - Import with entity name Forum
2016-11-04 04:25:20 DEBUG EntityBinder:524 - Bind entity com.niit.binder.model.Forum on table b_forum
2016-11-04 04:25:20 DEBUG Ejb3Column:196 - Binding column: Ejb3Column{table=org.hibernate.mapping.Table(b_forum), mappingColumn=id, insertable=true, updatable=true, unique=false}
2016-11-04 04:25:20 DEBUG PropertyBinder:176 - MetadataSourceProcessor property id with lazy=false
2016-11-04 04:25:20 DEBUG SimpleValueBinder:304 - building SimpleValue for id
2016-11-04 04:25:20 DEBUG PropertyBinder:256 - Building property id
2016-11-04 04:25:20 DEBUG Ejb3Column:196 - Binding column: Ejb3Column{table=org.hibernate.mapping.Table(b_forum), mappingColumn=description, insertable=true, updatable=true, unique=false}
2016-11-04 04:25:20 DEBUG PropertyBinder:176 - MetadataSourceProcessor property description with lazy=false
2016-11-04 04:25:20 DEBUG SimpleValueBinder:304 - building SimpleValue for description
2016-11-04 04:25:20 DEBUG PropertyBinder:256 - Building property description
2016-11-04 04:25:20 DEBUG Ejb3Column:196 - Binding column: Ejb3Column{table=org.hibernate.mapping.Table(b_forum), mappingColumn=post_date, insertable=true, updatable=true, unique=false}
2016-11-04 04:25:20 DEBUG PropertyBinder:176 - MetadataSourceProcessor property postDate with lazy=false
2016-11-04 04:25:20 DEBUG SimpleValueBinder:304 - building SimpleValue for postDate
2016-11-04 04:25:20 DEBUG PropertyBinder:256 - Building property postDate
2016-11-04 04:25:20 DEBUG Ejb3Column:196 - Binding column: Ejb3Column{table=org.hibernate.mapping.Table(b_forum), mappingColumn=userId, insertable=true, updatable=true, unique=false}
2016-11-04 04:25:20 DEBUG PropertyBinder:176 - MetadataSourceProcessor property userId with lazy=false
2016-11-04 04:25:20 DEBUG SimpleValueBinder:304 - building SimpleValue for userId
2016-11-04 04:25:20 DEBUG PropertyBinder:256 - Building property userId
2016-11-04 04:25:20 DEBUG AnnotationBinder:528 - Binding entity from annotated class: com.niit.binder.model.ForumComment
2016-11-04 04:25:20 DEBUG Ejb3Column:196 - Binding column: Ejb3DiscriminatorColumn{logicalColumnName&apos;DTYPE&apos;, discriminatorTypeName=&apos;string&apos;}
2016-11-04 04:25:20 DEBUG AnnotationBinder:988 - No value specified for &apos;javax.persistence.sharedCache.mode&apos;; using UNSPECIFIED
2016-11-04 04:25:20 DEBUG EntityBinder:354 - Import with entity name ForumComment
2016-11-04 04:25:20 DEBUG EntityBinder:524 - Bind entity com.niit.binder.model.ForumComment on table b_forumcomment
2016-11-04 04:25:20 DEBUG Ejb3Column:196 - Binding column: Ejb3Column{table=org.hibernate.mapping.Table(b_forumcomment), mappingColumn=id, insertable=true, updatable=true, unique=false}
2016-11-04 04:25:20 DEBUG PropertyBinder:176 - MetadataSourceProcessor property id with lazy=false
2016-11-04 04:25:20 DEBUG SimpleValueBinder:304 - building SimpleValue for id
2016-11-04 04:25:20 DEBUG PropertyBinder:256 - Building property id
2016-11-04 04:25:20 DEBUG Ejb3Column:196 - Binding column: Ejb3Column{table=org.hibernate.mapping.Table(b_forumcomment), mappingColumn=forum_comment, insertable=true, updatable=true, unique=false}
2016-11-04 04:25:20 DEBUG PropertyBinder:176 - MetadataSourceProcessor property comment with lazy=false
2016-11-04 04:25:20 DEBUG SimpleValueBinder:304 - building SimpleValue for comment
2016-11-04 04:25:20 DEBUG PropertyBinder:256 - Building property comment
2016-11-04 04:25:20 DEBUG Ejb3Column:196 - Binding column: Ejb3Column{table=org.hibernate.mapping.Table(b_forumcomment), mappingColumn=commented_date, insertable=true, updatable=true, unique=false}
2016-11-04 04:25:20 DEBUG PropertyBinder:176 - MetadataSourceProcessor property commentDate with lazy=false
2016-11-04 04:25:20 DEBUG SimpleValueBinder:304 - building SimpleValue for commentDate
2016-11-04 04:25:20 DEBUG PropertyBinder:256 - Building property commentDate
2016-11-04 04:25:20 DEBUG Ejb3Column:196 - Binding column: Ejb3Column{table=org.hibernate.mapping.Table(b_forumcomment), mappingColumn=forumId, insertable=true, updatable=true, unique=false}
2016-11-04 04:25:20 DEBUG PropertyBinder:176 - MetadataSourceProcessor property forumId with lazy=false
2016-11-04 04:25:20 DEBUG SimpleValueBinder:304 - building SimpleValue for forumId
2016-11-04 04:25:20 DEBUG PropertyBinder:256 - Building property forumId
2016-11-04 04:25:20 DEBUG Ejb3Column:196 - Binding column: Ejb3Column{table=org.hibernate.mapping.Table(b_forumcomment), mappingColumn=userId, insertable=true, updatable=true, unique=false}
2016-11-04 04:25:20 DEBUG PropertyBinder:176 - MetadataSourceProcessor property userId with lazy=false
2016-11-04 04:25:20 DEBUG SimpleValueBinder:304 - building SimpleValue for userId
2016-11-04 04:25:20 DEBUG PropertyBinder:256 - Building property userId
2016-11-04 04:25:20 DEBUG AnnotationBinder:528 - Binding entity from annotated class: com.niit.binder.model.JobApplication
2016-11-04 04:25:20 DEBUG Ejb3Column:196 - Binding column: Ejb3DiscriminatorColumn{logicalColumnName&apos;DTYPE&apos;, discriminatorTypeName=&apos;string&apos;}
2016-11-04 04:25:20 DEBUG AnnotationBinder:988 - No value specified for &apos;javax.persistence.sharedCache.mode&apos;; using UNSPECIFIED
2016-11-04 04:25:20 DEBUG EntityBinder:354 - Import with entity name JobApplication
2016-11-04 04:25:20 DEBUG EntityBinder:524 - Bind entity com.niit.binder.model.JobApplication on table B_JOBAPPLICATION
2016-11-04 04:25:20 DEBUG Ejb3Column:196 - Binding column: Ejb3Column{table=org.hibernate.mapping.Table(B_JOBAPPLICATION), mappingColumn=id, insertable=true, updatable=true, unique=false}
2016-11-04 04:25:20 DEBUG PropertyBinder:176 - MetadataSourceProcessor property id with lazy=false
2016-11-04 04:25:20 DEBUG SimpleValueBinder:304 - building SimpleValue for id
2016-11-04 04:25:20 DEBUG PropertyBinder:256 - Building property id
2016-11-04 04:25:20 DEBUG Ejb3Column:196 - Binding column: Ejb3Column{table=org.hibernate.mapping.Table(B_JOBAPPLICATION), mappingColumn=jobId, insertable=true, updatable=true, unique=false}
2016-11-04 04:25:20 DEBUG PropertyBinder:176 - MetadataSourceProcessor property jobId with lazy=false
2016-11-04 04:25:20 DEBUG SimpleValueBinder:304 - building SimpleValue for jobId
2016-11-04 04:25:20 DEBUG PropertyBinder:256 - Building property jobId
2016-11-04 04:25:20 DEBUG Ejb3Column:196 - Binding column: Ejb3Column{table=org.hibernate.mapping.Table(B_JOBAPPLICATION), mappingColumn=remarks, insertable=true, updatable=true, unique=false}
2016-11-04 04:25:20 DEBUG PropertyBinder:176 - MetadataSourceProcessor property remarks with lazy=false
2016-11-04 04:25:20 DEBUG SimpleValueBinder:304 - building SimpleValue for remarks
2016-11-04 04:25:20 DEBUG PropertyBinder:256 - Building property remarks
2016-11-04 04:25:20 DEBUG Ejb3Column:196 - Binding column: Ejb3Column{table=org.hibernate.mapping.Table(B_JOBAPPLICATION), mappingColumn=status, insertable=true, updatable=true, unique=false}
2016-11-04 04:25:20 DEBUG PropertyBinder:176 - MetadataSourceProcessor property status with lazy=false
2016-11-04 04:25:20 DEBUG SimpleValueBinder:304 - building SimpleValue for status
2016-11-04 04:25:20 DEBUG PropertyBinder:256 - Building property status
2016-11-04 04:25:20 DEBUG Ejb3Column:196 - Binding column: Ejb3Column{table=org.hibernate.mapping.Table(B_JOBAPPLICATION), mappingColumn=userId, insertable=true, updatable=true, unique=false}
2016-11-04 04:25:20 DEBUG PropertyBinder:176 - MetadataSourceProcessor property userId with lazy=false
2016-11-04 04:25:20 DEBUG SimpleValueBinder:304 - building SimpleValue for userId
2016-11-04 04:25:20 DEBUG PropertyBinder:256 - Building property userId
2016-11-04 04:25:20 DEBUG SimpleValueBinder:342 - Setting SimpleValue typeName for id
2016-11-04 04:25:20 DEBUG SimpleValueBinder:342 - Setting SimpleValue typeName for email
2016-11-04 04:25:20 DEBUG SimpleValueBinder:342 - Setting SimpleValue typeName for gender
2016-11-04 04:25:20 DEBUG SimpleValueBinder:342 - Setting SimpleValue typeName for image
2016-11-04 04:25:20 DEBUG SimpleValueBinder:342 - Setting SimpleValue typeName for isOnline
2016-11-04 04:25:20 DEBUG SimpleValueBinder:342 - Setting SimpleValue typeName for name
2016-11-04 04:25:20 DEBUG SimpleValueBinder:342 - Setting SimpleValue typeName for password
2016-11-04 04:25:20 DEBUG SimpleValueBinder:342 - Setting SimpleValue typeName for phone
2016-11-04 04:25:20 DEBUG SimpleValueBinder:342 - Setting SimpleValue typeName for photos
2016-11-04 04:25:20 DEBUG SimpleValueBinder:342 - Setting SimpleValue typeName for role
2016-11-04 04:25:20 DEBUG SimpleValueBinder:342 - Setting SimpleValue typeName for id
2016-11-04 04:25:20 DEBUG SimpleValueBinder:342 - Setting SimpleValue typeName for content
2016-11-04 04:25:20 DEBUG SimpleValueBinder:342 - Setting SimpleValue typeName for postDate
2016-11-04 04:25:20 DEBUG SimpleValueBinder:342 - Setting SimpleValue typeName for reason
2016-11-04 04:25:20 DEBUG SimpleValueBinder:342 - Setting SimpleValue typeName for status
2016-11-04 04:25:20 DEBUG SimpleValueBinder:342 - Setting SimpleValue typeName for title
2016-11-04 04:25:20 DEBUG SimpleValueBinder:342 - Setting SimpleValue typeName for userId
2016-11-04 04:25:20 DEBUG SimpleValueBinder:342 - Setting SimpleValue typeName for id
2016-11-04 04:25:20 DEBUG SimpleValueBinder:342 - Setting SimpleValue typeName for content
2016-11-04 04:25:20 DEBUG SimpleValueBinder:342 - Setting SimpleValue typeName for dateTime
2016-11-04 04:25:20 DEBUG SimpleValueBinder:342 - Setting SimpleValue typeName for receiverId
2016-11-04 04:25:20 DEBUG SimpleValueBinder:342 - Setting SimpleValue typeName for senderId
2016-11-04 04:25:20 DEBUG SimpleValueBinder:342 - Setting SimpleValue typeName for id
2016-11-04 04:25:20 DEBUG SimpleValueBinder:342 - Setting SimpleValue typeName for date
2016-11-04 04:25:20 DEBUG SimpleValueBinder:342 - Setting SimpleValue typeName for description
2016-11-04 04:25:20 DEBUG SimpleValueBinder:342 - Setting SimpleValue typeName for name
2016-11-04 04:25:20 DEBUG SimpleValueBinder:342 - Setting SimpleValue typeName for venue
2016-11-04 04:25:20 DEBUG SimpleValueBinder:342 - Setting SimpleValue typeName for id
2016-11-04 04:25:20 DEBUG SimpleValueBinder:342 - Setting SimpleValue typeName for friendId
2016-11-04 04:25:20 DEBUG SimpleValueBinder:342 - Setting SimpleValue typeName for isOnline
2016-11-04 04:25:20 DEBUG SimpleValueBinder:342 - Setting SimpleValue typeName for status
2016-11-04 04:25:20 DEBUG SimpleValueBinder:342 - Setting SimpleValue typeName for userId
2016-11-04 04:25:20 DEBUG SimpleValueBinder:342 - Setting SimpleValue typeName for id
2016-11-04 04:25:20 DEBUG SimpleValueBinder:342 - Setting SimpleValue typeName for companyName
2016-11-04 04:25:20 DEBUG SimpleValueBinder:342 - Setting SimpleValue typeName for date
2016-11-04 04:25:20 DEBUG SimpleValueBinder:342 - Setting SimpleValue typeName for description
2016-11-04 04:25:20 DEBUG SimpleValueBinder:342 - Setting SimpleValue typeName for location
2016-11-04 04:25:20 DEBUG SimpleValueBinder:342 - Setting SimpleValue typeName for noOfApplicants
2016-11-04 04:25:20 DEBUG SimpleValueBinder:342 - Setting SimpleValue typeName for status
2016-11-04 04:25:20 DEBUG SimpleValueBinder:342 - Setting SimpleValue typeName for id
2016-11-04 04:25:20 DEBUG SimpleValueBinder:342 - Setting SimpleValue typeName for description
2016-11-04 04:25:20 DEBUG SimpleValueBinder:342 - Setting SimpleValue typeName for postDate
2016-11-04 04:25:20 DEBUG SimpleValueBinder:342 - Setting SimpleValue typeName for userId
2016-11-04 04:25:20 DEBUG SimpleValueBinder:342 - Setting SimpleValue typeName for id
2016-11-04 04:25:20 DEBUG SimpleValueBinder:342 - Setting SimpleValue typeName for comment
2016-11-04 04:25:20 DEBUG SimpleValueBinder:342 - Setting SimpleValue typeName for commentDate
2016-11-04 04:25:20 DEBUG SimpleValueBinder:342 - Setting SimpleValue typeName for forumId
2016-11-04 04:25:20 DEBUG SimpleValueBinder:342 - Setting SimpleValue typeName for userId
2016-11-04 04:25:20 DEBUG SimpleValueBinder:342 - Setting SimpleValue typeName for id
2016-11-04 04:25:20 DEBUG SimpleValueBinder:342 - Setting SimpleValue typeName for jobId
2016-11-04 04:25:20 DEBUG SimpleValueBinder:342 - Setting SimpleValue typeName for remarks
2016-11-04 04:25:20 DEBUG SimpleValueBinder:342 - Setting SimpleValue typeName for status
2016-11-04 04:25:20 DEBUG SimpleValueBinder:342 - Setting SimpleValue typeName for userId
2016-11-04 04:25:20 DEBUG Configuration:1400 - Processing fk mappings (*ToOne and JoinedSubclass)
2016-11-04 04:25:20 DEBUG Configuration:1578 - Processing extends queue
2016-11-04 04:25:20 DEBUG Configuration:1632 - Processing extends queue
2016-11-04 04:25:20 DEBUG Configuration:1581 - Processing collection mappings
2016-11-04 04:25:20 DEBUG Configuration:1591 - Processing native query and ResultSetMapping mappings
2016-11-04 04:25:20 DEBUG Configuration:1599 - Processing association property references
2016-11-04 04:25:20 DEBUG Configuration:1621 - Processing foreign key constraints
2016-11-04 04:25:20 DEBUG DriverManagerDataSource:142 - Creating new JDBC DriverManager Connection to [jdbc:oracle:thin:@localhost:1521:XE]
2016-11-04 04:25:21 DEBUG JdbcServicesImpl:123 - Database -&gt;
       name : Oracle
    version : Oracle Database 11g Express Edition Release 11.2.0.2.0 - Production
      major : 11
      minor : 2
2016-11-04 04:25:21 DEBUG JdbcServicesImpl:129 - Driver -&gt;
       name : Oracle JDBC driver
    version : 11.2.0.2.0
      major : 11
      minor : 2
2016-11-04 04:25:21 DEBUG JdbcServicesImpl:135 - JDBC version : 11.2
2016-11-04 04:25:21 INFO  Dialect:121 - HHH000400: Using dialect: org.hibernate.dialect.Oracle10gDialect
2016-11-04 04:25:21 DEBUG SettingsFactory:100 - Automatic flush during beforeCompletion(): disabled
2016-11-04 04:25:21 DEBUG SettingsFactory:106 - Automatic session close at end of transaction: disabled
2016-11-04 04:25:21 DEBUG SettingsFactory:117 - JDBC batch size: 15
2016-11-04 04:25:21 DEBUG SettingsFactory:123 - JDBC batch updates for versioned data: disabled
2016-11-04 04:25:21 DEBUG SettingsFactory:133 - Scrollable result sets: enabled
2016-11-04 04:25:21 DEBUG SettingsFactory:139 - Wrap result sets: disabled
2016-11-04 04:25:21 DEBUG SettingsFactory:145 - JDBC3 getGeneratedKeys(): disabled
2016-11-04 04:25:21 DEBUG SettingsFactory:157 - Connection release mode: auto
2016-11-04 04:25:21 INFO  TransactionFactoryInitiator:68 - HHH000399: Using default transaction strategy (direct JDBC transactions)
2016-11-04 04:25:21 DEBUG SettingsFactory:194 - Default batch fetch size: 1
2016-11-04 04:25:21 DEBUG SettingsFactory:200 - Generate SQL with comments: disabled
2016-11-04 04:25:21 DEBUG SettingsFactory:206 - Order SQL updates by primary key: disabled
2016-11-04 04:25:21 DEBUG SettingsFactory:212 - Order SQL inserts for batching: disabled
2016-11-04 04:25:21 DEBUG SettingsFactory:443 - Query translator: org.hibernate.hql.internal.ast.ASTQueryTranslatorFactory
2016-11-04 04:25:21 INFO  ASTQueryTranslatorFactory:48 - HHH000397: Using ASTQueryTranslatorFactory
2016-11-04 04:25:21 DEBUG SettingsFactory:222 - Query language substitutions: {}
2016-11-04 04:25:21 DEBUG SettingsFactory:228 - JPA-QL strict compliance: disabled
2016-11-04 04:25:21 DEBUG SettingsFactory:236 - Second-level cache: enabled
2016-11-04 04:25:21 DEBUG SettingsFactory:242 - Query cache: disabled
2016-11-04 04:25:21 DEBUG SettingsFactory:383 - Cache region factory : org.hibernate.cache.internal.NoCachingRegionFactory
2016-11-04 04:25:21 DEBUG SettingsFactory:393 - org.hibernate.cache.internal.NoCachingRegionFactory did not provide constructor accepting java.util.Properties; attempting no-arg constructor.
2016-11-04 04:25:21 DEBUG SettingsFactory:257 - Optimize cache for minimal puts: disabled
2016-11-04 04:25:21 DEBUG SettingsFactory:272 - Structured second-level cache entries: disabled
2016-11-04 04:25:21 DEBUG SettingsFactory:281 - Statistics: disabled
2016-11-04 04:25:21 DEBUG SettingsFactory:287 - Deleted entity synthetic identifier rollback: disabled
2016-11-04 04:25:21 DEBUG SettingsFactory:311 - Default entity-mode: pojo
2016-11-04 04:25:21 DEBUG SettingsFactory:317 - Named query checking : enabled
2016-11-04 04:25:21 DEBUG SettingsFactory:323 - Check Nullability in Core (should be disabled when Bean Validation is on): enabled
2016-11-04 04:25:21 DEBUG SettingsFactory:329 - multi-tenancy strategy : NONE
2016-11-04 04:25:21 DEBUG SessionFactoryImpl:217 - Building session factory
2016-11-04 04:25:21 DEBUG SessionFactoryImpl:267 - Session factory constructed with filter configurations : {}
2016-11-04 04:25:21 DEBUG SessionFactoryImpl:268 - Instantiating session factory with properties: {java.runtime.name=Java(TM) SE Runtime Environment, sun.boot.library.path=C:\Program Files\Java\jdk1.8.0_91\jre\bin, java.vm.version=25.91-b15, java.vm.vendor=Oracle Corporation, java.vendor.url=http://java.oracle.com/, path.separator=;, java.vm.name=Java HotSpot(TM) Client VM, file.encoding.pkg=sun.io, user.script=, user.country=US, sun.java.launcher=SUN_STANDARD, sun.os.patch.level=Service Pack 1, java.vm.specification.name=Java Virtual Machine Specification, user.dir=D:\project\BinderServer, java.runtime.version=1.8.0_91-b15, java.awt.graphicsenv=sun.awt.Win32GraphicsEnvironment, basedir=D:\project\BinderServer, hibernate.current_session_context_class=org.springframework.orm.hibernate4.SpringSessionContext, java.endorsed.dirs=C:\Program Files\Java\jdk1.8.0_91\jre\lib\endorsed, os.arch=x86, surefire.real.class.path=D:\project\BinderServer\target\surefire\surefirebooter2804397551735615537.jar, java.io.tmpdir=C:\Users\Arpan\AppData\Local\Temp\, line.separator=
, java.vm.specification.vendor=Oracle Corporation, user.variant=, os.name=Windows 7, sun.jnu.encoding=Cp1252, java.library.path=C:\Program Files\Java\jdk1.8.0_91\jre\bin;C:\Windows\Sun\Java\bin;C:\Windows\system32;C:\Windows;C:/Program Files/Java/jdk1.8.0_91/bin/../jre/bin/client;C:/Program Files/Java/jdk1.8.0_91/bin/../jre/bin;C:/Program Files/Java/jdk1.8.0_91/bin/../jre/lib/i386;C:\oraclexe\app\oracle\product\11.2.0\server\bin;;D:\Digital Transformation\Maven\apache-maven-3.1.1\bin;C:\Windows\system32;C:\Windows;C:\Windows\System32\Wbem;C:\Windows\System32\WindowsPowerShell\v1.0\;C:\Program Files\Microsoft SQL Server\100\Tools\Binn\;C:\Program Files\Microsoft SQL Server\100\DTS\Binn\;C:\Program Files\Java\jdk1.8.0_91\bin;C:\Program Files\Skype\Phone\;C:\oraclexe\app\oracle\product\11.2.0\server\bin;;D:\Digital Transformation\Maven\apache-maven-3.1.1\bin;C:\Windows\system32;C:\Windows;C:\Windows\System32\Wbem;C:\Windows\System32\WindowsPowerShell\v1.0\;C:\Program Files\Microsoft SQL Server\100\Tools\Binn\;C:\Program Files\Microsoft SQL Server\100\DTS\Binn\;C:\Program Files\Java\jdk1.8.0_91\bin;C:\Program Files\Skype\Phone\;C:\Program Files\Java\jdk1.8.0_91\bin;D:\Digital Transformation\Apache Tomcat 8.0.27\bin;D:\Digital Transformation\eclipse;;., hibernate.connection.datasource=org.springframework.jdbc.datasource.DriverManagerDataSource@8e319b, surefire.test.class.path=D:\project\BinderServer\target\test-classes;D:\project\BinderServer\target\classes;C:\Users\Arpan\.m2\repository\junit\junit\4.12\junit-4.12.jar;C:\Users\Arpan\.m2\repository\org\hamcrest\hamcrest-core\1.3\hamcrest-core-1.3.jar;C:\Users\Arpan\.m2\repository\com\oracle\ojdbc6\11.2.0\ojdbc6-11.2.0.jar;C:\Users\Arpan\.m2\repository\org\hibernate\hibernate-core\4.0.1.Final\hibernate-core-4.0.1.Final.jar;C:\Users\Arpan\.m2\repository\commons-collections\commons-collections\3.2.1\commons-collections-3.2.1.jar;C:\Users\Arpan\.m2\repository\antlr\antlr\2.7.7\antlr-2.7.7.jar;C:\Users\Arpan\.m2\repository\org\jboss\spec\javax\transaction\jboss-transaction-api_1.1_spec\1.0.0.Final\jboss-transaction-api_1.1_spec-1.0.0.Final.jar;C:\Users\Arpan\.m2\repository\dom4j\dom4j\1.6.1\dom4j-1.6.1.jar;C:\Users\Arpan\.m2\repository\xml-apis\xml-apis\1.0.b2\xml-apis-1.0.b2.jar;C:\Users\Arpan\.m2\repository\org\hibernate\javax\persistence\hibernate-jpa-2.0-api\1.0.1.Final\hibernate-jpa-2.0-api-1.0.1.Final.jar;C:\Users\Arpan\.m2\repository\org\jboss\logging\jboss-logging\3.1.0.CR2\jboss-logging-3.1.0.CR2.jar;C:\Users\Arpan\.m2\repository\org\javassist\javassist\3.15.0-GA\javassist-3.15.0-GA.jar;C:\Users\Arpan\.m2\repository\org\hibernate\common\hibernate-commons-annotations\4.0.1.Final\hibernate-commons-annotations-4.0.1.Final.jar;C:\Users\Arpan\.m2\repository\org\hibernate\hibernate-validator\5.2.4.Final\hibernate-validator-5.2.4.Final.jar;C:\Users\Arpan\.m2\repository\com\fasterxml\classmate\1.1.0\classmate-1.1.0.jar;C:\Users\Arpan\.m2\repository\org\springframework\spring-web\4.3.2.RELEASE\spring-web-4.3.2.RELEASE.jar;C:\Users\Arpan\.m2\repository\org\springframework\spring-aop\4.3.2.RELEASE\spring-aop-4.3.2.RELEASE.jar;C:\Users\Arpan\.m2\repository\org\springframework\spring-beans\4.3.2.RELEASE\spring-beans-4.3.2.RELEASE.jar;C:\Users\Arpan\.m2\repository\org\springframework\spring-webmvc\4.3.2.RELEASE\spring-webmvc-4.3.2.RELEASE.jar;C:\Users\Arpan\.m2\repository\org\springframework\spring-expression\4.3.2.RELEASE\spring-expression-4.3.2.RELEASE.jar;C:\Users\Arpan\.m2\repository\org\springframework\spring-core\4.3.2.RELEASE\spring-core-4.3.2.RELEASE.jar;C:\Users\Arpan\.m2\repository\commons-logging\commons-logging\1.2\commons-logging-1.2.jar;C:\Users\Arpan\.m2\repository\org\springframework\spring-context\4.3.2.RELEASE\spring-context-4.3.2.RELEASE.jar;C:\Users\Arpan\.m2\repository\org\springframework\spring-orm\4.3.2.RELEASE\spring-orm-4.3.2.RELEASE.jar;C:\Users\Arpan\.m2\repository\org\springframework\spring-jdbc\4.3.2.RELEASE\spring-jdbc-4.3.2.RELEASE.jar;C:\Users\Arpan\.m2\repository\org\springframework\spring-tx\4.3.2.RELEASE\spring-tx-4.3.2.RELEASE.jar;C:\Users\Arpan\.m2\repository\javax\servlet\javax.servlet-api\3.1.0\javax.servlet-api-3.1.0.jar;C:\Users\Arpan\.m2\repository\javax\el\javax.el-api\3.0.0\javax.el-api-3.0.0.jar;C:\Users\Arpan\.m2\repository\javax\validation\validation-api\1.1.0.Final\validation-api-1.1.0.Final.jar;C:\Users\Arpan\.m2\repository\log4j\log4j\1.2.17\log4j-1.2.17.jar;C:\Users\Arpan\.m2\repository\commons-fileupload\commons-fileupload\1.3\commons-fileupload-1.3.jar;C:\Users\Arpan\.m2\repository\commons-io\commons-io\1.3.2\commons-io-1.3.2.jar;C:\Users\Arpan\.m2\repository\commons-dbcp\commons-dbcp\1.4\commons-dbcp-1.4.jar;C:\Users\Arpan\.m2\repository\commons-pool\commons-pool\1.5.4\commons-pool-1.5.4.jar;C:\Users\Arpan\.m2\repository\com\fasterxml\jackson\core\jackson-databind\2.7.3\jackson-databind-2.7.3.jar;C:\Users\Arpan\.m2\repository\com\fasterxml\jackson\core\jackson-annotations\2.7.0\jackson-annotations-2.7.0.jar;C:\Users\Arpan\.m2\repository\com\fasterxml\jackson\core\jackson-core\2.7.3\jackson-core-2.7.3.jar;, java.specification.name=Java Platform API Specification, java.class.version=52.0, sun.management.compiler=HotSpot Client Compiler, os.version=6.1, user.home=C:\Users\Arpan, user.timezone=Asia/Calcutta, java.awt.printerjob=sun.awt.windows.WPrinterJob, java.specification.version=1.8, file.encoding=Cp1252, user.name=Arpan, java.class.path=D:\project\BinderServer\target\test-classes;D:\project\BinderServer\target\classes;C:\Users\Arpan\.m2\repository\junit\junit\4.12\junit-4.12.jar;C:\Users\Arpan\.m2\repository\org\hamcrest\hamcrest-core\1.3\hamcrest-core-1.3.jar;C:\Users\Arpan\.m2\repository\com\oracle\ojdbc6\11.2.0\ojdbc6-11.2.0.jar;C:\Users\Arpan\.m2\repository\org\hibernate\hibernate-core\4.0.1.Final\hibernate-core-4.0.1.Final.jar;C:\Users\Arpan\.m2\repository\commons-collections\commons-collections\3.2.1\commons-collections-3.2.1.jar;C:\Users\Arpan\.m2\repository\antlr\antlr\2.7.7\antlr-2.7.7.jar;C:\Users\Arpan\.m2\repository\org\jboss\spec\javax\transaction\jboss-transaction-api_1.1_spec\1.0.0.Final\jboss-transaction-api_1.1_spec-1.0.0.Final.jar;C:\Users\Arpan\.m2\repository\dom4j\dom4j\1.6.1\dom4j-1.6.1.jar;C:\Users\Arpan\.m2\repository\xml-apis\xml-apis\1.0.b2\xml-apis-1.0.b2.jar;C:\Users\Arpan\.m2\repository\org\hibernate\javax\persistence\hibernate-jpa-2.0-api\1.0.1.Final\hibernate-jpa-2.0-api-1.0.1.Final.jar;C:\Users\Arpan\.m2\repository\org\jboss\logging\jboss-logging\3.1.0.CR2\jboss-logging-3.1.0.CR2.jar;C:\Users\Arpan\.m2\repository\org\javassist\javassist\3.15.0-GA\javassist-3.15.0-GA.jar;C:\Users\Arpan\.m2\repository\org\hibernate\common\hibernate-commons-annotations\4.0.1.Final\hibernate-commons-annotations-4.0.1.Final.jar;C:\Users\Arpan\.m2\repository\org\hibernate\hibernate-validator\5.2.4.Final\hibernate-validator-5.2.4.Final.jar;C:\Users\Arpan\.m2\repository\com\fasterxml\classmate\1.1.0\classmate-1.1.0.jar;C:\Users\Arpan\.m2\repository\org\springframework\spring-web\4.3.2.RELEASE\spring-web-4.3.2.RELEASE.jar;C:\Users\Arpan\.m2\repository\org\springframework\spring-aop\4.3.2.RELEASE\spring-aop-4.3.2.RELEASE.jar;C:\Users\Arpan\.m2\repository\org\springframework\spring-beans\4.3.2.RELEASE\spring-beans-4.3.2.RELEASE.jar;C:\Users\Arpan\.m2\repository\org\springframework\spring-webmvc\4.3.2.RELEASE\spring-webmvc-4.3.2.RELEASE.jar;C:\Users\Arpan\.m2\repository\org\springframework\spring-expression\4.3.2.RELEASE\spring-expression-4.3.2.RELEASE.jar;C:\Users\Arpan\.m2\repository\org\springframework\spring-core\4.3.2.RELEASE\spring-core-4.3.2.RELEASE.jar;C:\Users\Arpan\.m2\repository\commons-logging\commons-logging\1.2\commons-logging-1.2.jar;C:\Users\Arpan\.m2\repository\org\springframework\spring-context\4.3.2.RELEASE\spring-context-4.3.2.RELEASE.jar;C:\Users\Arpan\.m2\repository\org\springframework\spring-orm\4.3.2.RELEASE\spring-orm-4.3.2.RELEASE.jar;C:\Users\Arpan\.m2\repository\org\springframework\spring-jdbc\4.3.2.RELEASE\spring-jdbc-4.3.2.RELEASE.jar;C:\Users\Arpan\.m2\repository\org\springframework\spring-tx\4.3.2.RELEASE\spring-tx-4.3.2.RELEASE.jar;C:\Users\Arpan\.m2\repository\javax\servlet\javax.servlet-api\3.1.0\javax.servlet-api-3.1.0.jar;C:\Users\Arpan\.m2\repository\javax\el\javax.el-api\3.0.0\javax.el-api-3.0.0.jar;C:\Users\Arpan\.m2\repository\javax\validation\validation-api\1.1.0.Final\validation-api-1.1.0.Final.jar;C:\Users\Arpan\.m2\repository\log4j\log4j\1.2.17\log4j-1.2.17.jar;C:\Users\Arpan\.m2\repository\commons-fileupload\commons-fileupload\1.3\commons-fileupload-1.3.jar;C:\Users\Arpan\.m2\repository\commons-io\commons-io\1.3.2\commons-io-1.3.2.jar;C:\Users\Arpan\.m2\repository\commons-dbcp\commons-dbcp\1.4\commons-dbcp-1.4.jar;C:\Users\Arpan\.m2\repository\commons-pool\commons-pool\1.5.4\commons-pool-1.5.4.jar;C:\Users\Arpan\.m2\repository\com\fasterxml\jackson\core\jackson-databind\2.7.3\jackson-databind-2.7.3.jar;C:\Users\Arpan\.m2\repository\com\fasterxml\jackson\core\jackson-annotations\2.7.0\jackson-annotations-2.7.0.jar;C:\Users\Arpan\.m2\repository\com\fasterxml\jackson\core\jackson-core\2.7.3\jackson-core-2.7.3.jar;, hibernate.bytecode.use_reflection_optimizer=false, hibernate.classLoader.application=sun.misc.Launcher$AppClassLoader@1c7c054, java.vm.specification.version=1.8, sun.arch.data.model=32, java.home=C:\Program Files\Java\jdk1.8.0_91\jre, sun.java.command=D:\project\BinderServer\target\surefire\surefirebooter2804397551735615537.jar D:\project\BinderServer\target\surefire\surefire6084562534322834503tmp D:\project\BinderServer\target\surefire\surefire_06125924921446768579tmp, java.specification.vendor=Oracle Corporation, user.language=en, awt.toolkit=sun.awt.windows.WToolkit, java.vm.info=mixed mode, java.version=1.8.0_91, java.ext.dirs=C:\Program Files\Java\jdk1.8.0_91\jre\lib\ext;C:\Windows\Sun\Java\lib\ext, sun.boot.class.path=C:\Program Files\Java\jdk1.8.0_91\jre\lib\resources.jar;C:\Program Files\Java\jdk1.8.0_91\jre\lib\rt.jar;C:\Program Files\Java\jdk1.8.0_91\jre\lib\sunrsasign.jar;C:\Program Files\Java\jdk1.8.0_91\jre\lib\jsse.jar;C:\Program Files\Java\jdk1.8.0_91\jre\lib\jce.jar;C:\Program Files\Java\jdk1.8.0_91\jre\lib\charsets.jar;C:\Program Files\Java\jdk1.8.0_91\jre\lib\jfr.jar;C:\Program Files\Java\jdk1.8.0_91\jre\classes, java.vendor=Oracle Corporation, localRepository=C:\Users\Arpan\.m2\repository, file.separator=\, java.vendor.url.bug=http://bugreport.sun.com/bugreport/, sun.cpu.endian=little, sun.io.unicode.encoding=UnicodeLittle, sun.desktop=windows, sun.cpu.isalist=pentium_pro+mmx pentium_pro pentium+mmx pentium i486 i386 i86}
2016-11-04 04:25:22 INFO  Version:30 - HV000001: Hibernate Validator 5.2.4.Final
2016-11-04 04:25:22 DEBUG DefaultTraversableResolver:103 - Found javax.persistence.Persistence on classpath containing &apos;getPersistenceUtil&apos;. Assuming JPA 2 environment. Trying to instantiate JPA aware TraversableResolver
2016-11-04 04:25:22 DEBUG DefaultTraversableResolver:114 - Instantiated JPA aware TraversableResolver of type org.hibernate.validator.internal.engine.resolver.JPATraversableResolver.
2016-11-04 04:25:22 DEBUG ValidationXmlParser:91 - Trying to load META-INF/validation.xml for XML based Validator configuration.
2016-11-04 04:25:22 DEBUG ResourceLoaderHelper:54 - Trying to load META-INF/validation.xml via TCCL
2016-11-04 04:25:22 DEBUG ResourceLoaderHelper:60 - Trying to load META-INF/validation.xml via Hibernate Validator&apos;s class loader
2016-11-04 04:25:22 DEBUG ValidationXmlParser:98 - No META-INF/validation.xml found. Using annotation based configuration only.
2016-11-04 04:25:22 DEBUG ConstraintDescriptorImpl:640 - Adding composing constraint: ConstraintDescriptorImpl{annotation=javax.validation.constraints.Pattern, payloads=[], hasComposingConstraints=true, isReportAsSingleInvalidConstraint=false, elementType=FIELD, definedOn=DEFINED_LOCALLY, groups=[interface javax.validation.groups.Default], attributes={flags=[Ljavax.validation.constraints.Pattern$Flag;@1a67c3a, groups=[Ljava.lang.Class;@3041b, regexp=.*, message={javax.validation.constraints.Pattern.message}, payload=[Ljava.lang.Class;@4bade8}, constraintType=GENERIC}.
2016-11-04 04:25:22 DEBUG DefaultTraversableResolver:103 - Found javax.persistence.Persistence on classpath containing &apos;getPersistenceUtil&apos;. Assuming JPA 2 environment. Trying to instantiate JPA aware TraversableResolver
2016-11-04 04:25:22 DEBUG DefaultTraversableResolver:114 - Instantiated JPA aware TraversableResolver of type org.hibernate.validator.internal.engine.resolver.JPATraversableResolver.
2016-11-04 04:25:22 DEBUG ValidationXmlParser:91 - Trying to load META-INF/validation.xml for XML based Validator configuration.
2016-11-04 04:25:22 DEBUG ResourceLoaderHelper:54 - Trying to load META-INF/validation.xml via TCCL
2016-11-04 04:25:22 DEBUG ResourceLoaderHelper:60 - Trying to load META-INF/validation.xml via Hibernate Validator&apos;s class loader
2016-11-04 04:25:22 DEBUG ValidationXmlParser:98 - No META-INF/validation.xml found. Using annotation based configuration only.
2016-11-04 04:25:22 DEBUG DefaultIdentifierGeneratorFactory:107 - Setting dialect [org.hibernate.dialect.Oracle10gDialect]
2016-11-04 04:25:22 DEBUG DefaultIdentifierGeneratorFactory:107 - Setting dialect [org.hibernate.dialect.Oracle10gDialect]
2016-11-04 04:25:22 DEBUG DefaultIdentifierGeneratorFactory:107 - Setting dialect [org.hibernate.dialect.Oracle10gDialect]
2016-11-04 04:25:22 DEBUG DefaultIdentifierGeneratorFactory:107 - Setting dialect [org.hibernate.dialect.Oracle10gDialect]
2016-11-04 04:25:22 DEBUG DefaultIdentifierGeneratorFactory:107 - Setting dialect [org.hibernate.dialect.Oracle10gDialect]
2016-11-04 04:25:22 DEBUG DefaultIdentifierGeneratorFactory:107 - Setting dialect [org.hibernate.dialect.Oracle10gDialect]
2016-11-04 04:25:22 DEBUG DefaultIdentifierGeneratorFactory:107 - Setting dialect [org.hibernate.dialect.Oracle10gDialect]
2016-11-04 04:25:22 DEBUG DefaultIdentifierGeneratorFactory:107 - Setting dialect [org.hibernate.dialect.Oracle10gDialect]
2016-11-04 04:25:22 DEBUG DefaultIdentifierGeneratorFactory:107 - Setting dialect [org.hibernate.dialect.Oracle10gDialect]
2016-11-04 04:25:22 DEBUG AbstractEntityPersister:3373 - Static SQL for entity: com.niit.binder.model.JobApplication
2016-11-04 04:25:22 DEBUG AbstractEntityPersister:3375 -  Version select: select id from B_JOBAPPLICATION where id =?
2016-11-04 04:25:22 DEBUG AbstractEntityPersister:3376 -  Snapshot select: select jobapplica_.id, jobapplica_.jobId as jobId8_, jobapplica_.remarks as remarks8_, jobapplica_.status as status8_, jobapplica_.userId as userId8_ from B_JOBAPPLICATION jobapplica_ where jobapplica_.id=?
2016-11-04 04:25:22 DEBUG AbstractEntityPersister:3378 -  Insert 0: insert into B_JOBAPPLICATION (jobId, remarks, status, userId, id) values (?, ?, ?, ?, ?)
2016-11-04 04:25:22 DEBUG AbstractEntityPersister:3379 -  Update 0: update B_JOBAPPLICATION set jobId=?, remarks=?, status=?, userId=? where id=?
2016-11-04 04:25:22 DEBUG AbstractEntityPersister:3380 -  Delete 0: delete from B_JOBAPPLICATION where id=?
2016-11-04 04:25:22 DEBUG AbstractEntityPersister:3373 - Static SQL for entity: com.niit.binder.model.Friend
2016-11-04 04:25:22 DEBUG AbstractEntityPersister:3375 -  Version select: select id from B_FRIEND where id =?
2016-11-04 04:25:22 DEBUG AbstractEntityPersister:3376 -  Snapshot select: select friend_.id, friend_.friendId as friendId4_, friend_.isOnline as isOnline4_, friend_.status as status4_, friend_.userId as userId4_ from B_FRIEND friend_ where friend_.id=?
2016-11-04 04:25:22 DEBUG AbstractEntityPersister:3378 -  Insert 0: insert into B_FRIEND (friendId, isOnline, status, userId, id) values (?, ?, ?, ?, ?)
2016-11-04 04:25:22 DEBUG AbstractEntityPersister:3379 -  Update 0: update B_FRIEND set friendId=?, isOnline=?, status=?, userId=? where id=?
2016-11-04 04:25:22 DEBUG AbstractEntityPersister:3380 -  Delete 0: delete from B_FRIEND where id=?
2016-11-04 04:25:22 DEBUG AbstractEntityPersister:3373 - Static SQL for entity: com.niit.binder.model.Blog
2016-11-04 04:25:22 DEBUG AbstractEntityPersister:3375 -  Version select: select id from b_blog where id =?
2016-11-04 04:25:22 DEBUG AbstractEntityPersister:3376 -  Snapshot select: select blog_.id, blog_.content as content1_, blog_.post_date as post3_1_, blog_.reason as reason1_, blog_.status as status1_, blog_.title as title1_, blog_.userId as userId1_ from b_blog blog_ where blog_.id=?
2016-11-04 04:25:22 DEBUG AbstractEntityPersister:3378 -  Insert 0: insert into b_blog (content, post_date, reason, status, title, userId, id) values (?, ?, ?, ?, ?, ?, ?)
2016-11-04 04:25:22 DEBUG AbstractEntityPersister:3379 -  Update 0: update b_blog set content=?, post_date=?, reason=?, status=?, title=?, userId=? where id=?
2016-11-04 04:25:22 DEBUG AbstractEntityPersister:3380 -  Delete 0: delete from b_blog where id=?
2016-11-04 04:25:22 DEBUG AbstractEntityPersister:3373 - Static SQL for entity: com.niit.binder.model.Forum
2016-11-04 04:25:22 DEBUG AbstractEntityPersister:3375 -  Version select: select id from b_forum where id =?
2016-11-04 04:25:22 DEBUG AbstractEntityPersister:3376 -  Snapshot select: select forum_.id, forum_.description as descript2_6_, forum_.post_date as post3_6_, forum_.userId as userId6_ from b_forum forum_ where forum_.id=?
2016-11-04 04:25:22 DEBUG AbstractEntityPersister:3378 -  Insert 0: insert into b_forum (description, post_date, userId, id) values (?, ?, ?, ?)
2016-11-04 04:25:22 DEBUG AbstractEntityPersister:3379 -  Update 0: update b_forum set description=?, post_date=?, userId=? where id=?
2016-11-04 04:25:22 DEBUG AbstractEntityPersister:3380 -  Delete 0: delete from b_forum where id=?
2016-11-04 04:25:22 DEBUG AbstractEntityPersister:3373 - Static SQL for entity: com.niit.binder.model.Users
2016-11-04 04:25:22 DEBUG AbstractEntityPersister:3375 -  Version select: select id from B_USER where id =?
2016-11-04 04:25:22 DEBUG AbstractEntityPersister:3376 -  Snapshot select: select users_.id, users_.email as email0_, users_.gender as gender0_, users_.image as image0_, users_.isOnline as isOnline0_, users_.name as name0_, users_.password as password0_, users_.phone as phone0_, users_.photos as photos0_, users_.role as role0_ from B_USER users_ where users_.id=?
2016-11-04 04:25:22 DEBUG AbstractEntityPersister:3378 -  Insert 0: insert into B_USER (email, gender, image, isOnline, name, password, phone, photos, role, id) values (?, ?, ?, ?, ?, ?, ?, ?, ?, ?)
2016-11-04 04:25:22 DEBUG AbstractEntityPersister:3379 -  Update 0: update B_USER set email=?, gender=?, image=?, isOnline=?, name=?, password=?, phone=?, photos=?, role=? where id=?
2016-11-04 04:25:22 DEBUG AbstractEntityPersister:3380 -  Delete 0: delete from B_USER where id=?
2016-11-04 04:25:22 DEBUG AbstractEntityPersister:3373 - Static SQL for entity: com.niit.binder.model.ForumComment
2016-11-04 04:25:22 DEBUG AbstractEntityPersister:3375 -  Version select: select id from b_forumcomment where id =?
2016-11-04 04:25:22 DEBUG AbstractEntityPersister:3376 -  Snapshot select: select forumcomme_.id, forumcomme_.forum_comment as forum2_7_, forumcomme_.commented_date as commented3_7_, forumcomme_.forumId as forumId7_, forumcomme_.userId as userId7_ from b_forumcomment forumcomme_ where forumcomme_.id=?
2016-11-04 04:25:22 DEBUG AbstractEntityPersister:3378 -  Insert 0: insert into b_forumcomment (forum_comment, commented_date, forumId, userId, id) values (?, ?, ?, ?, ?)
2016-11-04 04:25:22 DEBUG AbstractEntityPersister:3379 -  Update 0: update b_forumcomment set forum_comment=?, commented_date=?, forumId=?, userId=? where id=?
2016-11-04 04:25:22 DEBUG AbstractEntityPersister:3380 -  Delete 0: delete from b_forumcomment where id=?
2016-11-04 04:25:22 DEBUG AbstractEntityPersister:3373 - Static SQL for entity: com.niit.binder.model.Job
2016-11-04 04:25:22 DEBUG AbstractEntityPersister:3375 -  Version select: select id from B_JOB where id =?
2016-11-04 04:25:22 DEBUG AbstractEntityPersister:3376 -  Snapshot select: select job_.id, job_.company_name as company2_5_, job_.post_date as post3_5_, job_.description as descript4_5_, job_.location as location5_, job_.noOfApplicants as noOfAppl6_5_, job_.status as status5_ from B_JOB job_ where job_.id=?
2016-11-04 04:25:22 DEBUG AbstractEntityPersister:3378 -  Insert 0: insert into B_JOB (company_name, post_date, description, location, noOfApplicants, status, id) values (?, ?, ?, ?, ?, ?, ?)
2016-11-04 04:25:22 DEBUG AbstractEntityPersister:3379 -  Update 0: update B_JOB set company_name=?, post_date=?, description=?, location=?, noOfApplicants=?, status=? where id=?
2016-11-04 04:25:22 DEBUG AbstractEntityPersister:3380 -  Delete 0: delete from B_JOB where id=?
2016-11-04 04:25:22 DEBUG AbstractEntityPersister:3373 - Static SQL for entity: com.niit.binder.model.Event
2016-11-04 04:25:22 DEBUG AbstractEntityPersister:3375 -  Version select: select id from b_event where id =?
2016-11-04 04:25:22 DEBUG AbstractEntityPersister:3376 -  Snapshot select: select event_.id, event_.event_date as event2_3_, event_.description as descript3_3_, event_.name as name3_, event_.venue as venue3_ from b_event event_ where event_.id=?
2016-11-04 04:25:22 DEBUG AbstractEntityPersister:3378 -  Insert 0: insert into b_event (event_date, description, name, venue, id) values (?, ?, ?, ?, ?)
2016-11-04 04:25:22 DEBUG AbstractEntityPersister:3379 -  Update 0: update b_event set event_date=?, description=?, name=?, venue=? where id=?
2016-11-04 04:25:22 DEBUG AbstractEntityPersister:3380 -  Delete 0: delete from b_event where id=?
2016-11-04 04:25:22 DEBUG AbstractEntityPersister:3373 - Static SQL for entity: com.niit.binder.model.Chat
2016-11-04 04:25:22 DEBUG AbstractEntityPersister:3375 -  Version select: select id from b_chat where id =?
2016-11-04 04:25:22 DEBUG AbstractEntityPersister:3376 -  Snapshot select: select chat_.id, chat_.content as content2_, chat_.dateTime as dateTime2_, chat_.receiverId as receiverId2_, chat_.senderId as senderId2_ from b_chat chat_ where chat_.id=?
2016-11-04 04:25:22 DEBUG AbstractEntityPersister:3378 -  Insert 0: insert into b_chat (content, dateTime, receiverId, senderId, id) values (?, ?, ?, ?, ?)
2016-11-04 04:25:22 DEBUG AbstractEntityPersister:3379 -  Update 0: update b_chat set content=?, dateTime=?, receiverId=?, senderId=? where id=?
2016-11-04 04:25:22 DEBUG AbstractEntityPersister:3380 -  Delete 0: delete from b_chat where id=?
2016-11-04 04:25:22 DEBUG Loader:123 - Static select for entity com.niit.binder.model.JobApplication [NONE]: select jobapplica0_.id as id8_0_, jobapplica0_.jobId as jobId8_0_, jobapplica0_.remarks as remarks8_0_, jobapplica0_.status as status8_0_, jobapplica0_.userId as userId8_0_ from B_JOBAPPLICATION jobapplica0_ where jobapplica0_.id=?
2016-11-04 04:25:22 DEBUG Loader:123 - Static select for entity com.niit.binder.model.JobApplication [READ]: select jobapplica0_.id as id8_0_, jobapplica0_.jobId as jobId8_0_, jobapplica0_.remarks as remarks8_0_, jobapplica0_.status as status8_0_, jobapplica0_.userId as userId8_0_ from B_JOBAPPLICATION jobapplica0_ where jobapplica0_.id=?
2016-11-04 04:25:22 DEBUG Loader:123 - Static select for entity com.niit.binder.model.JobApplication [UPGRADE]: select jobapplica0_.id as id8_0_, jobapplica0_.jobId as jobId8_0_, jobapplica0_.remarks as remarks8_0_, jobapplica0_.status as status8_0_, jobapplica0_.userId as userId8_0_ from B_JOBAPPLICATION jobapplica0_ where jobapplica0_.id=? for update
2016-11-04 04:25:22 DEBUG Loader:123 - Static select for entity com.niit.binder.model.JobApplication [UPGRADE_NOWAIT]: select jobapplica0_.id as id8_0_, jobapplica0_.jobId as jobId8_0_, jobapplica0_.remarks as remarks8_0_, jobapplica0_.status as status8_0_, jobapplica0_.userId as userId8_0_ from B_JOBAPPLICATION jobapplica0_ where jobapplica0_.id=? for update nowait
2016-11-04 04:25:22 DEBUG Loader:123 - Static select for entity com.niit.binder.model.JobApplication [FORCE]: select jobapplica0_.id as id8_0_, jobapplica0_.jobId as jobId8_0_, jobapplica0_.remarks as remarks8_0_, jobapplica0_.status as status8_0_, jobapplica0_.userId as userId8_0_ from B_JOBAPPLICATION jobapplica0_ where jobapplica0_.id=? for update nowait
2016-11-04 04:25:22 DEBUG Loader:123 - Static select for entity com.niit.binder.model.JobApplication [PESSIMISTIC_READ]: select jobapplica0_.id as id8_0_, jobapplica0_.jobId as jobId8_0_, jobapplica0_.remarks as remarks8_0_, jobapplica0_.status as status8_0_, jobapplica0_.userId as userId8_0_ from B_JOBAPPLICATION jobapplica0_ where jobapplica0_.id=? for update
2016-11-04 04:25:22 DEBUG Loader:123 - Static select for entity com.niit.binder.model.JobApplication [PESSIMISTIC_WRITE]: select jobapplica0_.id as id8_0_, jobapplica0_.jobId as jobId8_0_, jobapplica0_.remarks as remarks8_0_, jobapplica0_.status as status8_0_, jobapplica0_.userId as userId8_0_ from B_JOBAPPLICATION jobapplica0_ where jobapplica0_.id=? for update
2016-11-04 04:25:22 DEBUG Loader:123 - Static select for entity com.niit.binder.model.JobApplication [PESSIMISTIC_FORCE_INCREMENT]: select jobapplica0_.id as id8_0_, jobapplica0_.jobId as jobId8_0_, jobapplica0_.remarks as remarks8_0_, jobapplica0_.status as status8_0_, jobapplica0_.userId as userId8_0_ from B_JOBAPPLICATION jobapplica0_ where jobapplica0_.id=? for update nowait
2016-11-04 04:25:22 DEBUG Loader:123 - Static select for entity com.niit.binder.model.JobApplication [OPTIMISTIC]: select jobapplica0_.id as id8_0_, jobapplica0_.jobId as jobId8_0_, jobapplica0_.remarks as remarks8_0_, jobapplica0_.status as status8_0_, jobapplica0_.userId as userId8_0_ from B_JOBAPPLICATION jobapplica0_ where jobapplica0_.id=?
2016-11-04 04:25:22 DEBUG Loader:123 - Static select for entity com.niit.binder.model.JobApplication [OPTIMISTIC_FORCE_INCREMENT]: select jobapplica0_.id as id8_0_, jobapplica0_.jobId as jobId8_0_, jobapplica0_.remarks as remarks8_0_, jobapplica0_.status as status8_0_, jobapplica0_.userId as userId8_0_ from B_JOBAPPLICATION jobapplica0_ where jobapplica0_.id=?
2016-11-04 04:25:22 DEBUG Loader:56 - Static select for action ACTION_MERGE on entity com.niit.binder.model.JobApplication: select jobapplica0_.id as id8_0_, jobapplica0_.jobId as jobId8_0_, jobapplica0_.remarks as remarks8_0_, jobapplica0_.status as status8_0_, jobapplica0_.userId as userId8_0_ from B_JOBAPPLICATION jobapplica0_ where jobapplica0_.id=?
2016-11-04 04:25:22 DEBUG Loader:56 - Static select for action ACTION_REFRESH on entity com.niit.binder.model.JobApplication: select jobapplica0_.id as id8_0_, jobapplica0_.jobId as jobId8_0_, jobapplica0_.remarks as remarks8_0_, jobapplica0_.status as status8_0_, jobapplica0_.userId as userId8_0_ from B_JOBAPPLICATION jobapplica0_ where jobapplica0_.id=?
2016-11-04 04:25:22 DEBUG Loader:123 - Static select for entity com.niit.binder.model.Friend [NONE]: select friend0_.id as id4_0_, friend0_.friendId as friendId4_0_, friend0_.isOnline as isOnline4_0_, friend0_.status as status4_0_, friend0_.userId as userId4_0_ from B_FRIEND friend0_ where friend0_.id=?
2016-11-04 04:25:22 DEBUG Loader:123 - Static select for entity com.niit.binder.model.Friend [READ]: select friend0_.id as id4_0_, friend0_.friendId as friendId4_0_, friend0_.isOnline as isOnline4_0_, friend0_.status as status4_0_, friend0_.userId as userId4_0_ from B_FRIEND friend0_ where friend0_.id=?
2016-11-04 04:25:22 DEBUG Loader:123 - Static select for entity com.niit.binder.model.Friend [UPGRADE]: select friend0_.id as id4_0_, friend0_.friendId as friendId4_0_, friend0_.isOnline as isOnline4_0_, friend0_.status as status4_0_, friend0_.userId as userId4_0_ from B_FRIEND friend0_ where friend0_.id=? for update
2016-11-04 04:25:22 DEBUG Loader:123 - Static select for entity com.niit.binder.model.Friend [UPGRADE_NOWAIT]: select friend0_.id as id4_0_, friend0_.friendId as friendId4_0_, friend0_.isOnline as isOnline4_0_, friend0_.status as status4_0_, friend0_.userId as userId4_0_ from B_FRIEND friend0_ where friend0_.id=? for update nowait
2016-11-04 04:25:22 DEBUG Loader:123 - Static select for entity com.niit.binder.model.Friend [FORCE]: select friend0_.id as id4_0_, friend0_.friendId as friendId4_0_, friend0_.isOnline as isOnline4_0_, friend0_.status as status4_0_, friend0_.userId as userId4_0_ from B_FRIEND friend0_ where friend0_.id=? for update nowait
2016-11-04 04:25:22 DEBUG Loader:123 - Static select for entity com.niit.binder.model.Friend [PESSIMISTIC_READ]: select friend0_.id as id4_0_, friend0_.friendId as friendId4_0_, friend0_.isOnline as isOnline4_0_, friend0_.status as status4_0_, friend0_.userId as userId4_0_ from B_FRIEND friend0_ where friend0_.id=? for update
2016-11-04 04:25:22 DEBUG Loader:123 - Static select for entity com.niit.binder.model.Friend [PESSIMISTIC_WRITE]: select friend0_.id as id4_0_, friend0_.friendId as friendId4_0_, friend0_.isOnline as isOnline4_0_, friend0_.status as status4_0_, friend0_.userId as userId4_0_ from B_FRIEND friend0_ where friend0_.id=? for update
2016-11-04 04:25:22 DEBUG Loader:123 - Static select for entity com.niit.binder.model.Friend [PESSIMISTIC_FORCE_INCREMENT]: select friend0_.id as id4_0_, friend0_.friendId as friendId4_0_, friend0_.isOnline as isOnline4_0_, friend0_.status as status4_0_, friend0_.userId as userId4_0_ from B_FRIEND friend0_ where friend0_.id=? for update nowait
2016-11-04 04:25:22 DEBUG Loader:123 - Static select for entity com.niit.binder.model.Friend [OPTIMISTIC]: select friend0_.id as id4_0_, friend0_.friendId as friendId4_0_, friend0_.isOnline as isOnline4_0_, friend0_.status as status4_0_, friend0_.userId as userId4_0_ from B_FRIEND friend0_ where friend0_.id=?
2016-11-04 04:25:22 DEBUG Loader:123 - Static select for entity com.niit.binder.model.Friend [OPTIMISTIC_FORCE_INCREMENT]: select friend0_.id as id4_0_, friend0_.friendId as friendId4_0_, friend0_.isOnline as isOnline4_0_, friend0_.status as status4_0_, friend0_.userId as userId4_0_ from B_FRIEND friend0_ where friend0_.id=?
2016-11-04 04:25:22 DEBUG Loader:56 - Static select for action ACTION_MERGE on entity com.niit.binder.model.Friend: select friend0_.id as id4_0_, friend0_.friendId as friendId4_0_, friend0_.isOnline as isOnline4_0_, friend0_.status as status4_0_, friend0_.userId as userId4_0_ from B_FRIEND friend0_ where friend0_.id=?
2016-11-04 04:25:22 DEBUG Loader:56 - Static select for action ACTION_REFRESH on entity com.niit.binder.model.Friend: select friend0_.id as id4_0_, friend0_.friendId as friendId4_0_, friend0_.isOnline as isOnline4_0_, friend0_.status as status4_0_, friend0_.userId as userId4_0_ from B_FRIEND friend0_ where friend0_.id=?
2016-11-04 04:25:22 DEBUG Loader:123 - Static select for entity com.niit.binder.model.Blog [NONE]: select blog0_.id as id1_0_, blog0_.content as content1_0_, blog0_.post_date as post3_1_0_, blog0_.reason as reason1_0_, blog0_.status as status1_0_, blog0_.title as title1_0_, blog0_.userId as userId1_0_ from b_blog blog0_ where blog0_.id=?
2016-11-04 04:25:22 DEBUG Loader:123 - Static select for entity com.niit.binder.model.Blog [READ]: select blog0_.id as id1_0_, blog0_.content as content1_0_, blog0_.post_date as post3_1_0_, blog0_.reason as reason1_0_, blog0_.status as status1_0_, blog0_.title as title1_0_, blog0_.userId as userId1_0_ from b_blog blog0_ where blog0_.id=?
2016-11-04 04:25:22 DEBUG Loader:123 - Static select for entity com.niit.binder.model.Blog [UPGRADE]: select blog0_.id as id1_0_, blog0_.content as content1_0_, blog0_.post_date as post3_1_0_, blog0_.reason as reason1_0_, blog0_.status as status1_0_, blog0_.title as title1_0_, blog0_.userId as userId1_0_ from b_blog blog0_ where blog0_.id=? for update
2016-11-04 04:25:22 DEBUG Loader:123 - Static select for entity com.niit.binder.model.Blog [UPGRADE_NOWAIT]: select blog0_.id as id1_0_, blog0_.content as content1_0_, blog0_.post_date as post3_1_0_, blog0_.reason as reason1_0_, blog0_.status as status1_0_, blog0_.title as title1_0_, blog0_.userId as userId1_0_ from b_blog blog0_ where blog0_.id=? for update nowait
2016-11-04 04:25:22 DEBUG Loader:123 - Static select for entity com.niit.binder.model.Blog [FORCE]: select blog0_.id as id1_0_, blog0_.content as content1_0_, blog0_.post_date as post3_1_0_, blog0_.reason as reason1_0_, blog0_.status as status1_0_, blog0_.title as title1_0_, blog0_.userId as userId1_0_ from b_blog blog0_ where blog0_.id=? for update nowait
2016-11-04 04:25:22 DEBUG Loader:123 - Static select for entity com.niit.binder.model.Blog [PESSIMISTIC_READ]: select blog0_.id as id1_0_, blog0_.content as content1_0_, blog0_.post_date as post3_1_0_, blog0_.reason as reason1_0_, blog0_.status as status1_0_, blog0_.title as title1_0_, blog0_.userId as userId1_0_ from b_blog blog0_ where blog0_.id=? for update
2016-11-04 04:25:22 DEBUG Loader:123 - Static select for entity com.niit.binder.model.Blog [PESSIMISTIC_WRITE]: select blog0_.id as id1_0_, blog0_.content as content1_0_, blog0_.post_date as post3_1_0_, blog0_.reason as reason1_0_, blog0_.status as status1_0_, blog0_.title as title1_0_, blog0_.userId as userId1_0_ from b_blog blog0_ where blog0_.id=? for update
2016-11-04 04:25:22 DEBUG Loader:123 - Static select for entity com.niit.binder.model.Blog [PESSIMISTIC_FORCE_INCREMENT]: select blog0_.id as id1_0_, blog0_.content as content1_0_, blog0_.post_date as post3_1_0_, blog0_.reason as reason1_0_, blog0_.status as status1_0_, blog0_.title as title1_0_, blog0_.userId as userId1_0_ from b_blog blog0_ where blog0_.id=? for update nowait
2016-11-04 04:25:22 DEBUG Loader:123 - Static select for entity com.niit.binder.model.Blog [OPTIMISTIC]: select blog0_.id as id1_0_, blog0_.content as content1_0_, blog0_.post_date as post3_1_0_, blog0_.reason as reason1_0_, blog0_.status as status1_0_, blog0_.title as title1_0_, blog0_.userId as userId1_0_ from b_blog blog0_ where blog0_.id=?
2016-11-04 04:25:22 DEBUG Loader:123 - Static select for entity com.niit.binder.model.Blog [OPTIMISTIC_FORCE_INCREMENT]: select blog0_.id as id1_0_, blog0_.content as content1_0_, blog0_.post_date as post3_1_0_, blog0_.reason as reason1_0_, blog0_.status as status1_0_, blog0_.title as title1_0_, blog0_.userId as userId1_0_ from b_blog blog0_ where blog0_.id=?
2016-11-04 04:25:22 DEBUG Loader:56 - Static select for action ACTION_MERGE on entity com.niit.binder.model.Blog: select blog0_.id as id1_0_, blog0_.content as content1_0_, blog0_.post_date as post3_1_0_, blog0_.reason as reason1_0_, blog0_.status as status1_0_, blog0_.title as title1_0_, blog0_.userId as userId1_0_ from b_blog blog0_ where blog0_.id=?
2016-11-04 04:25:22 DEBUG Loader:56 - Static select for action ACTION_REFRESH on entity com.niit.binder.model.Blog: select blog0_.id as id1_0_, blog0_.content as content1_0_, blog0_.post_date as post3_1_0_, blog0_.reason as reason1_0_, blog0_.status as status1_0_, blog0_.title as title1_0_, blog0_.userId as userId1_0_ from b_blog blog0_ where blog0_.id=?
2016-11-04 04:25:22 DEBUG Loader:123 - Static select for entity com.niit.binder.model.Forum [NONE]: select forum0_.id as id6_0_, forum0_.description as descript2_6_0_, forum0_.post_date as post3_6_0_, forum0_.userId as userId6_0_ from b_forum forum0_ where forum0_.id=?
2016-11-04 04:25:22 DEBUG Loader:123 - Static select for entity com.niit.binder.model.Forum [READ]: select forum0_.id as id6_0_, forum0_.description as descript2_6_0_, forum0_.post_date as post3_6_0_, forum0_.userId as userId6_0_ from b_forum forum0_ where forum0_.id=?
2016-11-04 04:25:22 DEBUG Loader:123 - Static select for entity com.niit.binder.model.Forum [UPGRADE]: select forum0_.id as id6_0_, forum0_.description as descript2_6_0_, forum0_.post_date as post3_6_0_, forum0_.userId as userId6_0_ from b_forum forum0_ where forum0_.id=? for update
2016-11-04 04:25:22 DEBUG Loader:123 - Static select for entity com.niit.binder.model.Forum [UPGRADE_NOWAIT]: select forum0_.id as id6_0_, forum0_.description as descript2_6_0_, forum0_.post_date as post3_6_0_, forum0_.userId as userId6_0_ from b_forum forum0_ where forum0_.id=? for update nowait
2016-11-04 04:25:22 DEBUG Loader:123 - Static select for entity com.niit.binder.model.Forum [FORCE]: select forum0_.id as id6_0_, forum0_.description as descript2_6_0_, forum0_.post_date as post3_6_0_, forum0_.userId as userId6_0_ from b_forum forum0_ where forum0_.id=? for update nowait
2016-11-04 04:25:22 DEBUG Loader:123 - Static select for entity com.niit.binder.model.Forum [PESSIMISTIC_READ]: select forum0_.id as id6_0_, forum0_.description as descript2_6_0_, forum0_.post_date as post3_6_0_, forum0_.userId as userId6_0_ from b_forum forum0_ where forum0_.id=? for update
2016-11-04 04:25:22 DEBUG Loader:123 - Static select for entity com.niit.binder.model.Forum [PESSIMISTIC_WRITE]: select forum0_.id as id6_0_, forum0_.description as descript2_6_0_, forum0_.post_date as post3_6_0_, forum0_.userId as userId6_0_ from b_forum forum0_ where forum0_.id=? for update
2016-11-04 04:25:22 DEBUG Loader:123 - Static select for entity com.niit.binder.model.Forum [PESSIMISTIC_FORCE_INCREMENT]: select forum0_.id as id6_0_, forum0_.description as descript2_6_0_, forum0_.post_date as post3_6_0_, forum0_.userId as userId6_0_ from b_forum forum0_ where forum0_.id=? for update nowait
2016-11-04 04:25:22 DEBUG Loader:123 - Static select for entity com.niit.binder.model.Forum [OPTIMISTIC]: select forum0_.id as id6_0_, forum0_.description as descript2_6_0_, forum0_.post_date as post3_6_0_, forum0_.userId as userId6_0_ from b_forum forum0_ where forum0_.id=?
2016-11-04 04:25:22 DEBUG Loader:123 - Static select for entity com.niit.binder.model.Forum [OPTIMISTIC_FORCE_INCREMENT]: select forum0_.id as id6_0_, forum0_.description as descript2_6_0_, forum0_.post_date as post3_6_0_, forum0_.userId as userId6_0_ from b_forum forum0_ where forum0_.id=?
2016-11-04 04:25:22 DEBUG Loader:56 - Static select for action ACTION_MERGE on entity com.niit.binder.model.Forum: select forum0_.id as id6_0_, forum0_.description as descript2_6_0_, forum0_.post_date as post3_6_0_, forum0_.userId as userId6_0_ from b_forum forum0_ where forum0_.id=?
2016-11-04 04:25:22 DEBUG Loader:56 - Static select for action ACTION_REFRESH on entity com.niit.binder.model.Forum: select forum0_.id as id6_0_, forum0_.description as descript2_6_0_, forum0_.post_date as post3_6_0_, forum0_.userId as userId6_0_ from b_forum forum0_ where forum0_.id=?
2016-11-04 04:25:22 DEBUG Loader:123 - Static select for entity com.niit.binder.model.Users [NONE]: select users0_.id as id0_0_, users0_.email as email0_0_, users0_.gender as gender0_0_, users0_.image as image0_0_, users0_.isOnline as isOnline0_0_, users0_.name as name0_0_, users0_.password as password0_0_, users0_.phone as phone0_0_, users0_.photos as photos0_0_, users0_.role as role0_0_ from B_USER users0_ where users0_.id=?
2016-11-04 04:25:22 DEBUG Loader:123 - Static select for entity com.niit.binder.model.Users [READ]: select users0_.id as id0_0_, users0_.email as email0_0_, users0_.gender as gender0_0_, users0_.image as image0_0_, users0_.isOnline as isOnline0_0_, users0_.name as name0_0_, users0_.password as password0_0_, users0_.phone as phone0_0_, users0_.photos as photos0_0_, users0_.role as role0_0_ from B_USER users0_ where users0_.id=?
2016-11-04 04:25:22 DEBUG Loader:123 - Static select for entity com.niit.binder.model.Users [UPGRADE]: select users0_.id as id0_0_, users0_.email as email0_0_, users0_.gender as gender0_0_, users0_.image as image0_0_, users0_.isOnline as isOnline0_0_, users0_.name as name0_0_, users0_.password as password0_0_, users0_.phone as phone0_0_, users0_.photos as photos0_0_, users0_.role as role0_0_ from B_USER users0_ where users0_.id=? for update
2016-11-04 04:25:22 DEBUG Loader:123 - Static select for entity com.niit.binder.model.Users [UPGRADE_NOWAIT]: select users0_.id as id0_0_, users0_.email as email0_0_, users0_.gender as gender0_0_, users0_.image as image0_0_, users0_.isOnline as isOnline0_0_, users0_.name as name0_0_, users0_.password as password0_0_, users0_.phone as phone0_0_, users0_.photos as photos0_0_, users0_.role as role0_0_ from B_USER users0_ where users0_.id=? for update nowait
2016-11-04 04:25:22 DEBUG Loader:123 - Static select for entity com.niit.binder.model.Users [FORCE]: select users0_.id as id0_0_, users0_.email as email0_0_, users0_.gender as gender0_0_, users0_.image as image0_0_, users0_.isOnline as isOnline0_0_, users0_.name as name0_0_, users0_.password as password0_0_, users0_.phone as phone0_0_, users0_.photos as photos0_0_, users0_.role as role0_0_ from B_USER users0_ where users0_.id=? for update nowait
2016-11-04 04:25:22 DEBUG Loader:123 - Static select for entity com.niit.binder.model.Users [PESSIMISTIC_READ]: select users0_.id as id0_0_, users0_.email as email0_0_, users0_.gender as gender0_0_, users0_.image as image0_0_, users0_.isOnline as isOnline0_0_, users0_.name as name0_0_, users0_.password as password0_0_, users0_.phone as phone0_0_, users0_.photos as photos0_0_, users0_.role as role0_0_ from B_USER users0_ where users0_.id=? for update
2016-11-04 04:25:22 DEBUG Loader:123 - Static select for entity com.niit.binder.model.Users [PESSIMISTIC_WRITE]: select users0_.id as id0_0_, users0_.email as email0_0_, users0_.gender as gender0_0_, users0_.image as image0_0_, users0_.isOnline as isOnline0_0_, users0_.name as name0_0_, users0_.password as password0_0_, users0_.phone as phone0_0_, users0_.photos as photos0_0_, users0_.role as role0_0_ from B_USER users0_ where users0_.id=? for update
2016-11-04 04:25:22 DEBUG Loader:123 - Static select for entity com.niit.binder.model.Users [PESSIMISTIC_FORCE_INCREMENT]: select users0_.id as id0_0_, users0_.email as email0_0_, users0_.gender as gender0_0_, users0_.image as image0_0_, users0_.isOnline as isOnline0_0_, users0_.name as name0_0_, users0_.password as password0_0_, users0_.phone as phone0_0_, users0_.photos as photos0_0_, users0_.role as role0_0_ from B_USER users0_ where users0_.id=? for update nowait
2016-11-04 04:25:22 DEBUG Loader:123 - Static select for entity com.niit.binder.model.Users [OPTIMISTIC]: select users0_.id as id0_0_, users0_.email as email0_0_, users0_.gender as gender0_0_, users0_.image as image0_0_, users0_.isOnline as isOnline0_0_, users0_.name as name0_0_, users0_.password as password0_0_, users0_.phone as phone0_0_, users0_.photos as photos0_0_, users0_.role as role0_0_ from B_USER users0_ where users0_.id=?
2016-11-04 04:25:22 DEBUG Loader:123 - Static select for entity com.niit.binder.model.Users [OPTIMISTIC_FORCE_INCREMENT]: select users0_.id as id0_0_, users0_.email as email0_0_, users0_.gender as gender0_0_, users0_.image as image0_0_, users0_.isOnline as isOnline0_0_, users0_.name as name0_0_, users0_.password as password0_0_, users0_.phone as phone0_0_, users0_.photos as photos0_0_, users0_.role as role0_0_ from B_USER users0_ where users0_.id=?
2016-11-04 04:25:22 DEBUG Loader:56 - Static select for action ACTION_MERGE on entity com.niit.binder.model.Users: select users0_.id as id0_0_, users0_.email as email0_0_, users0_.gender as gender0_0_, users0_.image as image0_0_, users0_.isOnline as isOnline0_0_, users0_.name as name0_0_, users0_.password as password0_0_, users0_.phone as phone0_0_, users0_.photos as photos0_0_, users0_.role as role0_0_ from B_USER users0_ where users0_.id=?
2016-11-04 04:25:22 DEBUG Loader:56 - Static select for action ACTION_REFRESH on entity com.niit.binder.model.Users: select users0_.id as id0_0_, users0_.email as email0_0_, users0_.gender as gender0_0_, users0_.image as image0_0_, users0_.isOnline as isOnline0_0_, users0_.name as name0_0_, users0_.password as password0_0_, users0_.phone as phone0_0_, users0_.photos as photos0_0_, users0_.role as role0_0_ from B_USER users0_ where users0_.id=?
2016-11-04 04:25:22 DEBUG Loader:123 - Static select for entity com.niit.binder.model.ForumComment [NONE]: select forumcomme0_.id as id7_0_, forumcomme0_.forum_comment as forum2_7_0_, forumcomme0_.commented_date as commented3_7_0_, forumcomme0_.forumId as forumId7_0_, forumcomme0_.userId as userId7_0_ from b_forumcomment forumcomme0_ where forumcomme0_.id=?
2016-11-04 04:25:22 DEBUG Loader:123 - Static select for entity com.niit.binder.model.ForumComment [READ]: select forumcomme0_.id as id7_0_, forumcomme0_.forum_comment as forum2_7_0_, forumcomme0_.commented_date as commented3_7_0_, forumcomme0_.forumId as forumId7_0_, forumcomme0_.userId as userId7_0_ from b_forumcomment forumcomme0_ where forumcomme0_.id=?
2016-11-04 04:25:22 DEBUG Loader:123 - Static select for entity com.niit.binder.model.ForumComment [UPGRADE]: select forumcomme0_.id as id7_0_, forumcomme0_.forum_comment as forum2_7_0_, forumcomme0_.commented_date as commented3_7_0_, forumcomme0_.forumId as forumId7_0_, forumcomme0_.userId as userId7_0_ from b_forumcomment forumcomme0_ where forumcomme0_.id=? for update
2016-11-04 04:25:22 DEBUG Loader:123 - Static select for entity com.niit.binder.model.ForumComment [UPGRADE_NOWAIT]: select forumcomme0_.id as id7_0_, forumcomme0_.forum_comment as forum2_7_0_, forumcomme0_.commented_date as commented3_7_0_, forumcomme0_.forumId as forumId7_0_, forumcomme0_.userId as userId7_0_ from b_forumcomment forumcomme0_ where forumcomme0_.id=? for update nowait
2016-11-04 04:25:22 DEBUG Loader:123 - Static select for entity com.niit.binder.model.ForumComment [FORCE]: select forumcomme0_.id as id7_0_, forumcomme0_.forum_comment as forum2_7_0_, forumcomme0_.commented_date as commented3_7_0_, forumcomme0_.forumId as forumId7_0_, forumcomme0_.userId as userId7_0_ from b_forumcomment forumcomme0_ where forumcomme0_.id=? for update nowait
2016-11-04 04:25:22 DEBUG Loader:123 - Static select for entity com.niit.binder.model.ForumComment [PESSIMISTIC_READ]: select forumcomme0_.id as id7_0_, forumcomme0_.forum_comment as forum2_7_0_, forumcomme0_.commented_date as commented3_7_0_, forumcomme0_.forumId as forumId7_0_, forumcomme0_.userId as userId7_0_ from b_forumcomment forumcomme0_ where forumcomme0_.id=? for update
2016-11-04 04:25:22 DEBUG Loader:123 - Static select for entity com.niit.binder.model.ForumComment [PESSIMISTIC_WRITE]: select forumcomme0_.id as id7_0_, forumcomme0_.forum_comment as forum2_7_0_, forumcomme0_.commented_date as commented3_7_0_, forumcomme0_.forumId as forumId7_0_, forumcomme0_.userId as userId7_0_ from b_forumcomment forumcomme0_ where forumcomme0_.id=? for update
2016-11-04 04:25:22 DEBUG Loader:123 - Static select for entity com.niit.binder.model.ForumComment [PESSIMISTIC_FORCE_INCREMENT]: select forumcomme0_.id as id7_0_, forumcomme0_.forum_comment as forum2_7_0_, forumcomme0_.commented_date as commented3_7_0_, forumcomme0_.forumId as forumId7_0_, forumcomme0_.userId as userId7_0_ from b_forumcomment forumcomme0_ where forumcomme0_.id=? for update nowait
2016-11-04 04:25:22 DEBUG Loader:123 - Static select for entity com.niit.binder.model.ForumComment [OPTIMISTIC]: select forumcomme0_.id as id7_0_, forumcomme0_.forum_comment as forum2_7_0_, forumcomme0_.commented_date as commented3_7_0_, forumcomme0_.forumId as forumId7_0_, forumcomme0_.userId as userId7_0_ from b_forumcomment forumcomme0_ where forumcomme0_.id=?
2016-11-04 04:25:22 DEBUG Loader:123 - Static select for entity com.niit.binder.model.ForumComment [OPTIMISTIC_FORCE_INCREMENT]: select forumcomme0_.id as id7_0_, forumcomme0_.forum_comment as forum2_7_0_, forumcomme0_.commented_date as commented3_7_0_, forumcomme0_.forumId as forumId7_0_, forumcomme0_.userId as userId7_0_ from b_forumcomment forumcomme0_ where forumcomme0_.id=?
2016-11-04 04:25:22 DEBUG Loader:56 - Static select for action ACTION_MERGE on entity com.niit.binder.model.ForumComment: select forumcomme0_.id as id7_0_, forumcomme0_.forum_comment as forum2_7_0_, forumcomme0_.commented_date as commented3_7_0_, forumcomme0_.forumId as forumId7_0_, forumcomme0_.userId as userId7_0_ from b_forumcomment forumcomme0_ where forumcomme0_.id=?
2016-11-04 04:25:22 DEBUG Loader:56 - Static select for action ACTION_REFRESH on entity com.niit.binder.model.ForumComment: select forumcomme0_.id as id7_0_, forumcomme0_.forum_comment as forum2_7_0_, forumcomme0_.commented_date as commented3_7_0_, forumcomme0_.forumId as forumId7_0_, forumcomme0_.userId as userId7_0_ from b_forumcomment forumcomme0_ where forumcomme0_.id=?
2016-11-04 04:25:22 DEBUG Loader:123 - Static select for entity com.niit.binder.model.Job [NONE]: select job0_.id as id5_0_, job0_.company_name as company2_5_0_, job0_.post_date as post3_5_0_, job0_.description as descript4_5_0_, job0_.location as location5_0_, job0_.noOfApplicants as noOfAppl6_5_0_, job0_.status as status5_0_ from B_JOB job0_ where job0_.id=?
2016-11-04 04:25:22 DEBUG Loader:123 - Static select for entity com.niit.binder.model.Job [READ]: select job0_.id as id5_0_, job0_.company_name as company2_5_0_, job0_.post_date as post3_5_0_, job0_.description as descript4_5_0_, job0_.location as location5_0_, job0_.noOfApplicants as noOfAppl6_5_0_, job0_.status as status5_0_ from B_JOB job0_ where job0_.id=?
2016-11-04 04:25:22 DEBUG Loader:123 - Static select for entity com.niit.binder.model.Job [UPGRADE]: select job0_.id as id5_0_, job0_.company_name as company2_5_0_, job0_.post_date as post3_5_0_, job0_.description as descript4_5_0_, job0_.location as location5_0_, job0_.noOfApplicants as noOfAppl6_5_0_, job0_.status as status5_0_ from B_JOB job0_ where job0_.id=? for update
2016-11-04 04:25:22 DEBUG Loader:123 - Static select for entity com.niit.binder.model.Job [UPGRADE_NOWAIT]: select job0_.id as id5_0_, job0_.company_name as company2_5_0_, job0_.post_date as post3_5_0_, job0_.description as descript4_5_0_, job0_.location as location5_0_, job0_.noOfApplicants as noOfAppl6_5_0_, job0_.status as status5_0_ from B_JOB job0_ where job0_.id=? for update nowait
2016-11-04 04:25:22 DEBUG Loader:123 - Static select for entity com.niit.binder.model.Job [FORCE]: select job0_.id as id5_0_, job0_.company_name as company2_5_0_, job0_.post_date as post3_5_0_, job0_.description as descript4_5_0_, job0_.location as location5_0_, job0_.noOfApplicants as noOfAppl6_5_0_, job0_.status as status5_0_ from B_JOB job0_ where job0_.id=? for update nowait
2016-11-04 04:25:22 DEBUG Loader:123 - Static select for entity com.niit.binder.model.Job [PESSIMISTIC_READ]: select job0_.id as id5_0_, job0_.company_name as company2_5_0_, job0_.post_date as post3_5_0_, job0_.description as descript4_5_0_, job0_.location as location5_0_, job0_.noOfApplicants as noOfAppl6_5_0_, job0_.status as status5_0_ from B_JOB job0_ where job0_.id=? for update
2016-11-04 04:25:22 DEBUG Loader:123 - Static select for entity com.niit.binder.model.Job [PESSIMISTIC_WRITE]: select job0_.id as id5_0_, job0_.company_name as company2_5_0_, job0_.post_date as post3_5_0_, job0_.description as descript4_5_0_, job0_.location as location5_0_, job0_.noOfApplicants as noOfAppl6_5_0_, job0_.status as status5_0_ from B_JOB job0_ where job0_.id=? for update
2016-11-04 04:25:22 DEBUG Loader:123 - Static select for entity com.niit.binder.model.Job [PESSIMISTIC_FORCE_INCREMENT]: select job0_.id as id5_0_, job0_.company_name as company2_5_0_, job0_.post_date as post3_5_0_, job0_.description as descript4_5_0_, job0_.location as location5_0_, job0_.noOfApplicants as noOfAppl6_5_0_, job0_.status as status5_0_ from B_JOB job0_ where job0_.id=? for update nowait
2016-11-04 04:25:22 DEBUG Loader:123 - Static select for entity com.niit.binder.model.Job [OPTIMISTIC]: select job0_.id as id5_0_, job0_.company_name as company2_5_0_, job0_.post_date as post3_5_0_, job0_.description as descript4_5_0_, job0_.location as location5_0_, job0_.noOfApplicants as noOfAppl6_5_0_, job0_.status as status5_0_ from B_JOB job0_ where job0_.id=?
2016-11-04 04:25:22 DEBUG Loader:123 - Static select for entity com.niit.binder.model.Job [OPTIMISTIC_FORCE_INCREMENT]: select job0_.id as id5_0_, job0_.company_name as company2_5_0_, job0_.post_date as post3_5_0_, job0_.description as descript4_5_0_, job0_.location as location5_0_, job0_.noOfApplicants as noOfAppl6_5_0_, job0_.status as status5_0_ from B_JOB job0_ where job0_.id=?
2016-11-04 04:25:22 DEBUG Loader:56 - Static select for action ACTION_MERGE on entity com.niit.binder.model.Job: select job0_.id as id5_0_, job0_.company_name as company2_5_0_, job0_.post_date as post3_5_0_, job0_.description as descript4_5_0_, job0_.location as location5_0_, job0_.noOfApplicants as noOfAppl6_5_0_, job0_.status as status5_0_ from B_JOB job0_ where job0_.id=?
2016-11-04 04:25:22 DEBUG Loader:56 - Static select for action ACTION_REFRESH on entity com.niit.binder.model.Job: select job0_.id as id5_0_, job0_.company_name as company2_5_0_, job0_.post_date as post3_5_0_, job0_.description as descript4_5_0_, job0_.location as location5_0_, job0_.noOfApplicants as noOfAppl6_5_0_, job0_.status as status5_0_ from B_JOB job0_ where job0_.id=?
2016-11-04 04:25:22 DEBUG Loader:123 - Static select for entity com.niit.binder.model.Event [NONE]: select event0_.id as id3_0_, event0_.event_date as event2_3_0_, event0_.description as descript3_3_0_, event0_.name as name3_0_, event0_.venue as venue3_0_ from b_event event0_ where event0_.id=?
2016-11-04 04:25:22 DEBUG Loader:123 - Static select for entity com.niit.binder.model.Event [READ]: select event0_.id as id3_0_, event0_.event_date as event2_3_0_, event0_.description as descript3_3_0_, event0_.name as name3_0_, event0_.venue as venue3_0_ from b_event event0_ where event0_.id=?
2016-11-04 04:25:22 DEBUG Loader:123 - Static select for entity com.niit.binder.model.Event [UPGRADE]: select event0_.id as id3_0_, event0_.event_date as event2_3_0_, event0_.description as descript3_3_0_, event0_.name as name3_0_, event0_.venue as venue3_0_ from b_event event0_ where event0_.id=? for update
2016-11-04 04:25:22 DEBUG Loader:123 - Static select for entity com.niit.binder.model.Event [UPGRADE_NOWAIT]: select event0_.id as id3_0_, event0_.event_date as event2_3_0_, event0_.description as descript3_3_0_, event0_.name as name3_0_, event0_.venue as venue3_0_ from b_event event0_ where event0_.id=? for update nowait
2016-11-04 04:25:22 DEBUG Loader:123 - Static select for entity com.niit.binder.model.Event [FORCE]: select event0_.id as id3_0_, event0_.event_date as event2_3_0_, event0_.description as descript3_3_0_, event0_.name as name3_0_, event0_.venue as venue3_0_ from b_event event0_ where event0_.id=? for update nowait
2016-11-04 04:25:22 DEBUG Loader:123 - Static select for entity com.niit.binder.model.Event [PESSIMISTIC_READ]: select event0_.id as id3_0_, event0_.event_date as event2_3_0_, event0_.description as descript3_3_0_, event0_.name as name3_0_, event0_.venue as venue3_0_ from b_event event0_ where event0_.id=? for update
2016-11-04 04:25:22 DEBUG Loader:123 - Static select for entity com.niit.binder.model.Event [PESSIMISTIC_WRITE]: select event0_.id as id3_0_, event0_.event_date as event2_3_0_, event0_.description as descript3_3_0_, event0_.name as name3_0_, event0_.venue as venue3_0_ from b_event event0_ where event0_.id=? for update
2016-11-04 04:25:22 DEBUG Loader:123 - Static select for entity com.niit.binder.model.Event [PESSIMISTIC_FORCE_INCREMENT]: select event0_.id as id3_0_, event0_.event_date as event2_3_0_, event0_.description as descript3_3_0_, event0_.name as name3_0_, event0_.venue as venue3_0_ from b_event event0_ where event0_.id=? for update nowait
2016-11-04 04:25:22 DEBUG Loader:123 - Static select for entity com.niit.binder.model.Event [OPTIMISTIC]: select event0_.id as id3_0_, event0_.event_date as event2_3_0_, event0_.description as descript3_3_0_, event0_.name as name3_0_, event0_.venue as venue3_0_ from b_event event0_ where event0_.id=?
2016-11-04 04:25:22 DEBUG Loader:123 - Static select for entity com.niit.binder.model.Event [OPTIMISTIC_FORCE_INCREMENT]: select event0_.id as id3_0_, event0_.event_date as event2_3_0_, event0_.description as descript3_3_0_, event0_.name as name3_0_, event0_.venue as venue3_0_ from b_event event0_ where event0_.id=?
2016-11-04 04:25:22 DEBUG Loader:56 - Static select for action ACTION_MERGE on entity com.niit.binder.model.Event: select event0_.id as id3_0_, event0_.event_date as event2_3_0_, event0_.description as descript3_3_0_, event0_.name as name3_0_, event0_.venue as venue3_0_ from b_event event0_ where event0_.id=?
2016-11-04 04:25:22 DEBUG Loader:56 - Static select for action ACTION_REFRESH on entity com.niit.binder.model.Event: select event0_.id as id3_0_, event0_.event_date as event2_3_0_, event0_.description as descript3_3_0_, event0_.name as name3_0_, event0_.venue as venue3_0_ from b_event event0_ where event0_.id=?
2016-11-04 04:25:22 DEBUG Loader:123 - Static select for entity com.niit.binder.model.Chat [NONE]: select chat0_.id as id2_0_, chat0_.content as content2_0_, chat0_.dateTime as dateTime2_0_, chat0_.receiverId as receiverId2_0_, chat0_.senderId as senderId2_0_ from b_chat chat0_ where chat0_.id=?
2016-11-04 04:25:22 DEBUG Loader:123 - Static select for entity com.niit.binder.model.Chat [READ]: select chat0_.id as id2_0_, chat0_.content as content2_0_, chat0_.dateTime as dateTime2_0_, chat0_.receiverId as receiverId2_0_, chat0_.senderId as senderId2_0_ from b_chat chat0_ where chat0_.id=?
2016-11-04 04:25:22 DEBUG Loader:123 - Static select for entity com.niit.binder.model.Chat [UPGRADE]: select chat0_.id as id2_0_, chat0_.content as content2_0_, chat0_.dateTime as dateTime2_0_, chat0_.receiverId as receiverId2_0_, chat0_.senderId as senderId2_0_ from b_chat chat0_ where chat0_.id=? for update
2016-11-04 04:25:22 DEBUG Loader:123 - Static select for entity com.niit.binder.model.Chat [UPGRADE_NOWAIT]: select chat0_.id as id2_0_, chat0_.content as content2_0_, chat0_.dateTime as dateTime2_0_, chat0_.receiverId as receiverId2_0_, chat0_.senderId as senderId2_0_ from b_chat chat0_ where chat0_.id=? for update nowait
2016-11-04 04:25:22 DEBUG Loader:123 - Static select for entity com.niit.binder.model.Chat [FORCE]: select chat0_.id as id2_0_, chat0_.content as content2_0_, chat0_.dateTime as dateTime2_0_, chat0_.receiverId as receiverId2_0_, chat0_.senderId as senderId2_0_ from b_chat chat0_ where chat0_.id=? for update nowait
2016-11-04 04:25:22 DEBUG Loader:123 - Static select for entity com.niit.binder.model.Chat [PESSIMISTIC_READ]: select chat0_.id as id2_0_, chat0_.content as content2_0_, chat0_.dateTime as dateTime2_0_, chat0_.receiverId as receiverId2_0_, chat0_.senderId as senderId2_0_ from b_chat chat0_ where chat0_.id=? for update
2016-11-04 04:25:22 DEBUG Loader:123 - Static select for entity com.niit.binder.model.Chat [PESSIMISTIC_WRITE]: select chat0_.id as id2_0_, chat0_.content as content2_0_, chat0_.dateTime as dateTime2_0_, chat0_.receiverId as receiverId2_0_, chat0_.senderId as senderId2_0_ from b_chat chat0_ where chat0_.id=? for update
2016-11-04 04:25:22 DEBUG Loader:123 - Static select for entity com.niit.binder.model.Chat [PESSIMISTIC_FORCE_INCREMENT]: select chat0_.id as id2_0_, chat0_.content as content2_0_, chat0_.dateTime as dateTime2_0_, chat0_.receiverId as receiverId2_0_, chat0_.senderId as senderId2_0_ from b_chat chat0_ where chat0_.id=? for update nowait
2016-11-04 04:25:22 DEBUG Loader:123 - Static select for entity com.niit.binder.model.Chat [OPTIMISTIC]: select chat0_.id as id2_0_, chat0_.content as content2_0_, chat0_.dateTime as dateTime2_0_, chat0_.receiverId as receiverId2_0_, chat0_.senderId as senderId2_0_ from b_chat chat0_ where chat0_.id=?
2016-11-04 04:25:22 DEBUG Loader:123 - Static select for entity com.niit.binder.model.Chat [OPTIMISTIC_FORCE_INCREMENT]: select chat0_.id as id2_0_, chat0_.content as content2_0_, chat0_.dateTime as dateTime2_0_, chat0_.receiverId as receiverId2_0_, chat0_.senderId as senderId2_0_ from b_chat chat0_ where chat0_.id=?
2016-11-04 04:25:22 DEBUG Loader:56 - Static select for action ACTION_MERGE on entity com.niit.binder.model.Chat: select chat0_.id as id2_0_, chat0_.content as content2_0_, chat0_.dateTime as dateTime2_0_, chat0_.receiverId as receiverId2_0_, chat0_.senderId as senderId2_0_ from b_chat chat0_ where chat0_.id=?
2016-11-04 04:25:22 DEBUG Loader:56 - Static select for action ACTION_REFRESH on entity com.niit.binder.model.Chat: select chat0_.id as id2_0_, chat0_.content as content2_0_, chat0_.dateTime as dateTime2_0_, chat0_.receiverId as receiverId2_0_, chat0_.senderId as senderId2_0_ from b_chat chat0_ where chat0_.id=?
2016-11-04 04:25:22 DEBUG SessionFactoryRegistry:62 - Initializing SessionFactoryRegistry : org.hibernate.internal.SessionFactoryRegistry@356a0d
2016-11-04 04:25:22 DEBUG SessionFactoryRegistry:75 - Registering SessionFactory: 3a07f741-66e7-4bb8-a4e5-8a3327f7cb12 (&lt;unnamed&gt;)
2016-11-04 04:25:22 DEBUG SessionFactoryRegistry:82 - Not binding SessionFactory to JNDI, no JNDI name configured
2016-11-04 04:25:22 DEBUG SessionFactoryImpl:449 - Instantiated session factory
2016-11-04 04:25:22 DEBUG SessionFactoryImpl:963 - Checking 0 named HQL queries
2016-11-04 04:25:22 DEBUG SessionFactoryImpl:984 - Checking 0 named SQL queries
2016-11-04 04:25:22 DEBUG StatisticsInitiator:110 - Statistics initialized [enabled=false]
2016-11-04 04:25:22 DEBUG DefaultListableBeanFactory:529 - Eagerly caching bean &apos;sessionFactory&apos; to allow for resolving potential circular references
2016-11-04 04:25:22 DEBUG DefaultListableBeanFactory:251 - Returning cached instance of singleton bean &apos;org.springframework.transaction.config.internalTransactionAdvisor&apos;
2016-11-04 04:25:22 DEBUG DefaultListableBeanFactory:484 - Finished creating instance of bean &apos;sessionFactory&apos;
2016-11-04 04:25:22 DEBUG AutowiredAnnotationBeanPostProcessor:516 - Autowiring by type from bean name &apos;blogDAO&apos; to bean named &apos;sessionFactory&apos;
2016-11-04 04:25:22 DEBUG DefaultListableBeanFactory:251 - Returning cached instance of singleton bean &apos;org.springframework.transaction.config.internalTransactionAdvisor&apos;
2016-11-04 04:25:22 DEBUG AnnotationTransactionAttributeSource:108 - Adding transactional method &apos;BlogDAOImpl.get&apos; with attribute: PROPAGATION_REQUIRED,ISOLATION_DEFAULT; &apos;&apos;
2016-11-04 04:25:22 DEBUG InfrastructureAdvisorAutoProxyCreator:528 - Creating implicit proxy for bean &apos;blogDAO&apos; with 0 common interceptors and 1 specific interceptors
2016-11-04 04:25:22 DEBUG JdkDynamicAopProxy:118 - Creating JDK dynamic proxy: target source is SingletonTargetSource for target object [com.niit.binder.dao.impl.BlogDAOImpl@18a7441]
2016-11-04 04:25:22 DEBUG DefaultListableBeanFactory:484 - Finished creating instance of bean &apos;blogDAO&apos;
2016-11-04 04:25:22 DEBUG AutowiredAnnotationBeanPostProcessor:516 - Autowiring by type from bean name &apos;blogController&apos; to bean named &apos;blogDAO&apos;
2016-11-04 04:25:22 DEBUG DefaultListableBeanFactory:251 - Returning cached instance of singleton bean &apos;org.springframework.transaction.config.internalTransactionAdvisor&apos;
2016-11-04 04:25:22 DEBUG DefaultListableBeanFactory:484 - Finished creating instance of bean &apos;blogController&apos;
2016-11-04 04:25:22 DEBUG DefaultListableBeanFactory:221 - Creating shared instance of singleton bean &apos;eventController&apos;
2016-11-04 04:25:22 DEBUG DefaultListableBeanFactory:448 - Creating instance of bean &apos;eventController&apos;
2016-11-04 04:25:22 DEBUG InjectionMetadata:72 - Registered injected element on class [com.niit.binder.controller.EventController]: AutowiredFieldElement for com.niit.binder.dao.EventDAO com.niit.binder.controller.EventController.eventDAO
2016-11-04 04:25:22 DEBUG DefaultListableBeanFactory:529 - Eagerly caching bean &apos;eventController&apos; to allow for resolving potential circular references
2016-11-04 04:25:22 DEBUG InjectionMetadata:86 - Processing injected element of bean &apos;eventController&apos;: AutowiredFieldElement for com.niit.binder.dao.EventDAO com.niit.binder.controller.EventController.eventDAO
2016-11-04 04:25:22 DEBUG DefaultListableBeanFactory:221 - Creating shared instance of singleton bean &apos;eventDAO&apos;
2016-11-04 04:25:22 DEBUG DefaultListableBeanFactory:448 - Creating instance of bean &apos;eventDAO&apos;
2016-11-04 04:25:22 DEBUG InjectionMetadata:72 - Registered injected element on class [com.niit.binder.dao.impl.EventDAOImpl]: AutowiredFieldElement for private org.hibernate.SessionFactory com.niit.binder.dao.impl.EventDAOImpl.sessionFactory
2016-11-04 04:25:22 DEBUG DefaultListableBeanFactory:529 - Eagerly caching bean &apos;eventDAO&apos; to allow for resolving potential circular references
2016-11-04 04:25:22 DEBUG InjectionMetadata:86 - Processing injected element of bean &apos;eventDAO&apos;: AutowiredFieldElement for private org.hibernate.SessionFactory com.niit.binder.dao.impl.EventDAOImpl.sessionFactory
2016-11-04 04:25:22 DEBUG DefaultListableBeanFactory:251 - Returning cached instance of singleton bean &apos;sessionFactory&apos;
2016-11-04 04:25:22 DEBUG AutowiredAnnotationBeanPostProcessor:516 - Autowiring by type from bean name &apos;eventDAO&apos; to bean named &apos;sessionFactory&apos;
2016-11-04 04:25:22 DEBUG DefaultListableBeanFactory:251 - Returning cached instance of singleton bean &apos;org.springframework.transaction.config.internalTransactionAdvisor&apos;
2016-11-04 04:25:22 DEBUG AnnotationTransactionAttributeSource:108 - Adding transactional method &apos;EventDAOImpl.get&apos; with attribute: PROPAGATION_REQUIRED,ISOLATION_DEFAULT; &apos;&apos;
2016-11-04 04:25:22 DEBUG InfrastructureAdvisorAutoProxyCreator:528 - Creating implicit proxy for bean &apos;eventDAO&apos; with 0 common interceptors and 1 specific interceptors
2016-11-04 04:25:22 DEBUG JdkDynamicAopProxy:118 - Creating JDK dynamic proxy: target source is SingletonTargetSource for target object [com.niit.binder.dao.impl.EventDAOImpl@1d37757]
2016-11-04 04:25:22 DEBUG DefaultListableBeanFactory:484 - Finished creating instance of bean &apos;eventDAO&apos;
2016-11-04 04:25:22 DEBUG AutowiredAnnotationBeanPostProcessor:516 - Autowiring by type from bean name &apos;eventController&apos; to bean named &apos;eventDAO&apos;
2016-11-04 04:25:22 DEBUG DefaultListableBeanFactory:251 - Returning cached instance of singleton bean &apos;org.springframework.transaction.config.internalTransactionAdvisor&apos;
2016-11-04 04:25:22 DEBUG DefaultListableBeanFactory:484 - Finished creating instance of bean &apos;eventController&apos;
2016-11-04 04:25:22 DEBUG DefaultListableBeanFactory:221 - Creating shared instance of singleton bean &apos;forumCommentController&apos;
2016-11-04 04:25:22 DEBUG DefaultListableBeanFactory:448 - Creating instance of bean &apos;forumCommentController&apos;
2016-11-04 04:25:22 DEBUG InjectionMetadata:72 - Registered injected element on class [com.niit.binder.controller.ForumCommentController]: AutowiredFieldElement for com.niit.binder.dao.ForumCommentDAO com.niit.binder.controller.ForumCommentController.forumCommentDAO
2016-11-04 04:25:22 DEBUG DefaultListableBeanFactory:529 - Eagerly caching bean &apos;forumCommentController&apos; to allow for resolving potential circular references
2016-11-04 04:25:22 DEBUG InjectionMetadata:86 - Processing injected element of bean &apos;forumCommentController&apos;: AutowiredFieldElement for com.niit.binder.dao.ForumCommentDAO com.niit.binder.controller.ForumCommentController.forumCommentDAO
2016-11-04 04:25:22 DEBUG DefaultListableBeanFactory:221 - Creating shared instance of singleton bean &apos;forumCommentDAO&apos;
2016-11-04 04:25:22 DEBUG DefaultListableBeanFactory:448 - Creating instance of bean &apos;forumCommentDAO&apos;
2016-11-04 04:25:22 DEBUG InjectionMetadata:72 - Registered injected element on class [com.niit.binder.dao.impl.ForumCommentDAOImpl]: AutowiredFieldElement for private org.hibernate.SessionFactory com.niit.binder.dao.impl.ForumCommentDAOImpl.sessionFactory
2016-11-04 04:25:22 DEBUG DefaultListableBeanFactory:529 - Eagerly caching bean &apos;forumCommentDAO&apos; to allow for resolving potential circular references
2016-11-04 04:25:22 DEBUG InjectionMetadata:86 - Processing injected element of bean &apos;forumCommentDAO&apos;: AutowiredFieldElement for private org.hibernate.SessionFactory com.niit.binder.dao.impl.ForumCommentDAOImpl.sessionFactory
2016-11-04 04:25:22 DEBUG DefaultListableBeanFactory:251 - Returning cached instance of singleton bean &apos;sessionFactory&apos;
2016-11-04 04:25:22 DEBUG AutowiredAnnotationBeanPostProcessor:516 - Autowiring by type from bean name &apos;forumCommentDAO&apos; to bean named &apos;sessionFactory&apos;
2016-11-04 04:25:22 DEBUG DefaultListableBeanFactory:251 - Returning cached instance of singleton bean &apos;org.springframework.transaction.config.internalTransactionAdvisor&apos;
2016-11-04 04:25:22 DEBUG AnnotationTransactionAttributeSource:108 - Adding transactional method &apos;ForumCommentDAOImpl.get&apos; with attribute: PROPAGATION_REQUIRED,ISOLATION_DEFAULT; &apos;&apos;
2016-11-04 04:25:22 DEBUG InfrastructureAdvisorAutoProxyCreator:528 - Creating implicit proxy for bean &apos;forumCommentDAO&apos; with 0 common interceptors and 1 specific interceptors
2016-11-04 04:25:22 DEBUG JdkDynamicAopProxy:118 - Creating JDK dynamic proxy: target source is SingletonTargetSource for target object [com.niit.binder.dao.impl.ForumCommentDAOImpl@82c44a]
2016-11-04 04:25:22 DEBUG DefaultListableBeanFactory:484 - Finished creating instance of bean &apos;forumCommentDAO&apos;
2016-11-04 04:25:22 DEBUG AutowiredAnnotationBeanPostProcessor:516 - Autowiring by type from bean name &apos;forumCommentController&apos; to bean named &apos;forumCommentDAO&apos;
2016-11-04 04:25:22 DEBUG DefaultListableBeanFactory:251 - Returning cached instance of singleton bean &apos;org.springframework.transaction.config.internalTransactionAdvisor&apos;
2016-11-04 04:25:22 DEBUG DefaultListableBeanFactory:484 - Finished creating instance of bean &apos;forumCommentController&apos;
2016-11-04 04:25:22 DEBUG DefaultListableBeanFactory:221 - Creating shared instance of singleton bean &apos;forumController&apos;
2016-11-04 04:25:22 DEBUG DefaultListableBeanFactory:448 - Creating instance of bean &apos;forumController&apos;
2016-11-04 04:25:22 DEBUG InjectionMetadata:72 - Registered injected element on class [com.niit.binder.controller.ForumController]: AutowiredFieldElement for com.niit.binder.dao.ForumDAO com.niit.binder.controller.ForumController.forumDAO
2016-11-04 04:25:22 DEBUG DefaultListableBeanFactory:529 - Eagerly caching bean &apos;forumController&apos; to allow for resolving potential circular references
2016-11-04 04:25:22 DEBUG InjectionMetadata:86 - Processing injected element of bean &apos;forumController&apos;: AutowiredFieldElement for com.niit.binder.dao.ForumDAO com.niit.binder.controller.ForumController.forumDAO
2016-11-04 04:25:22 DEBUG DefaultListableBeanFactory:221 - Creating shared instance of singleton bean &apos;forumDAO&apos;
2016-11-04 04:25:22 DEBUG DefaultListableBeanFactory:448 - Creating instance of bean &apos;forumDAO&apos;
2016-11-04 04:25:22 DEBUG InjectionMetadata:72 - Registered injected element on class [com.niit.binder.dao.impl.ForumDAOImpl]: AutowiredFieldElement for private org.hibernate.SessionFactory com.niit.binder.dao.impl.ForumDAOImpl.sessionFactory
2016-11-04 04:25:22 DEBUG DefaultListableBeanFactory:529 - Eagerly caching bean &apos;forumDAO&apos; to allow for resolving potential circular references
2016-11-04 04:25:22 DEBUG InjectionMetadata:86 - Processing injected element of bean &apos;forumDAO&apos;: AutowiredFieldElement for private org.hibernate.SessionFactory com.niit.binder.dao.impl.ForumDAOImpl.sessionFactory
2016-11-04 04:25:22 DEBUG DefaultListableBeanFactory:251 - Returning cached instance of singleton bean &apos;sessionFactory&apos;
2016-11-04 04:25:22 DEBUG AutowiredAnnotationBeanPostProcessor:516 - Autowiring by type from bean name &apos;forumDAO&apos; to bean named &apos;sessionFactory&apos;
2016-11-04 04:25:22 DEBUG DefaultListableBeanFactory:251 - Returning cached instance of singleton bean &apos;org.springframework.transaction.config.internalTransactionAdvisor&apos;
2016-11-04 04:25:22 DEBUG AnnotationTransactionAttributeSource:108 - Adding transactional method &apos;ForumDAOImpl.get&apos; with attribute: PROPAGATION_REQUIRED,ISOLATION_DEFAULT; &apos;&apos;
2016-11-04 04:25:22 DEBUG InfrastructureAdvisorAutoProxyCreator:528 - Creating implicit proxy for bean &apos;forumDAO&apos; with 0 common interceptors and 1 specific interceptors
2016-11-04 04:25:22 DEBUG JdkDynamicAopProxy:118 - Creating JDK dynamic proxy: target source is SingletonTargetSource for target object [com.niit.binder.dao.impl.ForumDAOImpl@52f555]
2016-11-04 04:25:22 DEBUG DefaultListableBeanFactory:484 - Finished creating instance of bean &apos;forumDAO&apos;
2016-11-04 04:25:22 DEBUG AutowiredAnnotationBeanPostProcessor:516 - Autowiring by type from bean name &apos;forumController&apos; to bean named &apos;forumDAO&apos;
2016-11-04 04:25:22 DEBUG DefaultListableBeanFactory:251 - Returning cached instance of singleton bean &apos;org.springframework.transaction.config.internalTransactionAdvisor&apos;
2016-11-04 04:25:22 DEBUG DefaultListableBeanFactory:484 - Finished creating instance of bean &apos;forumController&apos;
2016-11-04 04:25:22 DEBUG DefaultListableBeanFactory:221 - Creating shared instance of singleton bean &apos;friendController&apos;
2016-11-04 04:25:22 DEBUG DefaultListableBeanFactory:448 - Creating instance of bean &apos;friendController&apos;
2016-11-04 04:25:22 DEBUG InjectionMetadata:72 - Registered injected element on class [com.niit.binder.controller.FriendController]: AutowiredFieldElement for com.niit.binder.model.Friend com.niit.binder.controller.FriendController.friend
2016-11-04 04:25:22 DEBUG InjectionMetadata:72 - Registered injected element on class [com.niit.binder.controller.FriendController]: AutowiredFieldElement for com.niit.binder.dao.FriendDAO com.niit.binder.controller.FriendController.friendDAO
2016-11-04 04:25:22 DEBUG DefaultListableBeanFactory:529 - Eagerly caching bean &apos;friendController&apos; to allow for resolving potential circular references
2016-11-04 04:25:22 DEBUG InjectionMetadata:86 - Processing injected element of bean &apos;friendController&apos;: AutowiredFieldElement for com.niit.binder.model.Friend com.niit.binder.controller.FriendController.friend
2016-11-04 04:25:22 DEBUG DefaultListableBeanFactory:221 - Creating shared instance of singleton bean &apos;friend&apos;
2016-11-04 04:25:22 DEBUG DefaultListableBeanFactory:448 - Creating instance of bean &apos;friend&apos;
2016-11-04 04:25:22 DEBUG DefaultListableBeanFactory:529 - Eagerly caching bean &apos;friend&apos; to allow for resolving potential circular references
2016-11-04 04:25:22 DEBUG DefaultListableBeanFactory:251 - Returning cached instance of singleton bean &apos;org.springframework.transaction.config.internalTransactionAdvisor&apos;
2016-11-04 04:25:22 DEBUG DefaultListableBeanFactory:484 - Finished creating instance of bean &apos;friend&apos;
2016-11-04 04:25:22 DEBUG AutowiredAnnotationBeanPostProcessor:516 - Autowiring by type from bean name &apos;friendController&apos; to bean named &apos;friend&apos;
2016-11-04 04:25:22 DEBUG InjectionMetadata:86 - Processing injected element of bean &apos;friendController&apos;: AutowiredFieldElement for com.niit.binder.dao.FriendDAO com.niit.binder.controller.FriendController.friendDAO
2016-11-04 04:25:22 DEBUG DefaultListableBeanFactory:221 - Creating shared instance of singleton bean &apos;friendDAO&apos;
2016-11-04 04:25:22 DEBUG DefaultListableBeanFactory:448 - Creating instance of bean &apos;friendDAO&apos;
2016-11-04 04:25:22 DEBUG InjectionMetadata:72 - Registered injected element on class [com.niit.binder.dao.impl.FriendDAOImpl]: AutowiredFieldElement for private org.hibernate.SessionFactory com.niit.binder.dao.impl.FriendDAOImpl.sessionFactory
2016-11-04 04:25:22 DEBUG DefaultListableBeanFactory:529 - Eagerly caching bean &apos;friendDAO&apos; to allow for resolving potential circular references
2016-11-04 04:25:22 DEBUG InjectionMetadata:86 - Processing injected element of bean &apos;friendDAO&apos;: AutowiredFieldElement for private org.hibernate.SessionFactory com.niit.binder.dao.impl.FriendDAOImpl.sessionFactory
2016-11-04 04:25:22 DEBUG DefaultListableBeanFactory:251 - Returning cached instance of singleton bean &apos;sessionFactory&apos;
2016-11-04 04:25:22 DEBUG AutowiredAnnotationBeanPostProcessor:516 - Autowiring by type from bean name &apos;friendDAO&apos; to bean named &apos;sessionFactory&apos;
2016-11-04 04:25:22 DEBUG DefaultListableBeanFactory:251 - Returning cached instance of singleton bean &apos;org.springframework.transaction.config.internalTransactionAdvisor&apos;
2016-11-04 04:25:22 DEBUG AnnotationTransactionAttributeSource:108 - Adding transactional method &apos;FriendDAOImpl.get&apos; with attribute: PROPAGATION_REQUIRED,ISOLATION_DEFAULT; &apos;&apos;
2016-11-04 04:25:22 DEBUG InfrastructureAdvisorAutoProxyCreator:528 - Creating implicit proxy for bean &apos;friendDAO&apos; with 0 common interceptors and 1 specific interceptors
2016-11-04 04:25:22 DEBUG JdkDynamicAopProxy:118 - Creating JDK dynamic proxy: target source is SingletonTargetSource for target object [com.niit.binder.dao.impl.FriendDAOImpl@a529dc]
2016-11-04 04:25:22 DEBUG DefaultListableBeanFactory:484 - Finished creating instance of bean &apos;friendDAO&apos;
2016-11-04 04:25:22 DEBUG AutowiredAnnotationBeanPostProcessor:516 - Autowiring by type from bean name &apos;friendController&apos; to bean named &apos;friendDAO&apos;
2016-11-04 04:25:22 DEBUG DefaultListableBeanFactory:251 - Returning cached instance of singleton bean &apos;org.springframework.transaction.config.internalTransactionAdvisor&apos;
2016-11-04 04:25:22 DEBUG DefaultListableBeanFactory:484 - Finished creating instance of bean &apos;friendController&apos;
2016-11-04 04:25:22 DEBUG DefaultListableBeanFactory:221 - Creating shared instance of singleton bean &apos;jobController&apos;
2016-11-04 04:25:22 DEBUG DefaultListableBeanFactory:448 - Creating instance of bean &apos;jobController&apos;
2016-11-04 04:25:22 DEBUG InjectionMetadata:72 - Registered injected element on class [com.niit.binder.controller.JobController]: AutowiredFieldElement for com.niit.binder.model.Job com.niit.binder.controller.JobController.job
2016-11-04 04:25:22 DEBUG InjectionMetadata:72 - Registered injected element on class [com.niit.binder.controller.JobController]: AutowiredFieldElement for com.niit.binder.model.JobApplication com.niit.binder.controller.JobController.jobApplication
2016-11-04 04:25:22 DEBUG InjectionMetadata:72 - Registered injected element on class [com.niit.binder.controller.JobController]: AutowiredFieldElement for com.niit.binder.dao.JobDAO com.niit.binder.controller.JobController.jobDAO
2016-11-04 04:25:22 DEBUG DefaultListableBeanFactory:529 - Eagerly caching bean &apos;jobController&apos; to allow for resolving potential circular references
2016-11-04 04:25:22 DEBUG InjectionMetadata:86 - Processing injected element of bean &apos;jobController&apos;: AutowiredFieldElement for com.niit.binder.model.Job com.niit.binder.controller.JobController.job
2016-11-04 04:25:22 DEBUG DefaultListableBeanFactory:221 - Creating shared instance of singleton bean &apos;job&apos;
2016-11-04 04:25:22 DEBUG DefaultListableBeanFactory:448 - Creating instance of bean &apos;job&apos;
2016-11-04 04:25:22 DEBUG DefaultListableBeanFactory:529 - Eagerly caching bean &apos;job&apos; to allow for resolving potential circular references
2016-11-04 04:25:22 DEBUG DefaultListableBeanFactory:251 - Returning cached instance of singleton bean &apos;org.springframework.transaction.config.internalTransactionAdvisor&apos;
2016-11-04 04:25:22 DEBUG DefaultListableBeanFactory:484 - Finished creating instance of bean &apos;job&apos;
2016-11-04 04:25:23 DEBUG AutowiredAnnotationBeanPostProcessor:516 - Autowiring by type from bean name &apos;jobController&apos; to bean named &apos;job&apos;
2016-11-04 04:25:23 DEBUG InjectionMetadata:86 - Processing injected element of bean &apos;jobController&apos;: AutowiredFieldElement for com.niit.binder.model.JobApplication com.niit.binder.controller.JobController.jobApplication
2016-11-04 04:25:23 DEBUG DefaultListableBeanFactory:221 - Creating shared instance of singleton bean &apos;jobApplication&apos;
2016-11-04 04:25:23 DEBUG DefaultListableBeanFactory:448 - Creating instance of bean &apos;jobApplication&apos;
2016-11-04 04:25:23 DEBUG DefaultListableBeanFactory:529 - Eagerly caching bean &apos;jobApplication&apos; to allow for resolving potential circular references
2016-11-04 04:25:23 DEBUG DefaultListableBeanFactory:251 - Returning cached instance of singleton bean &apos;org.springframework.transaction.config.internalTransactionAdvisor&apos;
2016-11-04 04:25:23 DEBUG DefaultListableBeanFactory:484 - Finished creating instance of bean &apos;jobApplication&apos;
2016-11-04 04:25:23 DEBUG AutowiredAnnotationBeanPostProcessor:516 - Autowiring by type from bean name &apos;jobController&apos; to bean named &apos;jobApplication&apos;
2016-11-04 04:25:23 DEBUG InjectionMetadata:86 - Processing injected element of bean &apos;jobController&apos;: AutowiredFieldElement for com.niit.binder.dao.JobDAO com.niit.binder.controller.JobController.jobDAO
2016-11-04 04:25:23 DEBUG DefaultListableBeanFactory:221 - Creating shared instance of singleton bean &apos;jobDAO&apos;
2016-11-04 04:25:23 DEBUG DefaultListableBeanFactory:448 - Creating instance of bean &apos;jobDAO&apos;
2016-11-04 04:25:23 DEBUG InjectionMetadata:72 - Registered injected element on class [com.niit.binder.dao.impl.JobDAOImpl]: AutowiredFieldElement for private org.hibernate.SessionFactory com.niit.binder.dao.impl.JobDAOImpl.sessionFactory
2016-11-04 04:25:23 DEBUG DefaultListableBeanFactory:529 - Eagerly caching bean &apos;jobDAO&apos; to allow for resolving potential circular references
2016-11-04 04:25:23 DEBUG InjectionMetadata:86 - Processing injected element of bean &apos;jobDAO&apos;: AutowiredFieldElement for private org.hibernate.SessionFactory com.niit.binder.dao.impl.JobDAOImpl.sessionFactory
2016-11-04 04:25:23 DEBUG DefaultListableBeanFactory:251 - Returning cached instance of singleton bean &apos;sessionFactory&apos;
2016-11-04 04:25:23 DEBUG AutowiredAnnotationBeanPostProcessor:516 - Autowiring by type from bean name &apos;jobDAO&apos; to bean named &apos;sessionFactory&apos;
2016-11-04 04:25:23 DEBUG DefaultListableBeanFactory:251 - Returning cached instance of singleton bean &apos;org.springframework.transaction.config.internalTransactionAdvisor&apos;
2016-11-04 04:25:23 DEBUG AnnotationTransactionAttributeSource:108 - Adding transactional method &apos;JobDAOImpl.get&apos; with attribute: PROPAGATION_REQUIRED,ISOLATION_DEFAULT; &apos;&apos;
2016-11-04 04:25:23 DEBUG InfrastructureAdvisorAutoProxyCreator:528 - Creating implicit proxy for bean &apos;jobDAO&apos; with 0 common interceptors and 1 specific interceptors
2016-11-04 04:25:23 DEBUG JdkDynamicAopProxy:118 - Creating JDK dynamic proxy: target source is SingletonTargetSource for target object [com.niit.binder.dao.impl.JobDAOImpl@7c04c4]
2016-11-04 04:25:23 DEBUG DefaultListableBeanFactory:484 - Finished creating instance of bean &apos;jobDAO&apos;
2016-11-04 04:25:23 DEBUG AutowiredAnnotationBeanPostProcessor:516 - Autowiring by type from bean name &apos;jobController&apos; to bean named &apos;jobDAO&apos;
2016-11-04 04:25:23 DEBUG DefaultListableBeanFactory:251 - Returning cached instance of singleton bean &apos;org.springframework.transaction.config.internalTransactionAdvisor&apos;
2016-11-04 04:25:23 DEBUG DefaultListableBeanFactory:484 - Finished creating instance of bean &apos;jobController&apos;
2016-11-04 04:25:23 DEBUG DefaultListableBeanFactory:221 - Creating shared instance of singleton bean &apos;myController&apos;
2016-11-04 04:25:23 DEBUG DefaultListableBeanFactory:448 - Creating instance of bean &apos;myController&apos;
2016-11-04 04:25:23 DEBUG DefaultListableBeanFactory:529 - Eagerly caching bean &apos;myController&apos; to allow for resolving potential circular references
2016-11-04 04:25:23 DEBUG DefaultListableBeanFactory:251 - Returning cached instance of singleton bean &apos;org.springframework.transaction.config.internalTransactionAdvisor&apos;
2016-11-04 04:25:23 DEBUG DefaultListableBeanFactory:484 - Finished creating instance of bean &apos;myController&apos;
2016-11-04 04:25:23 DEBUG DefaultListableBeanFactory:221 - Creating shared instance of singleton bean &apos;userController&apos;
2016-11-04 04:25:23 DEBUG DefaultListableBeanFactory:448 - Creating instance of bean &apos;userController&apos;
2016-11-04 04:25:23 DEBUG InjectionMetadata:72 - Registered injected element on class [com.niit.binder.controller.UserController]: AutowiredFieldElement for com.niit.binder.model.Users com.niit.binder.controller.UserController.users
2016-11-04 04:25:23 DEBUG InjectionMetadata:72 - Registered injected element on class [com.niit.binder.controller.UserController]: AutowiredFieldElement for com.niit.binder.dao.UserDAO com.niit.binder.controller.UserController.userDAO
2016-11-04 04:25:23 DEBUG InjectionMetadata:72 - Registered injected element on class [com.niit.binder.controller.UserController]: AutowiredFieldElement for com.niit.binder.dao.FriendDAO com.niit.binder.controller.UserController.friendDAO
2016-11-04 04:25:23 DEBUG DefaultListableBeanFactory:529 - Eagerly caching bean &apos;userController&apos; to allow for resolving potential circular references
2016-11-04 04:25:23 DEBUG InjectionMetadata:86 - Processing injected element of bean &apos;userController&apos;: AutowiredFieldElement for com.niit.binder.model.Users com.niit.binder.controller.UserController.users
2016-11-04 04:25:23 DEBUG DefaultListableBeanFactory:221 - Creating shared instance of singleton bean &apos;users&apos;
2016-11-04 04:25:23 DEBUG DefaultListableBeanFactory:448 - Creating instance of bean &apos;users&apos;
2016-11-04 04:25:23 DEBUG DefaultListableBeanFactory:529 - Eagerly caching bean &apos;users&apos; to allow for resolving potential circular references
2016-11-04 04:25:23 DEBUG DefaultListableBeanFactory:251 - Returning cached instance of singleton bean &apos;org.springframework.transaction.config.internalTransactionAdvisor&apos;
2016-11-04 04:25:23 DEBUG DefaultListableBeanFactory:484 - Finished creating instance of bean &apos;users&apos;
2016-11-04 04:25:23 DEBUG AutowiredAnnotationBeanPostProcessor:516 - Autowiring by type from bean name &apos;userController&apos; to bean named &apos;users&apos;
2016-11-04 04:25:23 DEBUG InjectionMetadata:86 - Processing injected element of bean &apos;userController&apos;: AutowiredFieldElement for com.niit.binder.dao.UserDAO com.niit.binder.controller.UserController.userDAO
2016-11-04 04:25:23 DEBUG DefaultListableBeanFactory:221 - Creating shared instance of singleton bean &apos;userDAO&apos;
2016-11-04 04:25:23 DEBUG DefaultListableBeanFactory:448 - Creating instance of bean &apos;userDAO&apos;
2016-11-04 04:25:23 DEBUG DefaultListableBeanFactory:251 - Returning cached instance of singleton bean &apos;applicationContextConfig&apos;
2016-11-04 04:25:23 DEBUG DefaultListableBeanFactory:251 - Returning cached instance of singleton bean &apos;sessionFactory&apos;
2016-11-04 04:25:23 DEBUG DefaultListableBeanFactory:757 - Autowiring by type from bean name &apos;userDAO&apos; via factory method to bean named &apos;sessionFactory&apos;
2016-11-04 04:25:23 DEBUG InjectionMetadata:72 - Registered injected element on class [com.niit.binder.dao.impl.UserDAOImpl]: AutowiredFieldElement for private org.hibernate.SessionFactory com.niit.binder.dao.impl.UserDAOImpl.sessionFactory
2016-11-04 04:25:23 DEBUG DefaultListableBeanFactory:529 - Eagerly caching bean &apos;userDAO&apos; to allow for resolving potential circular references
2016-11-04 04:25:23 DEBUG InjectionMetadata:86 - Processing injected element of bean &apos;userDAO&apos;: AutowiredFieldElement for private org.hibernate.SessionFactory com.niit.binder.dao.impl.UserDAOImpl.sessionFactory
2016-11-04 04:25:23 DEBUG DefaultListableBeanFactory:251 - Returning cached instance of singleton bean &apos;sessionFactory&apos;
2016-11-04 04:25:23 DEBUG AutowiredAnnotationBeanPostProcessor:516 - Autowiring by type from bean name &apos;userDAO&apos; to bean named &apos;sessionFactory&apos;
2016-11-04 04:25:23 DEBUG DefaultListableBeanFactory:251 - Returning cached instance of singleton bean &apos;org.springframework.transaction.config.internalTransactionAdvisor&apos;
2016-11-04 04:25:23 DEBUG AnnotationTransactionAttributeSource:108 - Adding transactional method &apos;UserDAOImpl.get&apos; with attribute: PROPAGATION_REQUIRED,ISOLATION_DEFAULT; &apos;&apos;
2016-11-04 04:25:23 DEBUG InfrastructureAdvisorAutoProxyCreator:528 - Creating implicit proxy for bean &apos;userDAO&apos; with 0 common interceptors and 1 specific interceptors
2016-11-04 04:25:23 DEBUG JdkDynamicAopProxy:118 - Creating JDK dynamic proxy: target source is SingletonTargetSource for target object [com.niit.binder.dao.impl.UserDAOImpl@1a06f52]
2016-11-04 04:25:23 DEBUG DefaultListableBeanFactory:484 - Finished creating instance of bean &apos;userDAO&apos;
2016-11-04 04:25:23 DEBUG AutowiredAnnotationBeanPostProcessor:516 - Autowiring by type from bean name &apos;userController&apos; to bean named &apos;userDAO&apos;
2016-11-04 04:25:23 DEBUG InjectionMetadata:86 - Processing injected element of bean &apos;userController&apos;: AutowiredFieldElement for com.niit.binder.dao.FriendDAO com.niit.binder.controller.UserController.friendDAO
2016-11-04 04:25:23 DEBUG DefaultListableBeanFactory:251 - Returning cached instance of singleton bean &apos;friendDAO&apos;
2016-11-04 04:25:23 DEBUG AutowiredAnnotationBeanPostProcessor:516 - Autowiring by type from bean name &apos;userController&apos; to bean named &apos;friendDAO&apos;
2016-11-04 04:25:23 DEBUG DefaultListableBeanFactory:251 - Returning cached instance of singleton bean &apos;org.springframework.transaction.config.internalTransactionAdvisor&apos;
2016-11-04 04:25:23 DEBUG DefaultListableBeanFactory:484 - Finished creating instance of bean &apos;userController&apos;
2016-11-04 04:25:23 DEBUG DefaultListableBeanFactory:251 - Returning cached instance of singleton bean &apos;blogDAO&apos;
2016-11-04 04:25:23 DEBUG DefaultListableBeanFactory:221 - Creating shared instance of singleton bean &apos;chatDAO&apos;
2016-11-04 04:25:23 DEBUG DefaultListableBeanFactory:448 - Creating instance of bean &apos;chatDAO&apos;
2016-11-04 04:25:23 DEBUG InjectionMetadata:72 - Registered injected element on class [com.niit.binder.dao.impl.ChatDAOImpl]: AutowiredFieldElement for private org.hibernate.SessionFactory com.niit.binder.dao.impl.ChatDAOImpl.sessionFactory
2016-11-04 04:25:23 DEBUG DefaultListableBeanFactory:529 - Eagerly caching bean &apos;chatDAO&apos; to allow for resolving potential circular references
2016-11-04 04:25:23 DEBUG InjectionMetadata:86 - Processing injected element of bean &apos;chatDAO&apos;: AutowiredFieldElement for private org.hibernate.SessionFactory com.niit.binder.dao.impl.ChatDAOImpl.sessionFactory
2016-11-04 04:25:23 DEBUG DefaultListableBeanFactory:251 - Returning cached instance of singleton bean &apos;sessionFactory&apos;
2016-11-04 04:25:23 DEBUG AutowiredAnnotationBeanPostProcessor:516 - Autowiring by type from bean name &apos;chatDAO&apos; to bean named &apos;sessionFactory&apos;
2016-11-04 04:25:23 DEBUG DefaultListableBeanFactory:251 - Returning cached instance of singleton bean &apos;org.springframework.transaction.config.internalTransactionAdvisor&apos;
2016-11-04 04:25:23 DEBUG AnnotationTransactionAttributeSource:108 - Adding transactional method &apos;ChatDAOImpl.get&apos; with attribute: PROPAGATION_REQUIRED,ISOLATION_DEFAULT; &apos;&apos;
2016-11-04 04:25:23 DEBUG InfrastructureAdvisorAutoProxyCreator:528 - Creating implicit proxy for bean &apos;chatDAO&apos; with 0 common interceptors and 1 specific interceptors
2016-11-04 04:25:23 DEBUG JdkDynamicAopProxy:118 - Creating JDK dynamic proxy: target source is SingletonTargetSource for target object [com.niit.binder.dao.impl.ChatDAOImpl@1bd55d8]
2016-11-04 04:25:23 DEBUG DefaultListableBeanFactory:484 - Finished creating instance of bean &apos;chatDAO&apos;
2016-11-04 04:25:23 DEBUG DefaultListableBeanFactory:251 - Returning cached instance of singleton bean &apos;eventDAO&apos;
2016-11-04 04:25:23 DEBUG DefaultListableBeanFactory:251 - Returning cached instance of singleton bean &apos;forumCommentDAO&apos;
2016-11-04 04:25:23 DEBUG DefaultListableBeanFactory:251 - Returning cached instance of singleton bean &apos;forumDAO&apos;
2016-11-04 04:25:23 DEBUG DefaultListableBeanFactory:251 - Returning cached instance of singleton bean &apos;friendDAO&apos;
2016-11-04 04:25:23 DEBUG DefaultListableBeanFactory:251 - Returning cached instance of singleton bean &apos;jobDAO&apos;
2016-11-04 04:25:23 DEBUG DefaultListableBeanFactory:251 - Returning cached instance of singleton bean &apos;userDAO&apos;
2016-11-04 04:25:23 DEBUG DefaultListableBeanFactory:221 - Creating shared instance of singleton bean &apos;baseDomain&apos;
2016-11-04 04:25:23 DEBUG DefaultListableBeanFactory:448 - Creating instance of bean &apos;baseDomain&apos;
2016-11-04 04:25:23 DEBUG DefaultListableBeanFactory:529 - Eagerly caching bean &apos;baseDomain&apos; to allow for resolving potential circular references
2016-11-04 04:25:23 DEBUG DefaultListableBeanFactory:251 - Returning cached instance of singleton bean &apos;org.springframework.transaction.config.internalTransactionAdvisor&apos;
2016-11-04 04:25:23 DEBUG DefaultListableBeanFactory:484 - Finished creating instance of bean &apos;baseDomain&apos;
2016-11-04 04:25:23 DEBUG DefaultListableBeanFactory:221 - Creating shared instance of singleton bean &apos;blog&apos;
2016-11-04 04:25:23 DEBUG DefaultListableBeanFactory:448 - Creating instance of bean &apos;blog&apos;
2016-11-04 04:25:23 DEBUG DefaultListableBeanFactory:529 - Eagerly caching bean &apos;blog&apos; to allow for resolving potential circular references
2016-11-04 04:25:23 DEBUG DefaultListableBeanFactory:251 - Returning cached instance of singleton bean &apos;org.springframework.transaction.config.internalTransactionAdvisor&apos;
2016-11-04 04:25:23 DEBUG DefaultListableBeanFactory:484 - Finished creating instance of bean &apos;blog&apos;
2016-11-04 04:25:23 DEBUG DefaultListableBeanFactory:221 - Creating shared instance of singleton bean &apos;chat&apos;
2016-11-04 04:25:23 DEBUG DefaultListableBeanFactory:448 - Creating instance of bean &apos;chat&apos;
2016-11-04 04:25:23 DEBUG DefaultListableBeanFactory:529 - Eagerly caching bean &apos;chat&apos; to allow for resolving potential circular references
2016-11-04 04:25:23 DEBUG DefaultListableBeanFactory:251 - Returning cached instance of singleton bean &apos;org.springframework.transaction.config.internalTransactionAdvisor&apos;
2016-11-04 04:25:23 DEBUG DefaultListableBeanFactory:484 - Finished creating instance of bean &apos;chat&apos;
2016-11-04 04:25:23 DEBUG DefaultListableBeanFactory:221 - Creating shared instance of singleton bean &apos;event&apos;
2016-11-04 04:25:23 DEBUG DefaultListableBeanFactory:448 - Creating instance of bean &apos;event&apos;
2016-11-04 04:25:23 DEBUG DefaultListableBeanFactory:529 - Eagerly caching bean &apos;event&apos; to allow for resolving potential circular references
2016-11-04 04:25:23 DEBUG DefaultListableBeanFactory:251 - Returning cached instance of singleton bean &apos;org.springframework.transaction.config.internalTransactionAdvisor&apos;
2016-11-04 04:25:23 DEBUG DefaultListableBeanFactory:484 - Finished creating instance of bean &apos;event&apos;
2016-11-04 04:25:23 DEBUG DefaultListableBeanFactory:221 - Creating shared instance of singleton bean &apos;forum&apos;
2016-11-04 04:25:23 DEBUG DefaultListableBeanFactory:448 - Creating instance of bean &apos;forum&apos;
2016-11-04 04:25:23 DEBUG DefaultListableBeanFactory:529 - Eagerly caching bean &apos;forum&apos; to allow for resolving potential circular references
2016-11-04 04:25:23 DEBUG DefaultListableBeanFactory:251 - Returning cached instance of singleton bean &apos;org.springframework.transaction.config.internalTransactionAdvisor&apos;
2016-11-04 04:25:23 DEBUG DefaultListableBeanFactory:484 - Finished creating instance of bean &apos;forum&apos;
2016-11-04 04:25:23 DEBUG DefaultListableBeanFactory:221 - Creating shared instance of singleton bean &apos;forumComment&apos;
2016-11-04 04:25:23 DEBUG DefaultListableBeanFactory:448 - Creating instance of bean &apos;forumComment&apos;
2016-11-04 04:25:23 DEBUG DefaultListableBeanFactory:529 - Eagerly caching bean &apos;forumComment&apos; to allow for resolving potential circular references
2016-11-04 04:25:23 DEBUG DefaultListableBeanFactory:251 - Returning cached instance of singleton bean &apos;org.springframework.transaction.config.internalTransactionAdvisor&apos;
2016-11-04 04:25:23 DEBUG DefaultListableBeanFactory:484 - Finished creating instance of bean &apos;forumComment&apos;
2016-11-04 04:25:23 DEBUG DefaultListableBeanFactory:251 - Returning cached instance of singleton bean &apos;friend&apos;
2016-11-04 04:25:23 DEBUG DefaultListableBeanFactory:251 - Returning cached instance of singleton bean &apos;job&apos;
2016-11-04 04:25:23 DEBUG DefaultListableBeanFactory:251 - Returning cached instance of singleton bean &apos;jobApplication&apos;
2016-11-04 04:25:23 DEBUG DefaultListableBeanFactory:251 - Returning cached instance of singleton bean &apos;users&apos;
2016-11-04 04:25:23 DEBUG DefaultListableBeanFactory:251 - Returning cached instance of singleton bean &apos;org.springframework.context.annotation.ConfigurationClassPostProcessor.importAwareProcessor&apos;
2016-11-04 04:25:23 DEBUG DefaultListableBeanFactory:251 - Returning cached instance of singleton bean &apos;org.springframework.context.annotation.ConfigurationClassPostProcessor.enhancedConfigurationProcessor&apos;
2016-11-04 04:25:23 DEBUG DefaultListableBeanFactory:251 - Returning cached instance of singleton bean &apos;org.springframework.transaction.annotation.ProxyTransactionManagementConfiguration&apos;
2016-11-04 04:25:23 DEBUG DefaultListableBeanFactory:251 - Returning cached instance of singleton bean &apos;org.springframework.transaction.config.internalTransactionAdvisor&apos;
2016-11-04 04:25:23 DEBUG DefaultListableBeanFactory:251 - Returning cached instance of singleton bean &apos;transactionAttributeSource&apos;
2016-11-04 04:25:23 DEBUG DefaultListableBeanFactory:251 - Returning cached instance of singleton bean &apos;transactionInterceptor&apos;
2016-11-04 04:25:23 DEBUG DefaultListableBeanFactory:221 - Creating shared instance of singleton bean &apos;org.springframework.transaction.config.internalTransactionalEventListenerFactory&apos;
2016-11-04 04:25:23 DEBUG DefaultListableBeanFactory:448 - Creating instance of bean &apos;org.springframework.transaction.config.internalTransactionalEventListenerFactory&apos;
2016-11-04 04:25:23 DEBUG DefaultListableBeanFactory:251 - Returning cached instance of singleton bean &apos;org.springframework.transaction.annotation.ProxyTransactionManagementConfiguration&apos;
2016-11-04 04:25:23 DEBUG DefaultListableBeanFactory:529 - Eagerly caching bean &apos;org.springframework.transaction.config.internalTransactionalEventListenerFactory&apos; to allow for resolving potential circular references
2016-11-04 04:25:23 DEBUG DefaultListableBeanFactory:251 - Returning cached instance of singleton bean &apos;org.springframework.transaction.config.internalTransactionAdvisor&apos;
2016-11-04 04:25:23 DEBUG DefaultListableBeanFactory:484 - Finished creating instance of bean &apos;org.springframework.transaction.config.internalTransactionalEventListenerFactory&apos;
2016-11-04 04:25:23 DEBUG DefaultListableBeanFactory:251 - Returning cached instance of singleton bean &apos;dataSource&apos;
2016-11-04 04:25:23 DEBUG DefaultListableBeanFactory:251 - Returning cached instance of singleton bean &apos;sessionFactory&apos;
2016-11-04 04:25:23 DEBUG DefaultListableBeanFactory:221 - Creating shared instance of singleton bean &apos;transactionManager&apos;
2016-11-04 04:25:23 DEBUG DefaultListableBeanFactory:448 - Creating instance of bean &apos;transactionManager&apos;
2016-11-04 04:25:23 DEBUG DefaultListableBeanFactory:251 - Returning cached instance of singleton bean &apos;applicationContextConfig&apos;
2016-11-04 04:25:23 DEBUG DefaultListableBeanFactory:251 - Returning cached instance of singleton bean &apos;sessionFactory&apos;
2016-11-04 04:25:23 DEBUG DefaultListableBeanFactory:757 - Autowiring by type from bean name &apos;transactionManager&apos; via factory method to bean named &apos;sessionFactory&apos;
2016-11-04 04:25:23 INFO  HibernateTransactionManager:360 - Using DataSource [org.springframework.jdbc.datasource.DriverManagerDataSource@8e319b] of Hibernate SessionFactory for HibernateTransactionManager
2016-11-04 04:25:23 DEBUG DefaultListableBeanFactory:529 - Eagerly caching bean &apos;transactionManager&apos; to allow for resolving potential circular references
2016-11-04 04:25:23 DEBUG DefaultListableBeanFactory:1620 - Invoking afterPropertiesSet() on bean with name &apos;transactionManager&apos;
2016-11-04 04:25:23 DEBUG DefaultListableBeanFactory:251 - Returning cached instance of singleton bean &apos;org.springframework.transaction.config.internalTransactionAdvisor&apos;
2016-11-04 04:25:23 DEBUG DefaultListableBeanFactory:484 - Finished creating instance of bean &apos;transactionManager&apos;
2016-11-04 04:25:23 DEBUG DefaultListableBeanFactory:251 - Returning cached instance of singleton bean &apos;org.springframework.aop.config.internalAutoProxyCreator&apos;
2016-11-04 04:25:23 DEBUG DefaultListableBeanFactory:251 - Returning cached instance of singleton bean &apos;org.springframework.context.event.internalEventListenerFactory&apos;
2016-11-04 04:25:23 DEBUG DefaultListableBeanFactory:251 - Returning cached instance of singleton bean &apos;org.springframework.transaction.config.internalTransactionalEventListenerFactory&apos;
2016-11-04 04:25:23 DEBUG AnnotationConfigApplicationContext:779 - Unable to locate LifecycleProcessor with name &apos;lifecycleProcessor&apos;: using default [org.springframework.context.support.DefaultLifecycleProcessor@1d7b27f]
2016-11-04 04:25:23 DEBUG DefaultListableBeanFactory:251 - Returning cached instance of singleton bean &apos;lifecycleProcessor&apos;
2016-11-04 04:25:23 DEBUG PropertySourcesPropertyResolver:91 - Could not find key &apos;spring.liveBeansView.mbeanDomain&apos; in any property source
2016-11-04 04:25:23 DEBUG DefaultListableBeanFactory:251 - Returning cached instance of singleton bean &apos;forumDAO&apos;
2016-11-04 04:25:23 DEBUG DefaultListableBeanFactory:251 - Returning cached instance of singleton bean &apos;forum&apos;
2016-11-04 04:25:23 DEBUG AnnotationTransactionAttributeSource:108 - Adding transactional method &apos;ForumDAOImpl.list&apos; with attribute: PROPAGATION_REQUIRED,ISOLATION_DEFAULT; &apos;&apos;
2016-11-04 04:25:23 DEBUG DefaultListableBeanFactory:251 - Returning cached instance of singleton bean &apos;transactionManager&apos;
2016-11-04 04:25:23 DEBUG HibernateTransactionManager:367 - Creating new transaction with name [com.niit.binder.dao.impl.ForumDAOImpl.list]: PROPAGATION_REQUIRED,ISOLATION_DEFAULT; &apos;&apos;
2016-11-04 04:25:23 DEBUG SessionImpl:243 - Opened session at timestamp: 14782137233
2016-11-04 04:25:23 DEBUG HibernateTransactionManager:438 - Opened new Session [SessionImpl(PersistenceContext[entityKeys=[],collectionKeys=[]];ActionQueue[insertions=[] updates=[] deletions=[] collectionCreations=[] collectionRemovals=[] collectionUpdates=[]])] for Hibernate transaction
2016-11-04 04:25:23 DEBUG HibernateTransactionManager:448 - Preparing JDBC Connection of Hibernate Session [SessionImpl(PersistenceContext[entityKeys=[],collectionKeys=[]];ActionQueue[insertions=[] updates=[] deletions=[] collectionCreations=[] collectionRemovals=[] collectionUpdates=[]])]
2016-11-04 04:25:23 DEBUG AbstractTransactionImpl:158 - begin
2016-11-04 04:25:23 DEBUG LogicalConnectionImpl:295 - Obtaining JDBC connection
2016-11-04 04:25:23 DEBUG DriverManagerDataSource:142 - Creating new JDBC DriverManager Connection to [jdbc:oracle:thin:@localhost:1521:XE]
2016-11-04 04:25:23 DEBUG LogicalConnectionImpl:301 - Obtained JDBC connection
2016-11-04 04:25:23 DEBUG JdbcTransaction:69 - initial autocommit status: true
2016-11-04 04:25:23 DEBUG JdbcTransaction:71 - disabling autocommit
2016-11-04 04:25:23 DEBUG HibernateTransactionManager:516 - Exposing Hibernate transaction as JDBC transaction [org.hibernate.engine.jdbc.internal.proxy.ConnectionProxyHandler@bc415e[valid=true]]
2016-11-04 04:25:23 DEBUG ForumDAOImpl:126 - **********Starting of list() method.
2016-11-04 04:25:23 DEBUG QueryTranslatorImpl:265 - parse() - HQL:  from com.niit.binder.model.Forum 
2016-11-04 04:25:23 DEBUG QueryTranslatorImpl:283 - --- HQL AST ---
 \-[QUERY] Node: &apos;query&apos;
    \-[SELECT_FROM] Node: &apos;SELECT_FROM&apos;
       \-[FROM] Node: &apos;from&apos;
          \-[RANGE] Node: &apos;RANGE&apos;
             \-[DOT] Node: &apos;.&apos;
                +-[DOT] Node: &apos;.&apos;
                |  +-[DOT] Node: &apos;.&apos;
                |  |  +-[DOT] Node: &apos;.&apos;
                |  |  |  +-[IDENT] Node: &apos;com&apos;
                |  |  |  \-[IDENT] Node: &apos;niit&apos;
                |  |  \-[IDENT] Node: &apos;binder&apos;
                |  \-[IDENT] Node: &apos;model&apos;
                \-[IDENT] Node: &apos;Forum&apos;

2016-11-04 04:25:23 DEBUG ErrorCounter:82 - throwQueryException() : no errors
2016-11-04 04:25:23 DEBUG HqlSqlBaseWalker:109 - select &lt;&lt; begin [level=1, statement=select]
2016-11-04 04:25:23 DEBUG FromElement:157 - FromClause{level=1} : com.niit.binder.model.Forum (&lt;no alias&gt;) -&gt; forum0_
2016-11-04 04:25:23 DEBUG HqlSqlBaseWalker:113 - select : finishing up [level=1, statement=select]
2016-11-04 04:25:23 DEBUG HqlSqlWalker:631 - processQuery() :  ( SELECT ( FromClause{level=1} b_forum forum0_ ) )
2016-11-04 04:25:23 DEBUG HqlSqlWalker:871 - Derived SELECT clause created.
2016-11-04 04:25:23 DEBUG JoinProcessor:175 - Using FROM fragment [b_forum forum0_]
2016-11-04 04:25:23 DEBUG HqlSqlBaseWalker:117 - select &gt;&gt; end [level=1, statement=select]
2016-11-04 04:25:23 DEBUG QueryTranslatorImpl:252 - --- SQL AST ---
 \-[SELECT] QueryNode: &apos;SELECT&apos;  querySpaces (b_forum)
    +-[SELECT_CLAUSE] SelectClause: &apos;{derived select clause}&apos;
    |  +-[SELECT_EXPR] SelectExpressionImpl: &apos;forum0_.id as id6_&apos; {FromElement{explicit,not a collection join,not a fetch join,fetch non-lazy properties,classAlias=null,role=null,tableName=b_forum,tableAlias=forum0_,origin=null,columns={,className=com.niit.binder.model.Forum}}}
    |  \-[SQL_TOKEN] SqlFragment: &apos;forum0_.description as descript2_6_, forum0_.post_date as post3_6_, forum0_.userId as userId6_&apos;
    \-[FROM] FromClause: &apos;from&apos; FromClause{level=1, fromElementCounter=1, fromElements=1, fromElementByClassAlias=[], fromElementByTableAlias=[forum0_], fromElementsByPath=[], collectionJoinFromElementsByPath=[], impliedElements=[]}
       \-[FROM_FRAGMENT] FromElement: &apos;b_forum forum0_&apos; FromElement{explicit,not a collection join,not a fetch join,fetch non-lazy properties,classAlias=null,role=null,tableName=b_forum,tableAlias=forum0_,origin=null,columns={,className=com.niit.binder.model.Forum}}

2016-11-04 04:25:23 DEBUG ErrorCounter:82 - throwQueryException() : no errors
2016-11-04 04:25:23 DEBUG QueryTranslatorImpl:235 - HQL:  from com.niit.binder.model.Forum 
2016-11-04 04:25:23 DEBUG QueryTranslatorImpl:236 - SQL: select forum0_.id as id6_, forum0_.description as descript2_6_, forum0_.post_date as post3_6_, forum0_.userId as userId6_ from b_forum forum0_
2016-11-04 04:25:23 DEBUG ErrorCounter:82 - throwQueryException() : no errors
2016-11-04 04:25:23 DEBUG ForumDAOImpl:129 - **********End of list() method.
2016-11-04 04:25:23 DEBUG SQL:104 - select forum0_.id as id6_, forum0_.description as descript2_6_, forum0_.post_date as post3_6_, forum0_.userId as userId6_ from b_forum forum0_
2016-11-04 04:25:23 DEBUG Loader:854 - Result set row: 0
2016-11-04 04:25:23 DEBUG Loader:1355 - Result row: EntityKey[com.niit.binder.model.Forum#forum002]
2016-11-04 04:25:23 DEBUG Loader:854 - Result set row: 1
2016-11-04 04:25:23 DEBUG Loader:1355 - Result row: EntityKey[com.niit.binder.model.Forum#forum003]
2016-11-04 04:25:23 DEBUG Loader:854 - Result set row: 2
2016-11-04 04:25:23 DEBUG Loader:1355 - Result row: EntityKey[com.niit.binder.model.Forum#forum004]
2016-11-04 04:25:23 DEBUG Loader:854 - Result set row: 3
2016-11-04 04:25:23 DEBUG Loader:1355 - Result row: EntityKey[com.niit.binder.model.Forum#forum005]
2016-11-04 04:25:23 DEBUG Loader:854 - Result set row: 4
2016-11-04 04:25:23 DEBUG Loader:1355 - Result row: EntityKey[com.niit.binder.model.Forum#forum001]
2016-11-04 04:25:23 DEBUG Loader:854 - Result set row: 5
2016-11-04 04:25:23 DEBUG Loader:1355 - Result row: EntityKey[com.niit.binder.model.Forum#forum006]
2016-11-04 04:25:23 DEBUG TwoPhaseLoad:140 - Resolving associations for [com.niit.binder.model.Forum#forum002]
2016-11-04 04:25:23 DEBUG TwoPhaseLoad:271 - Done materializing entity [com.niit.binder.model.Forum#forum002]
2016-11-04 04:25:23 DEBUG TwoPhaseLoad:140 - Resolving associations for [com.niit.binder.model.Forum#forum003]
2016-11-04 04:25:23 DEBUG TwoPhaseLoad:271 - Done materializing entity [com.niit.binder.model.Forum#forum003]
2016-11-04 04:25:23 DEBUG TwoPhaseLoad:140 - Resolving associations for [com.niit.binder.model.Forum#forum004]
2016-11-04 04:25:23 DEBUG TwoPhaseLoad:271 - Done materializing entity [com.niit.binder.model.Forum#forum004]
2016-11-04 04:25:23 DEBUG TwoPhaseLoad:140 - Resolving associations for [com.niit.binder.model.Forum#forum005]
2016-11-04 04:25:23 DEBUG TwoPhaseLoad:271 - Done materializing entity [com.niit.binder.model.Forum#forum005]
2016-11-04 04:25:23 DEBUG TwoPhaseLoad:140 - Resolving associations for [com.niit.binder.model.Forum#forum001]
2016-11-04 04:25:23 DEBUG TwoPhaseLoad:271 - Done materializing entity [com.niit.binder.model.Forum#forum001]
2016-11-04 04:25:23 DEBUG TwoPhaseLoad:140 - Resolving associations for [com.niit.binder.model.Forum#forum006]
2016-11-04 04:25:23 DEBUG TwoPhaseLoad:271 - Done materializing entity [com.niit.binder.model.Forum#forum006]
2016-11-04 04:25:23 DEBUG StatefulPersistenceContext:899 - Initializing non-lazy collections
2016-11-04 04:25:23 DEBUG HibernateTransactionManager:759 - Initiating transaction commit
2016-11-04 04:25:23 DEBUG HibernateTransactionManager:580 - Committing Hibernate transaction on Session [SessionImpl(PersistenceContext[entityKeys=[EntityKey[com.niit.binder.model.Forum#forum004], EntityKey[com.niit.binder.model.Forum#forum003], EntityKey[com.niit.binder.model.Forum#forum002], EntityKey[com.niit.binder.model.Forum#forum001], EntityKey[com.niit.binder.model.Forum#forum006], EntityKey[com.niit.binder.model.Forum#forum005]],collectionKeys=[]];ActionQueue[insertions=[] updates=[] deletions=[] collectionCreations=[] collectionRemovals=[] collectionUpdates=[]])]
2016-11-04 04:25:23 DEBUG AbstractTransactionImpl:173 - committing
2016-11-04 04:25:23 DEBUG AbstractFlushingEventListener:143 - Processing flush-time cascades
2016-11-04 04:25:23 DEBUG AbstractFlushingEventListener:183 - Dirty checking collections
2016-11-04 04:25:23 DEBUG AbstractFlushingEventListener:117 - Flushed: 0 insertions, 0 updates, 0 deletions to 6 objects
2016-11-04 04:25:23 DEBUG AbstractFlushingEventListener:124 - Flushed: 0 (re)creations, 0 updates, 0 removals to 0 collections
2016-11-04 04:25:23 DEBUG EntityPrinter:114 - Listing entities:
2016-11-04 04:25:23 DEBUG EntityPrinter:121 - com.niit.binder.model.Forum{description=Lorem ipsum dolor sit amet, consectetur adipiscing elit, sed do eiusmod tempor incididunt ut labore et dolore magna aliqua. Ut enim ad minim veniam, quis nostrud exercitation ullamco laboris nisi ut aliquip ex ea commodo consequat. Duis aute irure dolor in reprehenderit in voluptate velit esse cillum dolore eu fugiat nulla pariatur. Excepteur sint occaecat cupidatat non proident, sunt in culpa qui officia deserunt mollit anim id est laborum., postDate=2016-10-21 00:00:00.0, id=forum004, userId=sudip001}
2016-11-04 04:25:23 DEBUG EntityPrinter:121 - com.niit.binder.model.Forum{description=Lorem ipsum dolor sit amet, consectetur adipiscing elit, sed do eiusmod tempor incididunt ut labore et dolore magna aliqua. Ut enim ad minim veniam, quis nostrud exercitation ullamco laboris nisi ut aliquip ex ea commodo consequat. Duis aute irure dolor in reprehenderit in voluptate velit esse cillum dolore eu fugiat nulla pariatur. Excepteur sint occaecat cupidatat non proident, sunt in culpa qui officia deserunt mollit anim id est laborum., postDate=2016-10-21 23:57:34.0, id=forum003, userId=sovan001}
2016-11-04 04:25:23 DEBUG EntityPrinter:121 - com.niit.binder.model.Forum{description=Lorem ipsum dolor sit amet, consectetur adipiscing elit, sed do eiusmod tempor incididunt ut labore et dolore magna aliqua. Ut enim ad minim veniam, quis nostrud exercitation ullamco laboris nisi ut aliquip ex ea commodo consequat. Duis aute irure dolor in reprehenderit in voluptate velit esse cillum dolore eu fugiat nulla pariatur. Excepteur sint occaecat cupidatat non proident, sunt in culpa qui officia deserunt mollit anim id est laborum., postDate=2016-10-22 23:56:59.0, id=forum002, userId=sudipta001}
2016-11-04 04:25:23 DEBUG EntityPrinter:121 - com.niit.binder.model.Forum{description=Lorem ipsum dolor sit amet, consectetur adipiscing elit, sed do eiusmod tempor incididunt ut labore et dolore magna aliqua. Ut enim ad minim veniam, quis nostrud exercitation ullamco laboris nisi ut aliquip ex ea commodo consequat. Duis aute irure dolor in reprehenderit in voluptate velit esse cillum dolore eu fugiat nulla pariatur. Excepteur sint occaecat cupidatat non proident, sunt in culpa qui officia deserunt mollit anim id est laborum., postDate=2016-10-23 00:00:00.0, id=forum001, userId=sovan001}
2016-11-04 04:25:23 DEBUG EntityPrinter:121 - com.niit.binder.model.Forum{description=Lorem ipsum dolor sit amet, consectetur adipiscing elit, sed do eiusmod tempor incididunt ut labore et dolore magna aliqua. Ut enim ad minim veniam, quis nostrud exercitation ullamco laboris nisi ut aliquip ex ea commodo consequat. Duis aute irure dolor in reprehenderit in voluptate velit esse cillum dolore eu fugiat nulla pariatur. Excepteur sint occaecat cupidatat non proident, sunt in culpa qui officia deserunt mollit anim id est laborum., postDate=2016-10-21 00:00:00.0, id=forum006, userId=shilpi001}
2016-11-04 04:25:23 DEBUG EntityPrinter:121 - com.niit.binder.model.Forum{description=Lorem ipsum dolor sit amet, consectetur adipiscing elit, sed do eiusmod tempor incididunt ut labore et dolore magna aliqua. Ut enim ad minim veniam, quis nostrud exercitation ullamco laboris nisi ut aliquip ex ea commodo consequat. Duis aute irure dolor in reprehenderit in voluptate velit esse cillum dolore eu fugiat nulla pariatur. Excepteur sint occaecat cupidatat non proident, sunt in culpa qui officia deserunt mollit anim id est laborum., postDate=2016-10-23 00:00:00.0, id=forum005, userId=shamik001}
2016-11-04 04:25:23 DEBUG JdbcTransaction:113 - committed JDBC Connection
2016-11-04 04:25:23 DEBUG JdbcTransaction:126 - re-enabling autocommit
2016-11-04 04:25:23 DEBUG HibernateTransactionManager:669 - Closing Hibernate Session [SessionImpl(PersistenceContext[entityKeys=[EntityKey[com.niit.binder.model.Forum#forum004], EntityKey[com.niit.binder.model.Forum#forum003], EntityKey[com.niit.binder.model.Forum#forum002], EntityKey[com.niit.binder.model.Forum#forum001], EntityKey[com.niit.binder.model.Forum#forum006], EntityKey[com.niit.binder.model.Forum#forum005]],collectionKeys=[]];ActionQueue[insertions=[] updates=[] deletions=[] collectionCreations=[] collectionRemovals=[] collectionUpdates=[]])] after transaction
2016-11-04 04:25:23 DEBUG LogicalConnectionImpl:314 - Releasing JDBC connection
2016-11-04 04:25:23 DEBUG LogicalConnectionImpl:332 - Released JDBC connection
2016-11-04 04:25:23 DEBUG ConnectionProxyHandler:219 - HHH000163: Logical connection releasing its physical connection
2016-11-04 04:25:23 DEBUG ConnectionProxyHandler:219 - HHH000163: Logical connection releasing its physical connection
2016-11-04 04:25:23 DEBUG ConnectionProxyHandler:219 - HHH000163: Logical connection releasing its physical connection
2016-11-04 04:25:23 DEBUG ConnectionProxyHandler:219 - HHH000163: Logical connection releasing its physical connection
</system-out>
  </testcase>
</testsuite>